02-Apr-2019 15:38:18.618 INFO [main] org.apache.catalina.startup.VersionLoggerListener.log Server version:        Apache Tomcat/8.5.11
02-Apr-2019 15:38:18.620 INFO [main] org.apache.catalina.startup.VersionLoggerListener.log Server built:          Jan 10 2017 21:02:52 UTC
02-Apr-2019 15:38:18.620 INFO [main] org.apache.catalina.startup.VersionLoggerListener.log Server number:         8.5.11.0
02-Apr-2019 15:38:18.620 INFO [main] org.apache.catalina.startup.VersionLoggerListener.log OS Name:               Linux
02-Apr-2019 15:38:18.620 INFO [main] org.apache.catalina.startup.VersionLoggerListener.log OS Version:            3.10.0-957.5.1.el7.x86_64
02-Apr-2019 15:38:18.620 INFO [main] org.apache.catalina.startup.VersionLoggerListener.log Architecture:          amd64
02-Apr-2019 15:38:18.620 INFO [main] org.apache.catalina.startup.VersionLoggerListener.log Java Home:             /usr/java/jdk1.8.0_92/jre
02-Apr-2019 15:38:18.620 INFO [main] org.apache.catalina.startup.VersionLoggerListener.log JVM Version:           1.8.0_92-b14
02-Apr-2019 15:38:18.620 INFO [main] org.apache.catalina.startup.VersionLoggerListener.log JVM Vendor:            Oracle Corporation
02-Apr-2019 15:38:18.621 INFO [main] org.apache.catalina.startup.VersionLoggerListener.log CATALINA_BASE:         /user/6/.base/yoeungm/home/ensimag_2/web/apache-tomcat-8.5.11
02-Apr-2019 15:38:18.621 INFO [main] org.apache.catalina.startup.VersionLoggerListener.log CATALINA_HOME:         /user/6/.base/yoeungm/home/ensimag_2/web/apache-tomcat-8.5.11
02-Apr-2019 15:38:18.621 INFO [main] org.apache.catalina.startup.VersionLoggerListener.log Command line argument: -Djava.util.logging.config.file=/user/6/.base/yoeungm/home/ensimag_2/web/apache-tomcat-8.5.11/conf/logging.properties
02-Apr-2019 15:38:18.621 INFO [main] org.apache.catalina.startup.VersionLoggerListener.log Command line argument: -Djava.util.logging.manager=org.apache.juli.ClassLoaderLogManager
02-Apr-2019 15:38:18.621 INFO [main] org.apache.catalina.startup.VersionLoggerListener.log Command line argument: -Dhttp.nonProxyHosts=localhost|127.0.0.1|ensipc284
02-Apr-2019 15:38:18.621 INFO [main] org.apache.catalina.startup.VersionLoggerListener.log Command line argument: -Djdk.tls.ephemeralDHKeySize=2048
02-Apr-2019 15:38:18.621 INFO [main] org.apache.catalina.startup.VersionLoggerListener.log Command line argument: -Djava.protocol.handler.pkgs=org.apache.catalina.webresources
02-Apr-2019 15:38:18.621 INFO [main] org.apache.catalina.startup.VersionLoggerListener.log Command line argument: -Dcatalina.base=/user/6/.base/yoeungm/home/ensimag_2/web/apache-tomcat-8.5.11
02-Apr-2019 15:38:18.621 INFO [main] org.apache.catalina.startup.VersionLoggerListener.log Command line argument: -Dcatalina.home=/user/6/.base/yoeungm/home/ensimag_2/web/apache-tomcat-8.5.11
02-Apr-2019 15:38:18.621 INFO [main] org.apache.catalina.startup.VersionLoggerListener.log Command line argument: -Djava.io.tmpdir=/user/6/.base/yoeungm/home/ensimag_2/web/apache-tomcat-8.5.11/temp
02-Apr-2019 15:38:18.621 INFO [main] org.apache.catalina.core.AprLifecycleListener.lifecycleEvent The APR based Apache Tomcat Native library which allows optimal performance in production environments was not found on the java.library.path: /usr/java/latest/jre/lib/amd64:/usr/java/latest/jre/lib/i386:/usr/local/lib:/usr/lib64/nvidia:/usr/lib64/openmpi/lib:/usr/local/lib:/opt/rh/llvm-toolset-7/root/usr/lib64:/opt/rh/devtoolset-8/root/usr/lib64:/opt/rh/devtoolset-8/root/usr/lib:/opt/rh/devtoolset-8/root/usr/lib64/dyninst:/opt/rh/devtoolset-8/root/usr/lib/dyninst:/opt/rh/devtoolset-8/root/usr/lib64:/opt/rh/devtoolset-8/root/usr/lib:/usr/lib64/nvidia:/usr/lib64/openmpi/lib::/opt/oracle/lib:/opt/oracle:/usr/lib64/qt48/lib:/opt/oracle/lib:/opt/oracle:/usr/lib64/qt48/lib:/usr/java/packages/lib/amd64:/usr/lib64:/lib64:/lib:/usr/lib
02-Apr-2019 15:38:18.724 INFO [main] org.apache.coyote.AbstractProtocol.init Initializing ProtocolHandler ["http-nio-8080"]
02-Apr-2019 15:38:18.735 INFO [main] org.apache.tomcat.util.net.NioSelectorPool.getSharedSelector Using a shared selector for servlet write/read
02-Apr-2019 15:38:18.737 INFO [main] org.apache.coyote.AbstractProtocol.init Initializing ProtocolHandler ["ajp-nio-8009"]
02-Apr-2019 15:38:18.738 INFO [main] org.apache.tomcat.util.net.NioSelectorPool.getSharedSelector Using a shared selector for servlet write/read
02-Apr-2019 15:38:18.738 INFO [main] org.apache.catalina.startup.Catalina.load Initialization processed in 431 ms
02-Apr-2019 15:38:18.773 INFO [main] org.apache.catalina.core.StandardService.startInternal Starting service Catalina
02-Apr-2019 15:38:18.773 INFO [main] org.apache.catalina.core.StandardEngine.startInternal Starting Servlet Engine: Apache Tomcat/8.5.11
02-Apr-2019 15:38:18.781 INFO [localhost-startStop-1] org.apache.catalina.startup.HostConfig.deployDescriptor Deploying configuration descriptor /user/6/.base/yoeungm/home/ensimag_2/web/apache-tomcat-8.5.11/conf/Catalina/localhost/mavenproject1.xml
02-Apr-2019 15:38:18.810 WARNING [localhost-startStop-1] org.apache.catalina.startup.SetContextPropertiesRule.begin [SetContextPropertiesRule]{Context} Setting property 'antiJARLocking' to 'true' did not find a matching property.
02-Apr-2019 15:38:19.300 INFO [localhost-startStop-1] org.apache.jasper.servlet.TldScanner.scanJars At least one JAR was scanned for TLDs yet contained no TLDs. Enable debug logging for this logger for a complete list of JARs that were scanned but no TLDs were found in them. Skipping unneeded JARs during scanning can improve startup time and JSP compilation time.
02-Apr-2019 15:38:19.335 INFO [localhost-startStop-1] org.apache.catalina.startup.HostConfig.deployDescriptor Deployment of configuration descriptor /user/6/.base/yoeungm/home/ensimag_2/web/apache-tomcat-8.5.11/conf/Catalina/localhost/mavenproject1.xml has finished in 554 ms
02-Apr-2019 15:38:19.336 INFO [localhost-startStop-1] org.apache.catalina.startup.HostConfig.deployDescriptor Deploying configuration descriptor /user/6/.base/yoeungm/home/ensimag_2/web/apache-tomcat-8.5.11/conf/Catalina/localhost/mavenproject2.xml
02-Apr-2019 15:38:19.341 WARNING [localhost-startStop-1] org.apache.catalina.startup.SetContextPropertiesRule.begin [SetContextPropertiesRule]{Context} Setting property 'antiJARLocking' to 'true' did not find a matching property.
02-Apr-2019 15:38:19.342 SEVERE [localhost-startStop-1] org.apache.catalina.core.ContainerBase.addChildInternal ContainerBase.addChild: start: 
 org.apache.catalina.LifecycleException: Failed to start component [StandardEngine[Catalina].StandardHost[localhost].StandardContext[/mavenproject2]]
	at org.apache.catalina.util.LifecycleBase.start(LifecycleBase.java:167)
	at org.apache.catalina.core.ContainerBase.addChildInternal(ContainerBase.java:752)
	at org.apache.catalina.core.ContainerBase.addChild(ContainerBase.java:728)
	at org.apache.catalina.core.StandardHost.addChild(StandardHost.java:734)
	at org.apache.catalina.startup.HostConfig.deployDescriptor(HostConfig.java:596)
	at org.apache.catalina.startup.HostConfig$DeployDescriptor.run(HostConfig.java:1805)
	at java.util.concurrent.Executors$RunnableAdapter.call(Executors.java:511)
	at java.util.concurrent.FutureTask.run(FutureTask.java:266)
	at java.util.concurrent.ThreadPoolExecutor.runWorker(ThreadPoolExecutor.java:1142)
	at java.util.concurrent.ThreadPoolExecutor$Worker.run(ThreadPoolExecutor.java:617)
	at java.lang.Thread.run(Thread.java:745)
Caused by: org.apache.catalina.LifecycleException: Failed to start component [org.apache.catalina.webresources.StandardRoot@9c23076]
	at org.apache.catalina.util.LifecycleBase.start(LifecycleBase.java:167)
	at org.apache.catalina.core.StandardContext.resourcesStart(StandardContext.java:4842)
	at org.apache.catalina.core.StandardContext.startInternal(StandardContext.java:4974)
	at org.apache.catalina.util.LifecycleBase.start(LifecycleBase.java:150)
	... 10 more
Caused by: java.lang.IllegalArgumentException: The main resource set specified [/user/6/.base/yoeungm/home/ensimag_2/web/acol_web/mavenproject2/target/mavenproject2-1.0-SNAPSHOT] is not valid
	at org.apache.catalina.webresources.StandardRoot.createMainResourceSet(StandardRoot.java:732)
	at org.apache.catalina.webresources.StandardRoot.startInternal(StandardRoot.java:690)
	at org.apache.catalina.util.LifecycleBase.start(LifecycleBase.java:150)
	... 13 more

02-Apr-2019 15:38:19.343 SEVERE [localhost-startStop-1] org.apache.catalina.startup.HostConfig.deployDescriptor Error deploying configuration descriptor /user/6/.base/yoeungm/home/ensimag_2/web/apache-tomcat-8.5.11/conf/Catalina/localhost/mavenproject2.xml
 java.lang.IllegalStateException: ContainerBase.addChild: start: org.apache.catalina.LifecycleException: Failed to start component [StandardEngine[Catalina].StandardHost[localhost].StandardContext[/mavenproject2]]
	at org.apache.catalina.core.ContainerBase.addChildInternal(ContainerBase.java:756)
	at org.apache.catalina.core.ContainerBase.addChild(ContainerBase.java:728)
	at org.apache.catalina.core.StandardHost.addChild(StandardHost.java:734)
	at org.apache.catalina.startup.HostConfig.deployDescriptor(HostConfig.java:596)
	at org.apache.catalina.startup.HostConfig$DeployDescriptor.run(HostConfig.java:1805)
	at java.util.concurrent.Executors$RunnableAdapter.call(Executors.java:511)
	at java.util.concurrent.FutureTask.run(FutureTask.java:266)
	at java.util.concurrent.ThreadPoolExecutor.runWorker(ThreadPoolExecutor.java:1142)
	at java.util.concurrent.ThreadPoolExecutor$Worker.run(ThreadPoolExecutor.java:617)
	at java.lang.Thread.run(Thread.java:745)

02-Apr-2019 15:38:19.344 INFO [localhost-startStop-1] org.apache.catalina.startup.HostConfig.deployDescriptor Deployment of configuration descriptor /user/6/.base/yoeungm/home/ensimag_2/web/apache-tomcat-8.5.11/conf/Catalina/localhost/mavenproject2.xml has finished in 8 ms
02-Apr-2019 15:38:19.344 INFO [localhost-startStop-1] org.apache.catalina.startup.HostConfig.deployDescriptor Deploying configuration descriptor /user/6/.base/yoeungm/home/ensimag_2/web/apache-tomcat-8.5.11/conf/Catalina/localhost/app.xml
02-Apr-2019 15:38:19.348 WARNING [localhost-startStop-1] org.apache.catalina.startup.SetContextPropertiesRule.begin [SetContextPropertiesRule]{Context} Setting property 'antiJARLocking' to 'true' did not find a matching property.
02-Apr-2019 15:38:19.675 INFO [localhost-startStop-1] org.apache.jasper.servlet.TldScanner.scanJars At least one JAR was scanned for TLDs yet contained no TLDs. Enable debug logging for this logger for a complete list of JARs that were scanned but no TLDs were found in them. Skipping unneeded JARs during scanning can improve startup time and JSP compilation time.
02-Apr-2019 15:38:19.683 INFO [localhost-startStop-1] org.apache.catalina.startup.HostConfig.deployDescriptor Deployment of configuration descriptor /user/6/.base/yoeungm/home/ensimag_2/web/apache-tomcat-8.5.11/conf/Catalina/localhost/app.xml has finished in 339 ms
02-Apr-2019 15:38:19.683 INFO [localhost-startStop-1] org.apache.catalina.startup.HostConfig.deployDescriptor Deploying configuration descriptor /user/6/.base/yoeungm/home/ensimag_2/web/apache-tomcat-8.5.11/conf/Catalina/localhost/stories.xml
02-Apr-2019 15:38:19.688 WARNING [localhost-startStop-1] org.apache.catalina.startup.SetContextPropertiesRule.begin [SetContextPropertiesRule]{Context} Setting property 'antiJARLocking' to 'true' did not find a matching property.
02-Apr-2019 15:38:19.902 INFO [localhost-startStop-1] org.apache.tomcat.dbcp.dbcp2.BasicDataSourceFactory.getObjectInstance Name = bibliography Ignoring unknown property: value of "" for "description" property
02-Apr-2019 15:38:19.902 INFO [localhost-startStop-1] org.apache.tomcat.dbcp.dbcp2.BasicDataSourceFactory.getObjectInstance Name = bibliography Ignoring unknown property: value of "" for "mappedName" property
02-Apr-2019 15:38:19.947 INFO [localhost-startStop-1] org.apache.jasper.servlet.TldScanner.scanJars At least one JAR was scanned for TLDs yet contained no TLDs. Enable debug logging for this logger for a complete list of JARs that were scanned but no TLDs were found in them. Skipping unneeded JARs during scanning can improve startup time and JSP compilation time.
02-Apr-2019 15:38:19.970 INFO [localhost-startStop-1] org.apache.catalina.startup.HostConfig.deployDescriptor Deployment of configuration descriptor /user/6/.base/yoeungm/home/ensimag_2/web/apache-tomcat-8.5.11/conf/Catalina/localhost/stories.xml has finished in 287 ms
02-Apr-2019 15:38:19.971 INFO [localhost-startStop-1] org.apache.catalina.startup.HostConfig.deployDirectory Deploying web application directory /user/6/.base/yoeungm/home/ensimag_2/web/apache-tomcat-8.5.11/webapps/host-manager
02-Apr-2019 15:38:20.192 INFO [localhost-startStop-1] org.apache.jasper.servlet.TldScanner.scanJars At least one JAR was scanned for TLDs yet contained no TLDs. Enable debug logging for this logger for a complete list of JARs that were scanned but no TLDs were found in them. Skipping unneeded JARs during scanning can improve startup time and JSP compilation time.
02-Apr-2019 15:38:20.196 INFO [localhost-startStop-1] org.apache.catalina.startup.HostConfig.deployDirectory Deployment of web application directory /user/6/.base/yoeungm/home/ensimag_2/web/apache-tomcat-8.5.11/webapps/host-manager has finished in 225 ms
02-Apr-2019 15:38:20.196 INFO [localhost-startStop-1] org.apache.catalina.startup.HostConfig.deployDirectory Deploying web application directory /user/6/.base/yoeungm/home/ensimag_2/web/apache-tomcat-8.5.11/webapps/examples
02-Apr-2019 15:38:21.018 INFO [localhost-startStop-1] org.apache.jasper.servlet.TldScanner.scanJars At least one JAR was scanned for TLDs yet contained no TLDs. Enable debug logging for this logger for a complete list of JARs that were scanned but no TLDs were found in them. Skipping unneeded JARs during scanning can improve startup time and JSP compilation time.
02-Apr-2019 15:38:21.049 INFO [localhost-startStop-1] org.apache.catalina.startup.HostConfig.deployDirectory Deployment of web application directory /user/6/.base/yoeungm/home/ensimag_2/web/apache-tomcat-8.5.11/webapps/examples has finished in 853 ms
02-Apr-2019 15:38:21.050 INFO [localhost-startStop-1] org.apache.catalina.startup.HostConfig.deployDirectory Deploying web application directory /user/6/.base/yoeungm/home/ensimag_2/web/apache-tomcat-8.5.11/webapps/manager
02-Apr-2019 15:38:21.243 INFO [localhost-startStop-1] org.apache.jasper.servlet.TldScanner.scanJars At least one JAR was scanned for TLDs yet contained no TLDs. Enable debug logging for this logger for a complete list of JARs that were scanned but no TLDs were found in them. Skipping unneeded JARs during scanning can improve startup time and JSP compilation time.
02-Apr-2019 15:38:21.245 INFO [localhost-startStop-1] org.apache.catalina.startup.HostConfig.deployDirectory Deployment of web application directory /user/6/.base/yoeungm/home/ensimag_2/web/apache-tomcat-8.5.11/webapps/manager has finished in 195 ms
02-Apr-2019 15:38:21.245 INFO [localhost-startStop-1] org.apache.catalina.startup.HostConfig.deployDirectory Deploying web application directory /user/6/.base/yoeungm/home/ensimag_2/web/apache-tomcat-8.5.11/webapps/docs
02-Apr-2019 15:38:21.444 INFO [localhost-startStop-1] org.apache.jasper.servlet.TldScanner.scanJars At least one JAR was scanned for TLDs yet contained no TLDs. Enable debug logging for this logger for a complete list of JARs that were scanned but no TLDs were found in them. Skipping unneeded JARs during scanning can improve startup time and JSP compilation time.
02-Apr-2019 15:38:21.446 INFO [localhost-startStop-1] org.apache.catalina.startup.HostConfig.deployDirectory Deployment of web application directory /user/6/.base/yoeungm/home/ensimag_2/web/apache-tomcat-8.5.11/webapps/docs has finished in 201 ms
02-Apr-2019 15:38:21.447 INFO [localhost-startStop-1] org.apache.catalina.startup.HostConfig.deployDirectory Deploying web application directory /user/6/.base/yoeungm/home/ensimag_2/web/apache-tomcat-8.5.11/webapps/ROOT
02-Apr-2019 15:38:21.625 INFO [localhost-startStop-1] org.apache.jasper.servlet.TldScanner.scanJars At least one JAR was scanned for TLDs yet contained no TLDs. Enable debug logging for this logger for a complete list of JARs that were scanned but no TLDs were found in them. Skipping unneeded JARs during scanning can improve startup time and JSP compilation time.
02-Apr-2019 15:38:21.627 INFO [localhost-startStop-1] org.apache.catalina.startup.HostConfig.deployDirectory Deployment of web application directory /user/6/.base/yoeungm/home/ensimag_2/web/apache-tomcat-8.5.11/webapps/ROOT has finished in 180 ms
02-Apr-2019 15:38:21.629 INFO [main] org.apache.coyote.AbstractProtocol.start Starting ProtocolHandler [http-nio-8080]
02-Apr-2019 15:38:21.632 INFO [main] org.apache.coyote.AbstractProtocol.start Starting ProtocolHandler [ajp-nio-8009]
02-Apr-2019 15:38:21.643 INFO [main] org.apache.catalina.startup.Catalina.start Server startup in 2905 ms
02-Apr-2019 15:38:24.703 INFO [http-nio-8080-exec-3] org.apache.catalina.startup.HostConfig.undeploy Undeploying context [/app]
02-Apr-2019 15:38:24.738 INFO [http-nio-8080-exec-1] org.apache.catalina.startup.HostConfig.deployDescriptor Deploying configuration descriptor /user/6/.base/yoeungm/home/ensimag_2/web/apache-tomcat-8.5.11/conf/Catalina/localhost/app.xml
02-Apr-2019 15:38:24.745 WARNING [http-nio-8080-exec-1] org.apache.catalina.startup.SetContextPropertiesRule.begin [SetContextPropertiesRule]{Context} Setting property 'antiJARLocking' to 'true' did not find a matching property.
02-Apr-2019 15:38:24.993 INFO [http-nio-8080-exec-1] org.apache.jasper.servlet.TldScanner.scanJars At least one JAR was scanned for TLDs yet contained no TLDs. Enable debug logging for this logger for a complete list of JARs that were scanned but no TLDs were found in them. Skipping unneeded JARs during scanning can improve startup time and JSP compilation time.
02-Apr-2019 15:38:25.000 INFO [http-nio-8080-exec-1] org.apache.catalina.startup.HostConfig.deployDescriptor Deployment of configuration descriptor /user/6/.base/yoeungm/home/ensimag_2/web/apache-tomcat-8.5.11/conf/Catalina/localhost/app.xml has finished in 262 ms
02-Apr-2019 15:38:25.006 INFO [http-nio-8080-exec-8] org.apache.catalina.util.LifecycleBase.start The start() method was called on component [StandardEngine[Catalina].StandardHost[localhost].StandardContext[/app]] after start() had already been called. The second call will be ignored.
02-Apr-2019 15:41:13.135 INFO [http-nio-8080-exec-11] org.apache.catalina.core.StandardContext.reload Reloading Context with name [/stories] has started
02-Apr-2019 15:41:13.396 INFO [http-nio-8080-exec-11] org.apache.jasper.servlet.TldScanner.scanJars At least one JAR was scanned for TLDs yet contained no TLDs. Enable debug logging for this logger for a complete list of JARs that were scanned but no TLDs were found in them. Skipping unneeded JARs during scanning can improve startup time and JSP compilation time.
02-Apr-2019 15:41:13.401 INFO [http-nio-8080-exec-11] org.apache.catalina.core.StandardContext.reload Reloading Context with name [/stories] is completed
02-Apr-2019 15:41:41.607 INFO [Thread-5] org.apache.coyote.AbstractProtocol.pause Pausing ProtocolHandler ["http-nio-8080"]
02-Apr-2019 15:41:41.661 INFO [Thread-5] org.apache.coyote.AbstractProtocol.pause Pausing ProtocolHandler ["ajp-nio-8009"]
02-Apr-2019 15:41:41.712 INFO [Thread-5] org.apache.catalina.core.StandardService.stopInternal Stopping service Catalina
02-Apr-2019 15:41:41.758 INFO [Thread-5] org.apache.coyote.AbstractProtocol.stop Stopping ProtocolHandler ["http-nio-8080"]
02-Apr-2019 15:41:41.760 INFO [Thread-5] org.apache.coyote.AbstractProtocol.stop Stopping ProtocolHandler ["ajp-nio-8009"]
02-Apr-2019 15:41:41.761 INFO [Thread-5] org.apache.coyote.AbstractProtocol.destroy Destroying ProtocolHandler ["http-nio-8080"]
02-Apr-2019 15:41:41.761 INFO [Thread-5] org.apache.coyote.AbstractProtocol.destroy Destroying ProtocolHandler ["ajp-nio-8009"]
02-Apr-2019 15:42:57.624 INFO [main] org.apache.catalina.startup.VersionLoggerListener.log Server version:        Apache Tomcat/8.5.11
02-Apr-2019 15:42:57.626 INFO [main] org.apache.catalina.startup.VersionLoggerListener.log Server built:          Jan 10 2017 21:02:52 UTC
02-Apr-2019 15:42:57.626 INFO [main] org.apache.catalina.startup.VersionLoggerListener.log Server number:         8.5.11.0
02-Apr-2019 15:42:57.626 INFO [main] org.apache.catalina.startup.VersionLoggerListener.log OS Name:               Linux
02-Apr-2019 15:42:57.626 INFO [main] org.apache.catalina.startup.VersionLoggerListener.log OS Version:            3.10.0-957.5.1.el7.x86_64
02-Apr-2019 15:42:57.626 INFO [main] org.apache.catalina.startup.VersionLoggerListener.log Architecture:          amd64
02-Apr-2019 15:42:57.626 INFO [main] org.apache.catalina.startup.VersionLoggerListener.log Java Home:             /usr/java/jdk1.8.0_92/jre
02-Apr-2019 15:42:57.626 INFO [main] org.apache.catalina.startup.VersionLoggerListener.log JVM Version:           1.8.0_92-b14
02-Apr-2019 15:42:57.626 INFO [main] org.apache.catalina.startup.VersionLoggerListener.log JVM Vendor:            Oracle Corporation
02-Apr-2019 15:42:57.626 INFO [main] org.apache.catalina.startup.VersionLoggerListener.log CATALINA_BASE:         /user/6/.base/yoeungm/home/ensimag_2/web/apache-tomcat-8.5.11
02-Apr-2019 15:42:57.626 INFO [main] org.apache.catalina.startup.VersionLoggerListener.log CATALINA_HOME:         /user/6/.base/yoeungm/home/ensimag_2/web/apache-tomcat-8.5.11
02-Apr-2019 15:42:57.627 INFO [main] org.apache.catalina.startup.VersionLoggerListener.log Command line argument: -Djava.util.logging.config.file=/user/6/.base/yoeungm/home/ensimag_2/web/apache-tomcat-8.5.11/conf/logging.properties
02-Apr-2019 15:42:57.627 INFO [main] org.apache.catalina.startup.VersionLoggerListener.log Command line argument: -Djava.util.logging.manager=org.apache.juli.ClassLoaderLogManager
02-Apr-2019 15:42:57.627 INFO [main] org.apache.catalina.startup.VersionLoggerListener.log Command line argument: -Dhttp.nonProxyHosts=localhost|127.0.0.1|ensipc284
02-Apr-2019 15:42:57.627 INFO [main] org.apache.catalina.startup.VersionLoggerListener.log Command line argument: -Djdk.tls.ephemeralDHKeySize=2048
02-Apr-2019 15:42:57.627 INFO [main] org.apache.catalina.startup.VersionLoggerListener.log Command line argument: -Djava.protocol.handler.pkgs=org.apache.catalina.webresources
02-Apr-2019 15:42:57.627 INFO [main] org.apache.catalina.startup.VersionLoggerListener.log Command line argument: -Dcatalina.base=/user/6/.base/yoeungm/home/ensimag_2/web/apache-tomcat-8.5.11
02-Apr-2019 15:42:57.627 INFO [main] org.apache.catalina.startup.VersionLoggerListener.log Command line argument: -Dcatalina.home=/user/6/.base/yoeungm/home/ensimag_2/web/apache-tomcat-8.5.11
02-Apr-2019 15:42:57.627 INFO [main] org.apache.catalina.startup.VersionLoggerListener.log Command line argument: -Djava.io.tmpdir=/user/6/.base/yoeungm/home/ensimag_2/web/apache-tomcat-8.5.11/temp
02-Apr-2019 15:42:57.628 INFO [main] org.apache.catalina.core.AprLifecycleListener.lifecycleEvent The APR based Apache Tomcat Native library which allows optimal performance in production environments was not found on the java.library.path: /usr/java/latest/jre/lib/amd64:/usr/java/latest/jre/lib/i386:/usr/local/lib:/usr/lib64/nvidia:/usr/lib64/openmpi/lib:/usr/local/lib:/opt/rh/llvm-toolset-7/root/usr/lib64:/opt/rh/devtoolset-8/root/usr/lib64:/opt/rh/devtoolset-8/root/usr/lib:/opt/rh/devtoolset-8/root/usr/lib64/dyninst:/opt/rh/devtoolset-8/root/usr/lib/dyninst:/opt/rh/devtoolset-8/root/usr/lib64:/opt/rh/devtoolset-8/root/usr/lib:/usr/lib64/nvidia:/usr/lib64/openmpi/lib::/opt/oracle/lib:/opt/oracle:/usr/lib64/qt48/lib:/opt/oracle/lib:/opt/oracle:/usr/lib64/qt48/lib:/usr/java/packages/lib/amd64:/usr/lib64:/lib64:/lib:/usr/lib
02-Apr-2019 15:42:57.779 INFO [main] org.apache.coyote.AbstractProtocol.init Initializing ProtocolHandler ["http-nio-8080"]
02-Apr-2019 15:42:57.823 INFO [main] org.apache.tomcat.util.net.NioSelectorPool.getSharedSelector Using a shared selector for servlet write/read
02-Apr-2019 15:42:57.830 INFO [main] org.apache.coyote.AbstractProtocol.init Initializing ProtocolHandler ["ajp-nio-8009"]
02-Apr-2019 15:42:57.835 INFO [main] org.apache.tomcat.util.net.NioSelectorPool.getSharedSelector Using a shared selector for servlet write/read
02-Apr-2019 15:42:57.837 INFO [main] org.apache.catalina.startup.Catalina.load Initialization processed in 904 ms
02-Apr-2019 15:42:57.872 INFO [main] org.apache.catalina.core.StandardService.startInternal Starting service Catalina
02-Apr-2019 15:42:57.872 INFO [main] org.apache.catalina.core.StandardEngine.startInternal Starting Servlet Engine: Apache Tomcat/8.5.11
02-Apr-2019 15:42:57.881 INFO [localhost-startStop-1] org.apache.catalina.startup.HostConfig.deployDescriptor Deploying configuration descriptor /user/6/.base/yoeungm/home/ensimag_2/web/apache-tomcat-8.5.11/conf/Catalina/localhost/mavenproject1.xml
02-Apr-2019 15:42:57.910 WARNING [localhost-startStop-1] org.apache.catalina.startup.SetContextPropertiesRule.begin [SetContextPropertiesRule]{Context} Setting property 'antiJARLocking' to 'true' did not find a matching property.
02-Apr-2019 15:42:58.705 INFO [localhost-startStop-1] org.apache.jasper.servlet.TldScanner.scanJars At least one JAR was scanned for TLDs yet contained no TLDs. Enable debug logging for this logger for a complete list of JARs that were scanned but no TLDs were found in them. Skipping unneeded JARs during scanning can improve startup time and JSP compilation time.
02-Apr-2019 15:42:58.798 INFO [localhost-startStop-1] org.apache.catalina.startup.HostConfig.deployDescriptor Deployment of configuration descriptor /user/6/.base/yoeungm/home/ensimag_2/web/apache-tomcat-8.5.11/conf/Catalina/localhost/mavenproject1.xml has finished in 915 ms
02-Apr-2019 15:42:58.798 INFO [localhost-startStop-1] org.apache.catalina.startup.HostConfig.deployDescriptor Deploying configuration descriptor /user/6/.base/yoeungm/home/ensimag_2/web/apache-tomcat-8.5.11/conf/Catalina/localhost/mavenproject2.xml
02-Apr-2019 15:42:58.808 WARNING [localhost-startStop-1] org.apache.catalina.startup.SetContextPropertiesRule.begin [SetContextPropertiesRule]{Context} Setting property 'antiJARLocking' to 'true' did not find a matching property.
02-Apr-2019 15:42:58.810 SEVERE [localhost-startStop-1] org.apache.catalina.core.ContainerBase.addChildInternal ContainerBase.addChild: start: 
 org.apache.catalina.LifecycleException: Failed to start component [StandardEngine[Catalina].StandardHost[localhost].StandardContext[/mavenproject2]]
	at org.apache.catalina.util.LifecycleBase.start(LifecycleBase.java:167)
	at org.apache.catalina.core.ContainerBase.addChildInternal(ContainerBase.java:752)
	at org.apache.catalina.core.ContainerBase.addChild(ContainerBase.java:728)
	at org.apache.catalina.core.StandardHost.addChild(StandardHost.java:734)
	at org.apache.catalina.startup.HostConfig.deployDescriptor(HostConfig.java:596)
	at org.apache.catalina.startup.HostConfig$DeployDescriptor.run(HostConfig.java:1805)
	at java.util.concurrent.Executors$RunnableAdapter.call(Executors.java:511)
	at java.util.concurrent.FutureTask.run(FutureTask.java:266)
	at java.util.concurrent.ThreadPoolExecutor.runWorker(ThreadPoolExecutor.java:1142)
	at java.util.concurrent.ThreadPoolExecutor$Worker.run(ThreadPoolExecutor.java:617)
	at java.lang.Thread.run(Thread.java:745)
Caused by: org.apache.catalina.LifecycleException: Failed to start component [org.apache.catalina.webresources.StandardRoot@4b023e17]
	at org.apache.catalina.util.LifecycleBase.start(LifecycleBase.java:167)
	at org.apache.catalina.core.StandardContext.resourcesStart(StandardContext.java:4842)
	at org.apache.catalina.core.StandardContext.startInternal(StandardContext.java:4974)
	at org.apache.catalina.util.LifecycleBase.start(LifecycleBase.java:150)
	... 10 more
Caused by: java.lang.IllegalArgumentException: The main resource set specified [/user/6/.base/yoeungm/home/ensimag_2/web/acol_web/mavenproject2/target/mavenproject2-1.0-SNAPSHOT] is not valid
	at org.apache.catalina.webresources.StandardRoot.createMainResourceSet(StandardRoot.java:732)
	at org.apache.catalina.webresources.StandardRoot.startInternal(StandardRoot.java:690)
	at org.apache.catalina.util.LifecycleBase.start(LifecycleBase.java:150)
	... 13 more

02-Apr-2019 15:42:58.811 SEVERE [localhost-startStop-1] org.apache.catalina.startup.HostConfig.deployDescriptor Error deploying configuration descriptor /user/6/.base/yoeungm/home/ensimag_2/web/apache-tomcat-8.5.11/conf/Catalina/localhost/mavenproject2.xml
 java.lang.IllegalStateException: ContainerBase.addChild: start: org.apache.catalina.LifecycleException: Failed to start component [StandardEngine[Catalina].StandardHost[localhost].StandardContext[/mavenproject2]]
	at org.apache.catalina.core.ContainerBase.addChildInternal(ContainerBase.java:756)
	at org.apache.catalina.core.ContainerBase.addChild(ContainerBase.java:728)
	at org.apache.catalina.core.StandardHost.addChild(StandardHost.java:734)
	at org.apache.catalina.startup.HostConfig.deployDescriptor(HostConfig.java:596)
	at org.apache.catalina.startup.HostConfig$DeployDescriptor.run(HostConfig.java:1805)
	at java.util.concurrent.Executors$RunnableAdapter.call(Executors.java:511)
	at java.util.concurrent.FutureTask.run(FutureTask.java:266)
	at java.util.concurrent.ThreadPoolExecutor.runWorker(ThreadPoolExecutor.java:1142)
	at java.util.concurrent.ThreadPoolExecutor$Worker.run(ThreadPoolExecutor.java:617)
	at java.lang.Thread.run(Thread.java:745)

02-Apr-2019 15:42:58.813 INFO [localhost-startStop-1] org.apache.catalina.startup.HostConfig.deployDescriptor Deployment of configuration descriptor /user/6/.base/yoeungm/home/ensimag_2/web/apache-tomcat-8.5.11/conf/Catalina/localhost/mavenproject2.xml has finished in 14 ms
02-Apr-2019 15:42:58.813 INFO [localhost-startStop-1] org.apache.catalina.startup.HostConfig.deployDescriptor Deploying configuration descriptor /user/6/.base/yoeungm/home/ensimag_2/web/apache-tomcat-8.5.11/conf/Catalina/localhost/app.xml
02-Apr-2019 15:42:58.824 WARNING [localhost-startStop-1] org.apache.catalina.startup.SetContextPropertiesRule.begin [SetContextPropertiesRule]{Context} Setting property 'antiJARLocking' to 'true' did not find a matching property.
02-Apr-2019 15:42:59.479 INFO [localhost-startStop-1] org.apache.jasper.servlet.TldScanner.scanJars At least one JAR was scanned for TLDs yet contained no TLDs. Enable debug logging for this logger for a complete list of JARs that were scanned but no TLDs were found in them. Skipping unneeded JARs during scanning can improve startup time and JSP compilation time.
02-Apr-2019 15:42:59.492 INFO [localhost-startStop-1] org.apache.catalina.startup.HostConfig.deployDescriptor Deployment of configuration descriptor /user/6/.base/yoeungm/home/ensimag_2/web/apache-tomcat-8.5.11/conf/Catalina/localhost/app.xml has finished in 679 ms
02-Apr-2019 15:42:59.492 INFO [localhost-startStop-1] org.apache.catalina.startup.HostConfig.deployDescriptor Deploying configuration descriptor /user/6/.base/yoeungm/home/ensimag_2/web/apache-tomcat-8.5.11/conf/Catalina/localhost/stories.xml
02-Apr-2019 15:42:59.501 WARNING [localhost-startStop-1] org.apache.catalina.startup.SetContextPropertiesRule.begin [SetContextPropertiesRule]{Context} Setting property 'antiJARLocking' to 'true' did not find a matching property.
02-Apr-2019 15:43:00.049 INFO [localhost-startStop-1] org.apache.tomcat.dbcp.dbcp2.BasicDataSourceFactory.getObjectInstance Name = bibliography Ignoring unknown property: value of "" for "description" property
02-Apr-2019 15:43:00.049 INFO [localhost-startStop-1] org.apache.tomcat.dbcp.dbcp2.BasicDataSourceFactory.getObjectInstance Name = bibliography Ignoring unknown property: value of "" for "mappedName" property
02-Apr-2019 15:43:00.183 INFO [localhost-startStop-1] org.apache.jasper.servlet.TldScanner.scanJars At least one JAR was scanned for TLDs yet contained no TLDs. Enable debug logging for this logger for a complete list of JARs that were scanned but no TLDs were found in them. Skipping unneeded JARs during scanning can improve startup time and JSP compilation time.
02-Apr-2019 15:43:00.206 INFO [localhost-startStop-1] org.apache.catalina.startup.HostConfig.deployDescriptor Deployment of configuration descriptor /user/6/.base/yoeungm/home/ensimag_2/web/apache-tomcat-8.5.11/conf/Catalina/localhost/stories.xml has finished in 713 ms
02-Apr-2019 15:43:00.207 INFO [localhost-startStop-1] org.apache.catalina.startup.HostConfig.deployDirectory Deploying web application directory /user/6/.base/yoeungm/home/ensimag_2/web/apache-tomcat-8.5.11/webapps/host-manager
02-Apr-2019 15:43:00.501 INFO [localhost-startStop-1] org.apache.jasper.servlet.TldScanner.scanJars At least one JAR was scanned for TLDs yet contained no TLDs. Enable debug logging for this logger for a complete list of JARs that were scanned but no TLDs were found in them. Skipping unneeded JARs during scanning can improve startup time and JSP compilation time.
02-Apr-2019 15:43:00.518 INFO [localhost-startStop-1] org.apache.catalina.startup.HostConfig.deployDirectory Deployment of web application directory /user/6/.base/yoeungm/home/ensimag_2/web/apache-tomcat-8.5.11/webapps/host-manager has finished in 311 ms
02-Apr-2019 15:43:00.519 INFO [localhost-startStop-1] org.apache.catalina.startup.HostConfig.deployDirectory Deploying web application directory /user/6/.base/yoeungm/home/ensimag_2/web/apache-tomcat-8.5.11/webapps/examples
02-Apr-2019 15:43:01.189 INFO [localhost-startStop-1] org.apache.jasper.servlet.TldScanner.scanJars At least one JAR was scanned for TLDs yet contained no TLDs. Enable debug logging for this logger for a complete list of JARs that were scanned but no TLDs were found in them. Skipping unneeded JARs during scanning can improve startup time and JSP compilation time.
02-Apr-2019 15:43:01.335 INFO [localhost-startStop-1] org.apache.catalina.startup.HostConfig.deployDirectory Deployment of web application directory /user/6/.base/yoeungm/home/ensimag_2/web/apache-tomcat-8.5.11/webapps/examples has finished in 815 ms
02-Apr-2019 15:43:01.335 INFO [localhost-startStop-1] org.apache.catalina.startup.HostConfig.deployDirectory Deploying web application directory /user/6/.base/yoeungm/home/ensimag_2/web/apache-tomcat-8.5.11/webapps/manager
02-Apr-2019 15:43:01.742 INFO [localhost-startStop-1] org.apache.jasper.servlet.TldScanner.scanJars At least one JAR was scanned for TLDs yet contained no TLDs. Enable debug logging for this logger for a complete list of JARs that were scanned but no TLDs were found in them. Skipping unneeded JARs during scanning can improve startup time and JSP compilation time.
02-Apr-2019 15:43:01.987 INFO [localhost-startStop-1] org.apache.catalina.startup.HostConfig.deployDirectory Deployment of web application directory /user/6/.base/yoeungm/home/ensimag_2/web/apache-tomcat-8.5.11/webapps/manager has finished in 652 ms
02-Apr-2019 15:43:01.988 INFO [localhost-startStop-1] org.apache.catalina.startup.HostConfig.deployDirectory Deploying web application directory /user/6/.base/yoeungm/home/ensimag_2/web/apache-tomcat-8.5.11/webapps/docs
02-Apr-2019 15:43:02.243 INFO [localhost-startStop-1] org.apache.jasper.servlet.TldScanner.scanJars At least one JAR was scanned for TLDs yet contained no TLDs. Enable debug logging for this logger for a complete list of JARs that were scanned but no TLDs were found in them. Skipping unneeded JARs during scanning can improve startup time and JSP compilation time.
02-Apr-2019 15:43:02.246 INFO [localhost-startStop-1] org.apache.catalina.startup.HostConfig.deployDirectory Deployment of web application directory /user/6/.base/yoeungm/home/ensimag_2/web/apache-tomcat-8.5.11/webapps/docs has finished in 258 ms
02-Apr-2019 15:43:02.247 INFO [localhost-startStop-1] org.apache.catalina.startup.HostConfig.deployDirectory Deploying web application directory /user/6/.base/yoeungm/home/ensimag_2/web/apache-tomcat-8.5.11/webapps/ROOT
02-Apr-2019 15:43:02.421 INFO [localhost-startStop-1] org.apache.jasper.servlet.TldScanner.scanJars At least one JAR was scanned for TLDs yet contained no TLDs. Enable debug logging for this logger for a complete list of JARs that were scanned but no TLDs were found in them. Skipping unneeded JARs during scanning can improve startup time and JSP compilation time.
02-Apr-2019 15:43:02.434 INFO [localhost-startStop-1] org.apache.catalina.startup.HostConfig.deployDirectory Deployment of web application directory /user/6/.base/yoeungm/home/ensimag_2/web/apache-tomcat-8.5.11/webapps/ROOT has finished in 187 ms
02-Apr-2019 15:43:02.450 INFO [main] org.apache.coyote.AbstractProtocol.start Starting ProtocolHandler [http-nio-8080]
02-Apr-2019 15:43:02.477 INFO [main] org.apache.coyote.AbstractProtocol.start Starting ProtocolHandler [ajp-nio-8009]
02-Apr-2019 15:43:02.517 INFO [main] org.apache.catalina.startup.Catalina.start Server startup in 4680 ms
02-Apr-2019 15:43:29.216 INFO [http-nio-8080-exec-10] org.apache.catalina.startup.HostConfig.undeploy Undeploying context [/app]
02-Apr-2019 15:43:29.258 INFO [http-nio-8080-exec-1] org.apache.catalina.startup.HostConfig.deployDescriptor Deploying configuration descriptor /user/6/.base/yoeungm/home/ensimag_2/web/apache-tomcat-8.5.11/conf/Catalina/localhost/app.xml
02-Apr-2019 15:43:29.262 WARNING [http-nio-8080-exec-1] org.apache.catalina.startup.SetContextPropertiesRule.begin [SetContextPropertiesRule]{Context} Setting property 'antiJARLocking' to 'true' did not find a matching property.
02-Apr-2019 15:43:29.518 INFO [http-nio-8080-exec-1] org.apache.jasper.servlet.TldScanner.scanJars At least one JAR was scanned for TLDs yet contained no TLDs. Enable debug logging for this logger for a complete list of JARs that were scanned but no TLDs were found in them. Skipping unneeded JARs during scanning can improve startup time and JSP compilation time.
02-Apr-2019 15:43:29.524 INFO [http-nio-8080-exec-1] org.apache.catalina.startup.HostConfig.deployDescriptor Deployment of configuration descriptor /user/6/.base/yoeungm/home/ensimag_2/web/apache-tomcat-8.5.11/conf/Catalina/localhost/app.xml has finished in 266 ms
02-Apr-2019 15:43:29.530 INFO [http-nio-8080-exec-2] org.apache.catalina.util.LifecycleBase.start The start() method was called on component [StandardEngine[Catalina].StandardHost[localhost].StandardContext[/app]] after start() had already been called. The second call will be ignored.
02-Apr-2019 15:44:26.095 INFO [http-nio-8080-exec-5] org.apache.catalina.startup.HostConfig.undeploy Undeploying context [/app]
02-Apr-2019 15:44:32.725 INFO [main] org.apache.catalina.core.StandardServer.await A valid shutdown command was received via the shutdown port. Stopping the Server instance.
02-Apr-2019 15:44:32.725 INFO [main] org.apache.coyote.AbstractProtocol.pause Pausing ProtocolHandler ["http-nio-8080"]
02-Apr-2019 15:44:32.777 INFO [main] org.apache.coyote.AbstractProtocol.pause Pausing ProtocolHandler ["ajp-nio-8009"]
02-Apr-2019 15:44:32.828 INFO [main] org.apache.catalina.core.StandardService.stopInternal Stopping service Catalina
02-Apr-2019 15:44:32.868 INFO [main] org.apache.coyote.AbstractProtocol.stop Stopping ProtocolHandler ["http-nio-8080"]
02-Apr-2019 15:44:32.869 INFO [main] org.apache.coyote.AbstractProtocol.stop Stopping ProtocolHandler ["ajp-nio-8009"]
02-Apr-2019 15:44:32.870 INFO [main] org.apache.coyote.AbstractProtocol.destroy Destroying ProtocolHandler ["http-nio-8080"]
02-Apr-2019 15:44:32.870 INFO [main] org.apache.coyote.AbstractProtocol.destroy Destroying ProtocolHandler ["ajp-nio-8009"]
02-Apr-2019 15:44:38.223 INFO [main] org.apache.catalina.startup.VersionLoggerListener.log Server version:        Apache Tomcat/8.5.11
02-Apr-2019 15:44:38.227 INFO [main] org.apache.catalina.startup.VersionLoggerListener.log Server built:          Jan 10 2017 21:02:52 UTC
02-Apr-2019 15:44:38.227 INFO [main] org.apache.catalina.startup.VersionLoggerListener.log Server number:         8.5.11.0
02-Apr-2019 15:44:38.227 INFO [main] org.apache.catalina.startup.VersionLoggerListener.log OS Name:               Linux
02-Apr-2019 15:44:38.228 INFO [main] org.apache.catalina.startup.VersionLoggerListener.log OS Version:            3.10.0-957.5.1.el7.x86_64
02-Apr-2019 15:44:38.228 INFO [main] org.apache.catalina.startup.VersionLoggerListener.log Architecture:          amd64
02-Apr-2019 15:44:38.228 INFO [main] org.apache.catalina.startup.VersionLoggerListener.log Java Home:             /usr/java/jdk1.8.0_92/jre
02-Apr-2019 15:44:38.229 INFO [main] org.apache.catalina.startup.VersionLoggerListener.log JVM Version:           1.8.0_92-b14
02-Apr-2019 15:44:38.229 INFO [main] org.apache.catalina.startup.VersionLoggerListener.log JVM Vendor:            Oracle Corporation
02-Apr-2019 15:44:38.229 INFO [main] org.apache.catalina.startup.VersionLoggerListener.log CATALINA_BASE:         /user/6/.base/yoeungm/home/ensimag_2/web/apache-tomcat-8.5.11
02-Apr-2019 15:44:38.229 INFO [main] org.apache.catalina.startup.VersionLoggerListener.log CATALINA_HOME:         /user/6/.base/yoeungm/home/ensimag_2/web/apache-tomcat-8.5.11
02-Apr-2019 15:44:38.230 INFO [main] org.apache.catalina.startup.VersionLoggerListener.log Command line argument: -Djava.util.logging.config.file=/user/6/.base/yoeungm/home/ensimag_2/web/apache-tomcat-8.5.11/conf/logging.properties
02-Apr-2019 15:44:38.230 INFO [main] org.apache.catalina.startup.VersionLoggerListener.log Command line argument: -Djava.util.logging.manager=org.apache.juli.ClassLoaderLogManager
02-Apr-2019 15:44:38.230 INFO [main] org.apache.catalina.startup.VersionLoggerListener.log Command line argument: -Dhttp.nonProxyHosts=localhost|127.0.0.1|ensipc284
02-Apr-2019 15:44:38.231 INFO [main] org.apache.catalina.startup.VersionLoggerListener.log Command line argument: -Djdk.tls.ephemeralDHKeySize=2048
02-Apr-2019 15:44:38.231 INFO [main] org.apache.catalina.startup.VersionLoggerListener.log Command line argument: -Djava.protocol.handler.pkgs=org.apache.catalina.webresources
02-Apr-2019 15:44:38.231 INFO [main] org.apache.catalina.startup.VersionLoggerListener.log Command line argument: -agentlib:jdwp=transport=dt_socket,address=11550,server=y,suspend=n
02-Apr-2019 15:44:38.231 INFO [main] org.apache.catalina.startup.VersionLoggerListener.log Command line argument: -Dcatalina.base=/user/6/.base/yoeungm/home/ensimag_2/web/apache-tomcat-8.5.11
02-Apr-2019 15:44:38.232 INFO [main] org.apache.catalina.startup.VersionLoggerListener.log Command line argument: -Dcatalina.home=/user/6/.base/yoeungm/home/ensimag_2/web/apache-tomcat-8.5.11
02-Apr-2019 15:44:38.232 INFO [main] org.apache.catalina.startup.VersionLoggerListener.log Command line argument: -Djava.io.tmpdir=/user/6/.base/yoeungm/home/ensimag_2/web/apache-tomcat-8.5.11/temp
02-Apr-2019 15:44:38.233 INFO [main] org.apache.catalina.core.AprLifecycleListener.lifecycleEvent The APR based Apache Tomcat Native library which allows optimal performance in production environments was not found on the java.library.path: /usr/java/latest/jre/lib/amd64:/usr/java/latest/jre/lib/i386:/usr/local/lib:/usr/lib64/nvidia:/usr/lib64/openmpi/lib:/usr/local/lib:/opt/rh/llvm-toolset-7/root/usr/lib64:/opt/rh/devtoolset-8/root/usr/lib64:/opt/rh/devtoolset-8/root/usr/lib:/opt/rh/devtoolset-8/root/usr/lib64/dyninst:/opt/rh/devtoolset-8/root/usr/lib/dyninst:/opt/rh/devtoolset-8/root/usr/lib64:/opt/rh/devtoolset-8/root/usr/lib:/usr/lib64/nvidia:/usr/lib64/openmpi/lib::/opt/oracle/lib:/opt/oracle:/usr/lib64/qt48/lib:/opt/oracle/lib:/opt/oracle:/usr/lib64/qt48/lib:/usr/java/packages/lib/amd64:/usr/lib64:/lib64:/lib:/usr/lib
02-Apr-2019 15:44:38.340 INFO [main] org.apache.coyote.AbstractProtocol.init Initializing ProtocolHandler ["http-nio-8080"]
02-Apr-2019 15:44:38.353 INFO [main] org.apache.tomcat.util.net.NioSelectorPool.getSharedSelector Using a shared selector for servlet write/read
02-Apr-2019 15:44:38.355 INFO [main] org.apache.coyote.AbstractProtocol.init Initializing ProtocolHandler ["ajp-nio-8009"]
02-Apr-2019 15:44:38.357 INFO [main] org.apache.tomcat.util.net.NioSelectorPool.getSharedSelector Using a shared selector for servlet write/read
02-Apr-2019 15:44:38.357 INFO [main] org.apache.catalina.startup.Catalina.load Initialization processed in 429 ms
02-Apr-2019 15:44:38.389 INFO [main] org.apache.catalina.core.StandardService.startInternal Starting service Catalina
02-Apr-2019 15:44:38.389 INFO [main] org.apache.catalina.core.StandardEngine.startInternal Starting Servlet Engine: Apache Tomcat/8.5.11
02-Apr-2019 15:44:38.398 INFO [localhost-startStop-1] org.apache.catalina.startup.HostConfig.deployDescriptor Deploying configuration descriptor /user/6/.base/yoeungm/home/ensimag_2/web/apache-tomcat-8.5.11/conf/Catalina/localhost/mavenproject1.xml
02-Apr-2019 15:44:38.427 WARNING [localhost-startStop-1] org.apache.catalina.startup.SetContextPropertiesRule.begin [SetContextPropertiesRule]{Context} Setting property 'antiJARLocking' to 'true' did not find a matching property.
02-Apr-2019 15:44:38.902 INFO [localhost-startStop-1] org.apache.jasper.servlet.TldScanner.scanJars At least one JAR was scanned for TLDs yet contained no TLDs. Enable debug logging for this logger for a complete list of JARs that were scanned but no TLDs were found in them. Skipping unneeded JARs during scanning can improve startup time and JSP compilation time.
02-Apr-2019 15:44:38.946 INFO [localhost-startStop-1] org.apache.catalina.startup.HostConfig.deployDescriptor Deployment of configuration descriptor /user/6/.base/yoeungm/home/ensimag_2/web/apache-tomcat-8.5.11/conf/Catalina/localhost/mavenproject1.xml has finished in 548 ms
02-Apr-2019 15:44:38.947 INFO [localhost-startStop-1] org.apache.catalina.startup.HostConfig.deployDescriptor Deploying configuration descriptor /user/6/.base/yoeungm/home/ensimag_2/web/apache-tomcat-8.5.11/conf/Catalina/localhost/mavenproject2.xml
02-Apr-2019 15:44:38.949 WARNING [localhost-startStop-1] org.apache.catalina.startup.SetContextPropertiesRule.begin [SetContextPropertiesRule]{Context} Setting property 'antiJARLocking' to 'true' did not find a matching property.
02-Apr-2019 15:44:38.950 SEVERE [localhost-startStop-1] org.apache.catalina.core.ContainerBase.addChildInternal ContainerBase.addChild: start: 
 org.apache.catalina.LifecycleException: Failed to start component [StandardEngine[Catalina].StandardHost[localhost].StandardContext[/mavenproject2]]
	at org.apache.catalina.util.LifecycleBase.start(LifecycleBase.java:167)
	at org.apache.catalina.core.ContainerBase.addChildInternal(ContainerBase.java:752)
	at org.apache.catalina.core.ContainerBase.addChild(ContainerBase.java:728)
	at org.apache.catalina.core.StandardHost.addChild(StandardHost.java:734)
	at org.apache.catalina.startup.HostConfig.deployDescriptor(HostConfig.java:596)
	at org.apache.catalina.startup.HostConfig$DeployDescriptor.run(HostConfig.java:1805)
	at java.util.concurrent.Executors$RunnableAdapter.call(Executors.java:511)
	at java.util.concurrent.FutureTask.run(FutureTask.java:266)
	at java.util.concurrent.ThreadPoolExecutor.runWorker(ThreadPoolExecutor.java:1142)
	at java.util.concurrent.ThreadPoolExecutor$Worker.run(ThreadPoolExecutor.java:617)
	at java.lang.Thread.run(Thread.java:745)
Caused by: org.apache.catalina.LifecycleException: Failed to start component [org.apache.catalina.webresources.StandardRoot@7928cb73]
	at org.apache.catalina.util.LifecycleBase.start(LifecycleBase.java:167)
	at org.apache.catalina.core.StandardContext.resourcesStart(StandardContext.java:4842)
	at org.apache.catalina.core.StandardContext.startInternal(StandardContext.java:4974)
	at org.apache.catalina.util.LifecycleBase.start(LifecycleBase.java:150)
	... 10 more
Caused by: java.lang.IllegalArgumentException: The main resource set specified [/user/6/.base/yoeungm/home/ensimag_2/web/acol_web/mavenproject2/target/mavenproject2-1.0-SNAPSHOT] is not valid
	at org.apache.catalina.webresources.StandardRoot.createMainResourceSet(StandardRoot.java:732)
	at org.apache.catalina.webresources.StandardRoot.startInternal(StandardRoot.java:690)
	at org.apache.catalina.util.LifecycleBase.start(LifecycleBase.java:150)
	... 13 more

02-Apr-2019 15:44:38.951 SEVERE [localhost-startStop-1] org.apache.catalina.startup.HostConfig.deployDescriptor Error deploying configuration descriptor /user/6/.base/yoeungm/home/ensimag_2/web/apache-tomcat-8.5.11/conf/Catalina/localhost/mavenproject2.xml
 java.lang.IllegalStateException: ContainerBase.addChild: start: org.apache.catalina.LifecycleException: Failed to start component [StandardEngine[Catalina].StandardHost[localhost].StandardContext[/mavenproject2]]
	at org.apache.catalina.core.ContainerBase.addChildInternal(ContainerBase.java:756)
	at org.apache.catalina.core.ContainerBase.addChild(ContainerBase.java:728)
	at org.apache.catalina.core.StandardHost.addChild(StandardHost.java:734)
	at org.apache.catalina.startup.HostConfig.deployDescriptor(HostConfig.java:596)
	at org.apache.catalina.startup.HostConfig$DeployDescriptor.run(HostConfig.java:1805)
	at java.util.concurrent.Executors$RunnableAdapter.call(Executors.java:511)
	at java.util.concurrent.FutureTask.run(FutureTask.java:266)
	at java.util.concurrent.ThreadPoolExecutor.runWorker(ThreadPoolExecutor.java:1142)
	at java.util.concurrent.ThreadPoolExecutor$Worker.run(ThreadPoolExecutor.java:617)
	at java.lang.Thread.run(Thread.java:745)

02-Apr-2019 15:44:38.951 INFO [localhost-startStop-1] org.apache.catalina.startup.HostConfig.deployDescriptor Deployment of configuration descriptor /user/6/.base/yoeungm/home/ensimag_2/web/apache-tomcat-8.5.11/conf/Catalina/localhost/mavenproject2.xml has finished in 4 ms
02-Apr-2019 15:44:38.951 INFO [localhost-startStop-1] org.apache.catalina.startup.HostConfig.deployDescriptor Deploying configuration descriptor /user/6/.base/yoeungm/home/ensimag_2/web/apache-tomcat-8.5.11/conf/Catalina/localhost/stories.xml
02-Apr-2019 15:44:38.954 WARNING [localhost-startStop-1] org.apache.catalina.startup.SetContextPropertiesRule.begin [SetContextPropertiesRule]{Context} Setting property 'antiJARLocking' to 'true' did not find a matching property.
02-Apr-2019 15:44:39.238 INFO [localhost-startStop-1] org.apache.tomcat.dbcp.dbcp2.BasicDataSourceFactory.getObjectInstance Name = bibliography Ignoring unknown property: value of "" for "description" property
02-Apr-2019 15:44:39.238 INFO [localhost-startStop-1] org.apache.tomcat.dbcp.dbcp2.BasicDataSourceFactory.getObjectInstance Name = bibliography Ignoring unknown property: value of "" for "mappedName" property
02-Apr-2019 15:44:39.323 INFO [localhost-startStop-1] org.apache.jasper.servlet.TldScanner.scanJars At least one JAR was scanned for TLDs yet contained no TLDs. Enable debug logging for this logger for a complete list of JARs that were scanned but no TLDs were found in them. Skipping unneeded JARs during scanning can improve startup time and JSP compilation time.
02-Apr-2019 15:44:39.342 INFO [localhost-startStop-1] org.apache.catalina.startup.HostConfig.deployDescriptor Deployment of configuration descriptor /user/6/.base/yoeungm/home/ensimag_2/web/apache-tomcat-8.5.11/conf/Catalina/localhost/stories.xml has finished in 391 ms
02-Apr-2019 15:44:39.343 INFO [localhost-startStop-1] org.apache.catalina.startup.HostConfig.deployDirectory Deploying web application directory /user/6/.base/yoeungm/home/ensimag_2/web/apache-tomcat-8.5.11/webapps/host-manager
02-Apr-2019 15:44:39.530 INFO [localhost-startStop-1] org.apache.jasper.servlet.TldScanner.scanJars At least one JAR was scanned for TLDs yet contained no TLDs. Enable debug logging for this logger for a complete list of JARs that were scanned but no TLDs were found in them. Skipping unneeded JARs during scanning can improve startup time and JSP compilation time.
02-Apr-2019 15:44:39.537 INFO [localhost-startStop-1] org.apache.catalina.startup.HostConfig.deployDirectory Deployment of web application directory /user/6/.base/yoeungm/home/ensimag_2/web/apache-tomcat-8.5.11/webapps/host-manager has finished in 194 ms
02-Apr-2019 15:44:39.537 INFO [localhost-startStop-1] org.apache.catalina.startup.HostConfig.deployDirectory Deploying web application directory /user/6/.base/yoeungm/home/ensimag_2/web/apache-tomcat-8.5.11/webapps/examples
02-Apr-2019 15:44:40.154 INFO [localhost-startStop-1] org.apache.jasper.servlet.TldScanner.scanJars At least one JAR was scanned for TLDs yet contained no TLDs. Enable debug logging for this logger for a complete list of JARs that were scanned but no TLDs were found in them. Skipping unneeded JARs during scanning can improve startup time and JSP compilation time.
02-Apr-2019 15:44:40.191 INFO [localhost-startStop-1] org.apache.catalina.startup.HostConfig.deployDirectory Deployment of web application directory /user/6/.base/yoeungm/home/ensimag_2/web/apache-tomcat-8.5.11/webapps/examples has finished in 654 ms
02-Apr-2019 15:44:40.192 INFO [localhost-startStop-1] org.apache.catalina.startup.HostConfig.deployDirectory Deploying web application directory /user/6/.base/yoeungm/home/ensimag_2/web/apache-tomcat-8.5.11/webapps/manager
02-Apr-2019 15:44:40.381 INFO [localhost-startStop-1] org.apache.jasper.servlet.TldScanner.scanJars At least one JAR was scanned for TLDs yet contained no TLDs. Enable debug logging for this logger for a complete list of JARs that were scanned but no TLDs were found in them. Skipping unneeded JARs during scanning can improve startup time and JSP compilation time.
02-Apr-2019 15:44:40.443 INFO [localhost-startStop-1] org.apache.catalina.startup.HostConfig.deployDirectory Deployment of web application directory /user/6/.base/yoeungm/home/ensimag_2/web/apache-tomcat-8.5.11/webapps/manager has finished in 251 ms
02-Apr-2019 15:44:40.443 INFO [localhost-startStop-1] org.apache.catalina.startup.HostConfig.deployDirectory Deploying web application directory /user/6/.base/yoeungm/home/ensimag_2/web/apache-tomcat-8.5.11/webapps/docs
02-Apr-2019 15:44:40.625 INFO [localhost-startStop-1] org.apache.jasper.servlet.TldScanner.scanJars At least one JAR was scanned for TLDs yet contained no TLDs. Enable debug logging for this logger for a complete list of JARs that were scanned but no TLDs were found in them. Skipping unneeded JARs during scanning can improve startup time and JSP compilation time.
02-Apr-2019 15:44:40.627 INFO [localhost-startStop-1] org.apache.catalina.startup.HostConfig.deployDirectory Deployment of web application directory /user/6/.base/yoeungm/home/ensimag_2/web/apache-tomcat-8.5.11/webapps/docs has finished in 184 ms
02-Apr-2019 15:44:40.628 INFO [localhost-startStop-1] org.apache.catalina.startup.HostConfig.deployDirectory Deploying web application directory /user/6/.base/yoeungm/home/ensimag_2/web/apache-tomcat-8.5.11/webapps/ROOT
02-Apr-2019 15:44:40.820 INFO [localhost-startStop-1] org.apache.jasper.servlet.TldScanner.scanJars At least one JAR was scanned for TLDs yet contained no TLDs. Enable debug logging for this logger for a complete list of JARs that were scanned but no TLDs were found in them. Skipping unneeded JARs during scanning can improve startup time and JSP compilation time.
02-Apr-2019 15:44:40.822 INFO [localhost-startStop-1] org.apache.catalina.startup.HostConfig.deployDirectory Deployment of web application directory /user/6/.base/yoeungm/home/ensimag_2/web/apache-tomcat-8.5.11/webapps/ROOT has finished in 194 ms
02-Apr-2019 15:44:40.825 INFO [main] org.apache.coyote.AbstractProtocol.start Starting ProtocolHandler [http-nio-8080]
02-Apr-2019 15:44:40.829 INFO [main] org.apache.coyote.AbstractProtocol.start Starting ProtocolHandler [ajp-nio-8009]
02-Apr-2019 15:44:40.829 INFO [main] org.apache.catalina.startup.Catalina.start Server startup in 2472 ms
02-Apr-2019 15:44:41.791 INFO [http-nio-8080-exec-2] org.apache.coyote.http11.Http11Processor.service Error parsing HTTP request header
 Note: further occurrences of HTTP header parsing errors will be logged at DEBUG level.
 java.lang.IllegalArgumentException: Invalid character found in method name. HTTP method names must be tokens
	at org.apache.coyote.http11.Http11InputBuffer.parseRequestLine(Http11InputBuffer.java:421)
	at org.apache.coyote.http11.Http11Processor.service(Http11Processor.java:667)
	at org.apache.coyote.AbstractProcessorLight.process(AbstractProcessorLight.java:66)
	at org.apache.coyote.AbstractProtocol$ConnectionHandler.process(AbstractProtocol.java:798)
	at org.apache.tomcat.util.net.NioEndpoint$SocketProcessor.doRun(NioEndpoint.java:1434)
	at org.apache.tomcat.util.net.SocketProcessorBase.run(SocketProcessorBase.java:49)
	at java.util.concurrent.ThreadPoolExecutor.runWorker(ThreadPoolExecutor.java:1142)
	at java.util.concurrent.ThreadPoolExecutor$Worker.run(ThreadPoolExecutor.java:617)
	at org.apache.tomcat.util.threads.TaskThread$WrappingRunnable.run(TaskThread.java:61)
	at java.lang.Thread.run(Thread.java:745)

02-Apr-2019 15:44:58.376 INFO [main] org.apache.catalina.core.StandardServer.await A valid shutdown command was received via the shutdown port. Stopping the Server instance.
02-Apr-2019 15:44:58.376 INFO [main] org.apache.coyote.AbstractProtocol.pause Pausing ProtocolHandler ["http-nio-8080"]
02-Apr-2019 15:44:58.429 INFO [main] org.apache.coyote.AbstractProtocol.pause Pausing ProtocolHandler ["ajp-nio-8009"]
02-Apr-2019 15:44:58.480 INFO [main] org.apache.catalina.core.StandardService.stopInternal Stopping service Catalina
02-Apr-2019 15:44:58.545 INFO [main] org.apache.coyote.AbstractProtocol.stop Stopping ProtocolHandler ["http-nio-8080"]
02-Apr-2019 15:44:58.549 INFO [main] org.apache.coyote.AbstractProtocol.stop Stopping ProtocolHandler ["ajp-nio-8009"]
02-Apr-2019 15:44:58.550 INFO [main] org.apache.coyote.AbstractProtocol.destroy Destroying ProtocolHandler ["http-nio-8080"]
02-Apr-2019 15:44:58.551 INFO [main] org.apache.coyote.AbstractProtocol.destroy Destroying ProtocolHandler ["ajp-nio-8009"]
02-Apr-2019 15:45:46.942 INFO [main] org.apache.catalina.startup.VersionLoggerListener.log Server version:        Apache Tomcat/8.5.11
02-Apr-2019 15:45:46.943 INFO [main] org.apache.catalina.startup.VersionLoggerListener.log Server built:          Jan 10 2017 21:02:52 UTC
02-Apr-2019 15:45:46.944 INFO [main] org.apache.catalina.startup.VersionLoggerListener.log Server number:         8.5.11.0
02-Apr-2019 15:45:46.944 INFO [main] org.apache.catalina.startup.VersionLoggerListener.log OS Name:               Linux
02-Apr-2019 15:45:46.944 INFO [main] org.apache.catalina.startup.VersionLoggerListener.log OS Version:            3.10.0-957.5.1.el7.x86_64
02-Apr-2019 15:45:46.944 INFO [main] org.apache.catalina.startup.VersionLoggerListener.log Architecture:          amd64
02-Apr-2019 15:45:46.944 INFO [main] org.apache.catalina.startup.VersionLoggerListener.log Java Home:             /usr/java/jdk1.8.0_92/jre
02-Apr-2019 15:45:46.944 INFO [main] org.apache.catalina.startup.VersionLoggerListener.log JVM Version:           1.8.0_92-b14
02-Apr-2019 15:45:46.944 INFO [main] org.apache.catalina.startup.VersionLoggerListener.log JVM Vendor:            Oracle Corporation
02-Apr-2019 15:45:46.944 INFO [main] org.apache.catalina.startup.VersionLoggerListener.log CATALINA_BASE:         /user/6/.base/yoeungm/home/ensimag_2/web/apache-tomcat-8.5.11
02-Apr-2019 15:45:46.944 INFO [main] org.apache.catalina.startup.VersionLoggerListener.log CATALINA_HOME:         /user/6/.base/yoeungm/home/ensimag_2/web/apache-tomcat-8.5.11
02-Apr-2019 15:45:46.944 INFO [main] org.apache.catalina.startup.VersionLoggerListener.log Command line argument: -Djava.util.logging.config.file=/user/6/.base/yoeungm/home/ensimag_2/web/apache-tomcat-8.5.11/conf/logging.properties
02-Apr-2019 15:45:46.944 INFO [main] org.apache.catalina.startup.VersionLoggerListener.log Command line argument: -Djava.util.logging.manager=org.apache.juli.ClassLoaderLogManager
02-Apr-2019 15:45:46.944 INFO [main] org.apache.catalina.startup.VersionLoggerListener.log Command line argument: -Dhttp.nonProxyHosts=localhost|127.0.0.1|ensipc284
02-Apr-2019 15:45:46.945 INFO [main] org.apache.catalina.startup.VersionLoggerListener.log Command line argument: -Djdk.tls.ephemeralDHKeySize=2048
02-Apr-2019 15:45:46.945 INFO [main] org.apache.catalina.startup.VersionLoggerListener.log Command line argument: -Djava.protocol.handler.pkgs=org.apache.catalina.webresources
02-Apr-2019 15:45:46.945 INFO [main] org.apache.catalina.startup.VersionLoggerListener.log Command line argument: -Dcatalina.base=/user/6/.base/yoeungm/home/ensimag_2/web/apache-tomcat-8.5.11
02-Apr-2019 15:45:46.945 INFO [main] org.apache.catalina.startup.VersionLoggerListener.log Command line argument: -Dcatalina.home=/user/6/.base/yoeungm/home/ensimag_2/web/apache-tomcat-8.5.11
02-Apr-2019 15:45:46.945 INFO [main] org.apache.catalina.startup.VersionLoggerListener.log Command line argument: -Djava.io.tmpdir=/user/6/.base/yoeungm/home/ensimag_2/web/apache-tomcat-8.5.11/temp
02-Apr-2019 15:45:46.945 INFO [main] org.apache.catalina.core.AprLifecycleListener.lifecycleEvent The APR based Apache Tomcat Native library which allows optimal performance in production environments was not found on the java.library.path: /usr/java/latest/jre/lib/amd64:/usr/java/latest/jre/lib/i386:/usr/local/lib:/usr/lib64/nvidia:/usr/lib64/openmpi/lib:/usr/local/lib:/opt/rh/llvm-toolset-7/root/usr/lib64:/opt/rh/devtoolset-8/root/usr/lib64:/opt/rh/devtoolset-8/root/usr/lib:/opt/rh/devtoolset-8/root/usr/lib64/dyninst:/opt/rh/devtoolset-8/root/usr/lib/dyninst:/opt/rh/devtoolset-8/root/usr/lib64:/opt/rh/devtoolset-8/root/usr/lib:/usr/lib64/nvidia:/usr/lib64/openmpi/lib::/opt/oracle/lib:/opt/oracle:/usr/lib64/qt48/lib:/opt/oracle/lib:/opt/oracle:/usr/lib64/qt48/lib:/usr/java/packages/lib/amd64:/usr/lib64:/lib64:/lib:/usr/lib
02-Apr-2019 15:45:47.066 INFO [main] org.apache.coyote.AbstractProtocol.init Initializing ProtocolHandler ["http-nio-8080"]
02-Apr-2019 15:45:47.079 INFO [main] org.apache.tomcat.util.net.NioSelectorPool.getSharedSelector Using a shared selector for servlet write/read
02-Apr-2019 15:45:47.082 INFO [main] org.apache.coyote.AbstractProtocol.init Initializing ProtocolHandler ["ajp-nio-8009"]
02-Apr-2019 15:45:47.085 INFO [main] org.apache.tomcat.util.net.NioSelectorPool.getSharedSelector Using a shared selector for servlet write/read
02-Apr-2019 15:45:47.085 INFO [main] org.apache.catalina.startup.Catalina.load Initialization processed in 443 ms
02-Apr-2019 15:45:47.109 INFO [main] org.apache.catalina.core.StandardService.startInternal Starting service Catalina
02-Apr-2019 15:45:47.110 INFO [main] org.apache.catalina.core.StandardEngine.startInternal Starting Servlet Engine: Apache Tomcat/8.5.11
02-Apr-2019 15:45:47.120 INFO [localhost-startStop-1] org.apache.catalina.startup.HostConfig.deployDescriptor Deploying configuration descriptor /user/6/.base/yoeungm/home/ensimag_2/web/apache-tomcat-8.5.11/conf/Catalina/localhost/mavenproject1.xml
02-Apr-2019 15:45:47.161 WARNING [localhost-startStop-1] org.apache.catalina.startup.SetContextPropertiesRule.begin [SetContextPropertiesRule]{Context} Setting property 'antiJARLocking' to 'true' did not find a matching property.
02-Apr-2019 15:45:47.586 INFO [localhost-startStop-1] org.apache.jasper.servlet.TldScanner.scanJars At least one JAR was scanned for TLDs yet contained no TLDs. Enable debug logging for this logger for a complete list of JARs that were scanned but no TLDs were found in them. Skipping unneeded JARs during scanning can improve startup time and JSP compilation time.
02-Apr-2019 15:45:47.618 INFO [localhost-startStop-1] org.apache.catalina.startup.HostConfig.deployDescriptor Deployment of configuration descriptor /user/6/.base/yoeungm/home/ensimag_2/web/apache-tomcat-8.5.11/conf/Catalina/localhost/mavenproject1.xml has finished in 497 ms
02-Apr-2019 15:45:47.618 INFO [localhost-startStop-1] org.apache.catalina.startup.HostConfig.deployDescriptor Deploying configuration descriptor /user/6/.base/yoeungm/home/ensimag_2/web/apache-tomcat-8.5.11/conf/Catalina/localhost/mavenproject2.xml
02-Apr-2019 15:45:47.620 WARNING [localhost-startStop-1] org.apache.catalina.startup.SetContextPropertiesRule.begin [SetContextPropertiesRule]{Context} Setting property 'antiJARLocking' to 'true' did not find a matching property.
02-Apr-2019 15:45:47.621 SEVERE [localhost-startStop-1] org.apache.catalina.core.ContainerBase.addChildInternal ContainerBase.addChild: start: 
 org.apache.catalina.LifecycleException: Failed to start component [StandardEngine[Catalina].StandardHost[localhost].StandardContext[/mavenproject2]]
	at org.apache.catalina.util.LifecycleBase.start(LifecycleBase.java:167)
	at org.apache.catalina.core.ContainerBase.addChildInternal(ContainerBase.java:752)
	at org.apache.catalina.core.ContainerBase.addChild(ContainerBase.java:728)
	at org.apache.catalina.core.StandardHost.addChild(StandardHost.java:734)
	at org.apache.catalina.startup.HostConfig.deployDescriptor(HostConfig.java:596)
	at org.apache.catalina.startup.HostConfig$DeployDescriptor.run(HostConfig.java:1805)
	at java.util.concurrent.Executors$RunnableAdapter.call(Executors.java:511)
	at java.util.concurrent.FutureTask.run(FutureTask.java:266)
	at java.util.concurrent.ThreadPoolExecutor.runWorker(ThreadPoolExecutor.java:1142)
	at java.util.concurrent.ThreadPoolExecutor$Worker.run(ThreadPoolExecutor.java:617)
	at java.lang.Thread.run(Thread.java:745)
Caused by: org.apache.catalina.LifecycleException: Failed to start component [org.apache.catalina.webresources.StandardRoot@622bd3e8]
	at org.apache.catalina.util.LifecycleBase.start(LifecycleBase.java:167)
	at org.apache.catalina.core.StandardContext.resourcesStart(StandardContext.java:4842)
	at org.apache.catalina.core.StandardContext.startInternal(StandardContext.java:4974)
	at org.apache.catalina.util.LifecycleBase.start(LifecycleBase.java:150)
	... 10 more
Caused by: java.lang.IllegalArgumentException: The main resource set specified [/user/6/.base/yoeungm/home/ensimag_2/web/acol_web/mavenproject2/target/mavenproject2-1.0-SNAPSHOT] is not valid
	at org.apache.catalina.webresources.StandardRoot.createMainResourceSet(StandardRoot.java:732)
	at org.apache.catalina.webresources.StandardRoot.startInternal(StandardRoot.java:690)
	at org.apache.catalina.util.LifecycleBase.start(LifecycleBase.java:150)
	... 13 more

02-Apr-2019 15:45:47.622 SEVERE [localhost-startStop-1] org.apache.catalina.startup.HostConfig.deployDescriptor Error deploying configuration descriptor /user/6/.base/yoeungm/home/ensimag_2/web/apache-tomcat-8.5.11/conf/Catalina/localhost/mavenproject2.xml
 java.lang.IllegalStateException: ContainerBase.addChild: start: org.apache.catalina.LifecycleException: Failed to start component [StandardEngine[Catalina].StandardHost[localhost].StandardContext[/mavenproject2]]
	at org.apache.catalina.core.ContainerBase.addChildInternal(ContainerBase.java:756)
	at org.apache.catalina.core.ContainerBase.addChild(ContainerBase.java:728)
	at org.apache.catalina.core.StandardHost.addChild(StandardHost.java:734)
	at org.apache.catalina.startup.HostConfig.deployDescriptor(HostConfig.java:596)
	at org.apache.catalina.startup.HostConfig$DeployDescriptor.run(HostConfig.java:1805)
	at java.util.concurrent.Executors$RunnableAdapter.call(Executors.java:511)
	at java.util.concurrent.FutureTask.run(FutureTask.java:266)
	at java.util.concurrent.ThreadPoolExecutor.runWorker(ThreadPoolExecutor.java:1142)
	at java.util.concurrent.ThreadPoolExecutor$Worker.run(ThreadPoolExecutor.java:617)
	at java.lang.Thread.run(Thread.java:745)

02-Apr-2019 15:45:47.622 INFO [localhost-startStop-1] org.apache.catalina.startup.HostConfig.deployDescriptor Deployment of configuration descriptor /user/6/.base/yoeungm/home/ensimag_2/web/apache-tomcat-8.5.11/conf/Catalina/localhost/mavenproject2.xml has finished in 4 ms
02-Apr-2019 15:45:47.622 INFO [localhost-startStop-1] org.apache.catalina.startup.HostConfig.deployDescriptor Deploying configuration descriptor /user/6/.base/yoeungm/home/ensimag_2/web/apache-tomcat-8.5.11/conf/Catalina/localhost/stories.xml
02-Apr-2019 15:45:47.624 WARNING [localhost-startStop-1] org.apache.catalina.startup.SetContextPropertiesRule.begin [SetContextPropertiesRule]{Context} Setting property 'antiJARLocking' to 'true' did not find a matching property.
02-Apr-2019 15:45:47.874 INFO [localhost-startStop-1] org.apache.tomcat.dbcp.dbcp2.BasicDataSourceFactory.getObjectInstance Name = bibliography Ignoring unknown property: value of "" for "description" property
02-Apr-2019 15:45:47.875 INFO [localhost-startStop-1] org.apache.tomcat.dbcp.dbcp2.BasicDataSourceFactory.getObjectInstance Name = bibliography Ignoring unknown property: value of "" for "mappedName" property
02-Apr-2019 15:45:47.963 INFO [localhost-startStop-1] org.apache.jasper.servlet.TldScanner.scanJars At least one JAR was scanned for TLDs yet contained no TLDs. Enable debug logging for this logger for a complete list of JARs that were scanned but no TLDs were found in them. Skipping unneeded JARs during scanning can improve startup time and JSP compilation time.
02-Apr-2019 15:45:47.971 INFO [localhost-startStop-1] org.apache.catalina.startup.HostConfig.deployDescriptor Deployment of configuration descriptor /user/6/.base/yoeungm/home/ensimag_2/web/apache-tomcat-8.5.11/conf/Catalina/localhost/stories.xml has finished in 349 ms
02-Apr-2019 15:45:47.971 INFO [localhost-startStop-1] org.apache.catalina.startup.HostConfig.deployDirectory Deploying web application directory /user/6/.base/yoeungm/home/ensimag_2/web/apache-tomcat-8.5.11/webapps/host-manager
02-Apr-2019 15:45:48.157 INFO [localhost-startStop-1] org.apache.jasper.servlet.TldScanner.scanJars At least one JAR was scanned for TLDs yet contained no TLDs. Enable debug logging for this logger for a complete list of JARs that were scanned but no TLDs were found in them. Skipping unneeded JARs during scanning can improve startup time and JSP compilation time.
02-Apr-2019 15:45:48.162 INFO [localhost-startStop-1] org.apache.catalina.startup.HostConfig.deployDirectory Deployment of web application directory /user/6/.base/yoeungm/home/ensimag_2/web/apache-tomcat-8.5.11/webapps/host-manager has finished in 191 ms
02-Apr-2019 15:45:48.162 INFO [localhost-startStop-1] org.apache.catalina.startup.HostConfig.deployDirectory Deploying web application directory /user/6/.base/yoeungm/home/ensimag_2/web/apache-tomcat-8.5.11/webapps/examples
02-Apr-2019 15:45:48.500 INFO [localhost-startStop-1] org.apache.jasper.servlet.TldScanner.scanJars At least one JAR was scanned for TLDs yet contained no TLDs. Enable debug logging for this logger for a complete list of JARs that were scanned but no TLDs were found in them. Skipping unneeded JARs during scanning can improve startup time and JSP compilation time.
02-Apr-2019 15:45:48.532 INFO [localhost-startStop-1] org.apache.catalina.startup.HostConfig.deployDirectory Deployment of web application directory /user/6/.base/yoeungm/home/ensimag_2/web/apache-tomcat-8.5.11/webapps/examples has finished in 370 ms
02-Apr-2019 15:45:48.533 INFO [localhost-startStop-1] org.apache.catalina.startup.HostConfig.deployDirectory Deploying web application directory /user/6/.base/yoeungm/home/ensimag_2/web/apache-tomcat-8.5.11/webapps/manager
02-Apr-2019 15:45:48.717 INFO [localhost-startStop-1] org.apache.jasper.servlet.TldScanner.scanJars At least one JAR was scanned for TLDs yet contained no TLDs. Enable debug logging for this logger for a complete list of JARs that were scanned but no TLDs were found in them. Skipping unneeded JARs during scanning can improve startup time and JSP compilation time.
02-Apr-2019 15:45:48.777 INFO [localhost-startStop-1] org.apache.catalina.startup.HostConfig.deployDirectory Deployment of web application directory /user/6/.base/yoeungm/home/ensimag_2/web/apache-tomcat-8.5.11/webapps/manager has finished in 244 ms
02-Apr-2019 15:45:48.777 INFO [localhost-startStop-1] org.apache.catalina.startup.HostConfig.deployDirectory Deploying web application directory /user/6/.base/yoeungm/home/ensimag_2/web/apache-tomcat-8.5.11/webapps/docs
02-Apr-2019 15:45:48.946 INFO [localhost-startStop-1] org.apache.jasper.servlet.TldScanner.scanJars At least one JAR was scanned for TLDs yet contained no TLDs. Enable debug logging for this logger for a complete list of JARs that were scanned but no TLDs were found in them. Skipping unneeded JARs during scanning can improve startup time and JSP compilation time.
02-Apr-2019 15:45:48.949 INFO [localhost-startStop-1] org.apache.catalina.startup.HostConfig.deployDirectory Deployment of web application directory /user/6/.base/yoeungm/home/ensimag_2/web/apache-tomcat-8.5.11/webapps/docs has finished in 172 ms
02-Apr-2019 15:45:48.951 INFO [localhost-startStop-1] org.apache.catalina.startup.HostConfig.deployDirectory Deploying web application directory /user/6/.base/yoeungm/home/ensimag_2/web/apache-tomcat-8.5.11/webapps/ROOT
02-Apr-2019 15:45:49.144 INFO [localhost-startStop-1] org.apache.jasper.servlet.TldScanner.scanJars At least one JAR was scanned for TLDs yet contained no TLDs. Enable debug logging for this logger for a complete list of JARs that were scanned but no TLDs were found in them. Skipping unneeded JARs during scanning can improve startup time and JSP compilation time.
02-Apr-2019 15:45:49.146 INFO [localhost-startStop-1] org.apache.catalina.startup.HostConfig.deployDirectory Deployment of web application directory /user/6/.base/yoeungm/home/ensimag_2/web/apache-tomcat-8.5.11/webapps/ROOT has finished in 194 ms
02-Apr-2019 15:45:49.147 INFO [main] org.apache.coyote.AbstractProtocol.start Starting ProtocolHandler [http-nio-8080]
02-Apr-2019 15:45:49.151 INFO [main] org.apache.coyote.AbstractProtocol.start Starting ProtocolHandler [ajp-nio-8009]
02-Apr-2019 15:45:49.168 INFO [main] org.apache.catalina.startup.Catalina.start Server startup in 2082 ms
02-Apr-2019 15:45:50.852 INFO [http-nio-8080-exec-1] org.apache.catalina.startup.HostConfig.deployDescriptor Deploying configuration descriptor /user/6/.base/yoeungm/home/ensimag_2/web/apache-tomcat-8.5.11/conf/Catalina/localhost/app.xml
02-Apr-2019 15:45:50.863 WARNING [http-nio-8080-exec-1] org.apache.catalina.startup.SetContextPropertiesRule.begin [SetContextPropertiesRule]{Context} Setting property 'antiJARLocking' to 'true' did not find a matching property.
02-Apr-2019 15:45:51.154 INFO [http-nio-8080-exec-1] org.apache.jasper.servlet.TldScanner.scanJars At least one JAR was scanned for TLDs yet contained no TLDs. Enable debug logging for this logger for a complete list of JARs that were scanned but no TLDs were found in them. Skipping unneeded JARs during scanning can improve startup time and JSP compilation time.
02-Apr-2019 15:45:51.162 INFO [http-nio-8080-exec-1] org.apache.catalina.startup.HostConfig.deployDescriptor Deployment of configuration descriptor /user/6/.base/yoeungm/home/ensimag_2/web/apache-tomcat-8.5.11/conf/Catalina/localhost/app.xml has finished in 310 ms
02-Apr-2019 15:45:51.168 INFO [http-nio-8080-exec-3] org.apache.catalina.util.LifecycleBase.start The start() method was called on component [StandardEngine[Catalina].StandardHost[localhost].StandardContext[/app]] after start() had already been called. The second call will be ignored.
02-Apr-2019 15:50:03.265 INFO [http-nio-8080-exec-2] org.apache.catalina.startup.HostConfig.undeploy Undeploying context [/app]
02-Apr-2019 15:50:08.644 INFO [http-nio-8080-exec-8] org.apache.catalina.startup.HostConfig.deployDescriptor Deploying configuration descriptor /user/6/.base/yoeungm/home/ensimag_2/web/apache-tomcat-8.5.11/conf/Catalina/localhost/app.xml
02-Apr-2019 15:50:08.648 WARNING [http-nio-8080-exec-8] org.apache.catalina.startup.SetContextPropertiesRule.begin [SetContextPropertiesRule]{Context} Setting property 'antiJARLocking' to 'true' did not find a matching property.
02-Apr-2019 15:50:08.888 INFO [http-nio-8080-exec-8] org.apache.jasper.servlet.TldScanner.scanJars At least one JAR was scanned for TLDs yet contained no TLDs. Enable debug logging for this logger for a complete list of JARs that were scanned but no TLDs were found in them. Skipping unneeded JARs during scanning can improve startup time and JSP compilation time.
02-Apr-2019 15:50:08.897 INFO [http-nio-8080-exec-8] org.apache.catalina.startup.HostConfig.deployDescriptor Deployment of configuration descriptor /user/6/.base/yoeungm/home/ensimag_2/web/apache-tomcat-8.5.11/conf/Catalina/localhost/app.xml has finished in 253 ms
02-Apr-2019 15:50:08.903 INFO [http-nio-8080-exec-7] org.apache.catalina.util.LifecycleBase.start The start() method was called on component [StandardEngine[Catalina].StandardHost[localhost].StandardContext[/app]] after start() had already been called. The second call will be ignored.
02-Apr-2019 16:05:04.432 INFO [http-nio-8080-exec-15] org.apache.catalina.startup.HostConfig.undeploy Undeploying context [/app]
02-Apr-2019 16:05:45.106 INFO [http-nio-8080-exec-26] org.apache.catalina.startup.HostConfig.deployDescriptor Deploying configuration descriptor /user/6/.base/yoeungm/home/ensimag_2/web/apache-tomcat-8.5.11/conf/Catalina/localhost/app.xml
02-Apr-2019 16:05:45.110 WARNING [http-nio-8080-exec-26] org.apache.catalina.startup.SetContextPropertiesRule.begin [SetContextPropertiesRule]{Context} Setting property 'antiJARLocking' to 'true' did not find a matching property.
02-Apr-2019 16:05:45.339 INFO [http-nio-8080-exec-26] org.apache.jasper.servlet.TldScanner.scanJars At least one JAR was scanned for TLDs yet contained no TLDs. Enable debug logging for this logger for a complete list of JARs that were scanned but no TLDs were found in them. Skipping unneeded JARs during scanning can improve startup time and JSP compilation time.
02-Apr-2019 16:05:45.350 INFO [http-nio-8080-exec-26] org.apache.catalina.startup.HostConfig.deployDescriptor Deployment of configuration descriptor /user/6/.base/yoeungm/home/ensimag_2/web/apache-tomcat-8.5.11/conf/Catalina/localhost/app.xml has finished in 244 ms
02-Apr-2019 16:05:45.358 INFO [http-nio-8080-exec-16] org.apache.catalina.util.LifecycleBase.start The start() method was called on component [StandardEngine[Catalina].StandardHost[localhost].StandardContext[/app]] after start() had already been called. The second call will be ignored.
02-Apr-2019 16:12:14.642 INFO [http-nio-8080-exec-21] org.apache.catalina.core.StandardContext.reload Reloading Context with name [/app] has started
02-Apr-2019 16:12:14.918 INFO [http-nio-8080-exec-21] org.apache.jasper.servlet.TldScanner.scanJars At least one JAR was scanned for TLDs yet contained no TLDs. Enable debug logging for this logger for a complete list of JARs that were scanned but no TLDs were found in them. Skipping unneeded JARs during scanning can improve startup time and JSP compilation time.
02-Apr-2019 16:12:14.927 INFO [http-nio-8080-exec-21] org.apache.catalina.core.StandardContext.reload Reloading Context with name [/app] is completed
02-Apr-2019 16:12:58.373 INFO [http-nio-8080-exec-24] org.apache.catalina.core.StandardContext.reload Reloading Context with name [/app] has started
02-Apr-2019 16:12:58.578 INFO [http-nio-8080-exec-24] org.apache.jasper.servlet.TldScanner.scanJars At least one JAR was scanned for TLDs yet contained no TLDs. Enable debug logging for this logger for a complete list of JARs that were scanned but no TLDs were found in them. Skipping unneeded JARs during scanning can improve startup time and JSP compilation time.
02-Apr-2019 16:12:58.588 INFO [http-nio-8080-exec-24] org.apache.catalina.core.StandardContext.reload Reloading Context with name [/app] is completed
02-Apr-2019 16:13:00.471 INFO [http-nio-8080-exec-26] org.apache.catalina.startup.HostConfig.undeploy Undeploying context [/app]
02-Apr-2019 16:13:10.976 INFO [ContainerBackgroundProcessor[StandardEngine[Catalina]]] org.apache.catalina.startup.HostConfig.undeploy Undeploying context [/stories]
02-Apr-2019 16:13:11.002 INFO [localhost-startStop-2] org.apache.catalina.startup.HostConfig.deployDescriptor Deploying configuration descriptor /user/6/.base/yoeungm/home/ensimag_2/web/apache-tomcat-8.5.11/conf/Catalina/localhost/stories.xml
02-Apr-2019 16:13:11.004 WARNING [localhost-startStop-2] org.apache.catalina.startup.SetContextPropertiesRule.begin [SetContextPropertiesRule]{Context} Setting property 'antiJARLocking' to 'true' did not find a matching property.
02-Apr-2019 16:13:11.005 SEVERE [localhost-startStop-2] org.apache.catalina.core.ContainerBase.addChildInternal ContainerBase.addChild: start: 
 org.apache.catalina.LifecycleException: Failed to start component [StandardEngine[Catalina].StandardHost[localhost].StandardContext[/stories]]
	at org.apache.catalina.util.LifecycleBase.start(LifecycleBase.java:167)
	at org.apache.catalina.core.ContainerBase.addChildInternal(ContainerBase.java:752)
	at org.apache.catalina.core.ContainerBase.addChild(ContainerBase.java:728)
	at org.apache.catalina.core.StandardHost.addChild(StandardHost.java:734)
	at org.apache.catalina.startup.HostConfig.deployDescriptor(HostConfig.java:596)
	at org.apache.catalina.startup.HostConfig$DeployDescriptor.run(HostConfig.java:1805)
	at java.util.concurrent.Executors$RunnableAdapter.call(Executors.java:511)
	at java.util.concurrent.FutureTask.run(FutureTask.java:266)
	at java.util.concurrent.ThreadPoolExecutor.runWorker(ThreadPoolExecutor.java:1142)
	at java.util.concurrent.ThreadPoolExecutor$Worker.run(ThreadPoolExecutor.java:617)
	at java.lang.Thread.run(Thread.java:745)
Caused by: org.apache.catalina.LifecycleException: Failed to start component [org.apache.catalina.webresources.StandardRoot@58d87abd]
	at org.apache.catalina.util.LifecycleBase.start(LifecycleBase.java:167)
	at org.apache.catalina.core.StandardContext.resourcesStart(StandardContext.java:4842)
	at org.apache.catalina.core.StandardContext.startInternal(StandardContext.java:4974)
	at org.apache.catalina.util.LifecycleBase.start(LifecycleBase.java:150)
	... 10 more
Caused by: java.lang.IllegalArgumentException: The main resource set specified [/user/6/.base/yoeungm/home/ensimag_2/web/acol_web/target/stories-1.0-SNAPSHOT] is not valid
	at org.apache.catalina.webresources.StandardRoot.createMainResourceSet(StandardRoot.java:732)
	at org.apache.catalina.webresources.StandardRoot.startInternal(StandardRoot.java:690)
	at org.apache.catalina.util.LifecycleBase.start(LifecycleBase.java:150)
	... 13 more

02-Apr-2019 16:13:11.007 SEVERE [localhost-startStop-2] org.apache.catalina.startup.HostConfig.deployDescriptor Error deploying configuration descriptor /user/6/.base/yoeungm/home/ensimag_2/web/apache-tomcat-8.5.11/conf/Catalina/localhost/stories.xml
 java.lang.IllegalStateException: ContainerBase.addChild: start: org.apache.catalina.LifecycleException: Failed to start component [StandardEngine[Catalina].StandardHost[localhost].StandardContext[/stories]]
	at org.apache.catalina.core.ContainerBase.addChildInternal(ContainerBase.java:756)
	at org.apache.catalina.core.ContainerBase.addChild(ContainerBase.java:728)
	at org.apache.catalina.core.StandardHost.addChild(StandardHost.java:734)
	at org.apache.catalina.startup.HostConfig.deployDescriptor(HostConfig.java:596)
	at org.apache.catalina.startup.HostConfig$DeployDescriptor.run(HostConfig.java:1805)
	at java.util.concurrent.Executors$RunnableAdapter.call(Executors.java:511)
	at java.util.concurrent.FutureTask.run(FutureTask.java:266)
	at java.util.concurrent.ThreadPoolExecutor.runWorker(ThreadPoolExecutor.java:1142)
	at java.util.concurrent.ThreadPoolExecutor$Worker.run(ThreadPoolExecutor.java:617)
	at java.lang.Thread.run(Thread.java:745)

02-Apr-2019 16:13:11.007 INFO [localhost-startStop-2] org.apache.catalina.startup.HostConfig.deployDescriptor Deployment of configuration descriptor /user/6/.base/yoeungm/home/ensimag_2/web/apache-tomcat-8.5.11/conf/Catalina/localhost/stories.xml has finished in 5 ms
02-Apr-2019 16:14:29.965 INFO [http-nio-8080-exec-39] org.apache.catalina.startup.HostConfig.deployDescriptor Deploying configuration descriptor /user/6/.base/yoeungm/home/ensimag_2/web/apache-tomcat-8.5.11/conf/Catalina/localhost/app.xml
02-Apr-2019 16:14:29.969 WARNING [http-nio-8080-exec-39] org.apache.catalina.startup.SetContextPropertiesRule.begin [SetContextPropertiesRule]{Context} Setting property 'antiJARLocking' to 'true' did not find a matching property.
02-Apr-2019 16:14:30.174 INFO [http-nio-8080-exec-39] org.apache.jasper.servlet.TldScanner.scanJars At least one JAR was scanned for TLDs yet contained no TLDs. Enable debug logging for this logger for a complete list of JARs that were scanned but no TLDs were found in them. Skipping unneeded JARs during scanning can improve startup time and JSP compilation time.
02-Apr-2019 16:14:30.180 INFO [http-nio-8080-exec-39] org.apache.catalina.startup.HostConfig.deployDescriptor Deployment of configuration descriptor /user/6/.base/yoeungm/home/ensimag_2/web/apache-tomcat-8.5.11/conf/Catalina/localhost/app.xml has finished in 214 ms
02-Apr-2019 16:14:30.184 INFO [http-nio-8080-exec-32] org.apache.catalina.util.LifecycleBase.start The start() method was called on component [StandardEngine[Catalina].StandardHost[localhost].StandardContext[/app]] after start() had already been called. The second call will be ignored.
02-Apr-2019 16:14:31.038 INFO [ContainerBackgroundProcessor[StandardEngine[Catalina]]] org.apache.catalina.startup.HostConfig.reload Reloading context [/stories]
02-Apr-2019 16:14:31.244 INFO [ContainerBackgroundProcessor[StandardEngine[Catalina]]] org.apache.jasper.servlet.TldScanner.scanJars At least one JAR was scanned for TLDs yet contained no TLDs. Enable debug logging for this logger for a complete list of JARs that were scanned but no TLDs were found in them. Skipping unneeded JARs during scanning can improve startup time and JSP compilation time.
02-Apr-2019 16:15:12.116 INFO [http-nio-8080-exec-48] org.apache.catalina.core.StandardContext.reload Reloading Context with name [/app] has started
02-Apr-2019 16:15:12.328 INFO [http-nio-8080-exec-48] org.apache.jasper.servlet.TldScanner.scanJars At least one JAR was scanned for TLDs yet contained no TLDs. Enable debug logging for this logger for a complete list of JARs that were scanned but no TLDs were found in them. Skipping unneeded JARs during scanning can improve startup time and JSP compilation time.
02-Apr-2019 16:15:12.332 INFO [http-nio-8080-exec-48] org.apache.catalina.core.StandardContext.reload Reloading Context with name [/app] is completed
02-Apr-2019 16:15:14.921 INFO [http-nio-8080-exec-44] org.apache.catalina.startup.HostConfig.undeploy Undeploying context [/app]
02-Apr-2019 16:15:19.506 INFO [http-nio-8080-exec-48] org.apache.catalina.startup.HostConfig.deployDescriptor Deploying configuration descriptor /user/6/.base/yoeungm/home/ensimag_2/web/apache-tomcat-8.5.11/conf/Catalina/localhost/app.xml
02-Apr-2019 16:15:19.510 WARNING [http-nio-8080-exec-48] org.apache.catalina.startup.SetContextPropertiesRule.begin [SetContextPropertiesRule]{Context} Setting property 'antiJARLocking' to 'true' did not find a matching property.
02-Apr-2019 16:15:19.712 INFO [http-nio-8080-exec-48] org.apache.jasper.servlet.TldScanner.scanJars At least one JAR was scanned for TLDs yet contained no TLDs. Enable debug logging for this logger for a complete list of JARs that were scanned but no TLDs were found in them. Skipping unneeded JARs during scanning can improve startup time and JSP compilation time.
02-Apr-2019 16:15:19.718 INFO [http-nio-8080-exec-48] org.apache.catalina.startup.HostConfig.deployDescriptor Deployment of configuration descriptor /user/6/.base/yoeungm/home/ensimag_2/web/apache-tomcat-8.5.11/conf/Catalina/localhost/app.xml has finished in 211 ms
02-Apr-2019 16:15:19.721 INFO [http-nio-8080-exec-49] org.apache.catalina.util.LifecycleBase.start The start() method was called on component [StandardEngine[Catalina].StandardHost[localhost].StandardContext[/app]] after start() had already been called. The second call will be ignored.
02-Apr-2019 16:32:07.062 INFO [main] org.apache.catalina.core.StandardServer.await A valid shutdown command was received via the shutdown port. Stopping the Server instance.
02-Apr-2019 16:32:07.062 INFO [main] org.apache.coyote.AbstractProtocol.pause Pausing ProtocolHandler ["http-nio-8080"]
02-Apr-2019 16:32:07.114 INFO [main] org.apache.coyote.AbstractProtocol.pause Pausing ProtocolHandler ["ajp-nio-8009"]
02-Apr-2019 16:32:07.165 INFO [main] org.apache.catalina.core.StandardService.stopInternal Stopping service Catalina
02-Apr-2019 16:32:07.191 INFO [main] org.apache.coyote.AbstractProtocol.stop Stopping ProtocolHandler ["http-nio-8080"]
02-Apr-2019 16:32:07.192 INFO [main] org.apache.coyote.AbstractProtocol.stop Stopping ProtocolHandler ["ajp-nio-8009"]
02-Apr-2019 16:32:07.192 INFO [main] org.apache.coyote.AbstractProtocol.destroy Destroying ProtocolHandler ["http-nio-8080"]
02-Apr-2019 16:32:07.192 INFO [1] org.apache.coyote.AbstractProtocol.destroy Destroying ProtocolHandler ["ajp-nio-8009"]
