20-Mar-2019 14:22:23.662 INFO [main] org.apache.catalina.startup.VersionLoggerListener.log Server version:        Apache Tomcat/8.5.11
20-Mar-2019 14:22:23.664 INFO [main] org.apache.catalina.startup.VersionLoggerListener.log Server built:          Jan 10 2017 21:02:52 UTC
20-Mar-2019 14:22:23.664 INFO [main] org.apache.catalina.startup.VersionLoggerListener.log Server number:         8.5.11.0
20-Mar-2019 14:22:23.664 INFO [main] org.apache.catalina.startup.VersionLoggerListener.log OS Name:               Linux
20-Mar-2019 14:22:23.664 INFO [main] org.apache.catalina.startup.VersionLoggerListener.log OS Version:            3.10.0-957.5.1.el7.x86_64
20-Mar-2019 14:22:23.664 INFO [main] org.apache.catalina.startup.VersionLoggerListener.log Architecture:          amd64
20-Mar-2019 14:22:23.664 INFO [main] org.apache.catalina.startup.VersionLoggerListener.log Java Home:             /usr/java/jdk1.8.0_92/jre
20-Mar-2019 14:22:23.664 INFO [main] org.apache.catalina.startup.VersionLoggerListener.log JVM Version:           1.8.0_92-b14
20-Mar-2019 14:22:23.664 INFO [main] org.apache.catalina.startup.VersionLoggerListener.log JVM Vendor:            Oracle Corporation
20-Mar-2019 14:22:23.664 INFO [main] org.apache.catalina.startup.VersionLoggerListener.log CATALINA_BASE:         /user/6/.base/yoeungm/home/ensimag_2/web/apache-tomcat-8.5.11
20-Mar-2019 14:22:23.664 INFO [main] org.apache.catalina.startup.VersionLoggerListener.log CATALINA_HOME:         /user/6/.base/yoeungm/home/ensimag_2/web/apache-tomcat-8.5.11
20-Mar-2019 14:22:23.664 INFO [main] org.apache.catalina.startup.VersionLoggerListener.log Command line argument: -Djava.util.logging.config.file=/user/6/.base/yoeungm/home/ensimag_2/web/apache-tomcat-8.5.11/conf/logging.properties
20-Mar-2019 14:22:23.664 INFO [main] org.apache.catalina.startup.VersionLoggerListener.log Command line argument: -Djava.util.logging.manager=org.apache.juli.ClassLoaderLogManager
20-Mar-2019 14:22:23.664 INFO [main] org.apache.catalina.startup.VersionLoggerListener.log Command line argument: -Dhttp.nonProxyHosts=localhost|127.0.0.1|ensipc284
20-Mar-2019 14:22:23.665 INFO [main] org.apache.catalina.startup.VersionLoggerListener.log Command line argument: -Djdk.tls.ephemeralDHKeySize=2048
20-Mar-2019 14:22:23.665 INFO [main] org.apache.catalina.startup.VersionLoggerListener.log Command line argument: -Djava.protocol.handler.pkgs=org.apache.catalina.webresources
20-Mar-2019 14:22:23.665 INFO [main] org.apache.catalina.startup.VersionLoggerListener.log Command line argument: -Dcatalina.base=/user/6/.base/yoeungm/home/ensimag_2/web/apache-tomcat-8.5.11
20-Mar-2019 14:22:23.665 INFO [main] org.apache.catalina.startup.VersionLoggerListener.log Command line argument: -Dcatalina.home=/user/6/.base/yoeungm/home/ensimag_2/web/apache-tomcat-8.5.11
20-Mar-2019 14:22:23.665 INFO [main] org.apache.catalina.startup.VersionLoggerListener.log Command line argument: -Djava.io.tmpdir=/user/6/.base/yoeungm/home/ensimag_2/web/apache-tomcat-8.5.11/temp
20-Mar-2019 14:22:23.665 INFO [main] org.apache.catalina.core.AprLifecycleListener.lifecycleEvent The APR based Apache Tomcat Native library which allows optimal performance in production environments was not found on the java.library.path: /usr/java/latest/jre/lib/amd64:/usr/java/latest/jre/lib/i386:/usr/local/lib:/usr/lib64/nvidia:/usr/lib64/openmpi/lib:/usr/local/lib:/opt/rh/llvm-toolset-7/root/usr/lib64:/opt/rh/devtoolset-8/root/usr/lib64:/opt/rh/devtoolset-8/root/usr/lib:/opt/rh/devtoolset-8/root/usr/lib64/dyninst:/opt/rh/devtoolset-8/root/usr/lib/dyninst:/opt/rh/devtoolset-8/root/usr/lib64:/opt/rh/devtoolset-8/root/usr/lib:/usr/lib64/nvidia:/usr/lib64/openmpi/lib::/opt/oracle/lib:/opt/oracle:/usr/lib64/qt48/lib:/opt/oracle/lib:/opt/oracle:/usr/lib64/qt48/lib:/usr/java/packages/lib/amd64:/usr/lib64:/lib64:/lib:/usr/lib
20-Mar-2019 14:22:23.778 INFO [main] org.apache.coyote.AbstractProtocol.init Initializing ProtocolHandler ["http-nio-8080"]
20-Mar-2019 14:22:23.789 INFO [main] org.apache.tomcat.util.net.NioSelectorPool.getSharedSelector Using a shared selector for servlet write/read
20-Mar-2019 14:22:23.791 INFO [main] org.apache.coyote.AbstractProtocol.init Initializing ProtocolHandler ["ajp-nio-8009"]
20-Mar-2019 14:22:23.792 INFO [main] org.apache.tomcat.util.net.NioSelectorPool.getSharedSelector Using a shared selector for servlet write/read
20-Mar-2019 14:22:23.793 INFO [main] org.apache.catalina.startup.Catalina.load Initialization processed in 412 ms
20-Mar-2019 14:22:23.820 INFO [main] org.apache.catalina.core.StandardService.startInternal Starting service Catalina
20-Mar-2019 14:22:23.820 INFO [main] org.apache.catalina.core.StandardEngine.startInternal Starting Servlet Engine: Apache Tomcat/8.5.11
20-Mar-2019 14:22:23.861 INFO [localhost-startStop-1] org.apache.catalina.startup.HostConfig.deployDescriptor Deploying configuration descriptor /user/6/.base/yoeungm/home/ensimag_2/web/apache-tomcat-8.5.11/conf/Catalina/localhost/mavenproject1.xml
20-Mar-2019 14:22:23.947 WARNING [localhost-startStop-1] org.apache.catalina.startup.SetContextPropertiesRule.begin [SetContextPropertiesRule]{Context} Setting property 'antiJARLocking' to 'true' did not find a matching property.
20-Mar-2019 14:22:24.385 INFO [localhost-startStop-1] org.apache.jasper.servlet.TldScanner.scanJars At least one JAR was scanned for TLDs yet contained no TLDs. Enable debug logging for this logger for a complete list of JARs that were scanned but no TLDs were found in them. Skipping unneeded JARs during scanning can improve startup time and JSP compilation time.
20-Mar-2019 14:22:24.434 INFO [localhost-startStop-1] org.apache.catalina.startup.HostConfig.deployDescriptor Deployment of configuration descriptor /user/6/.base/yoeungm/home/ensimag_2/web/apache-tomcat-8.5.11/conf/Catalina/localhost/mavenproject1.xml has finished in 572 ms
20-Mar-2019 14:22:24.434 INFO [localhost-startStop-1] org.apache.catalina.startup.HostConfig.deployDescriptor Deploying configuration descriptor /user/6/.base/yoeungm/home/ensimag_2/web/apache-tomcat-8.5.11/conf/Catalina/localhost/mavenproject2.xml
20-Mar-2019 14:22:24.456 WARNING [localhost-startStop-1] org.apache.catalina.startup.SetContextPropertiesRule.begin [SetContextPropertiesRule]{Context} Setting property 'antiJARLocking' to 'true' did not find a matching property.
20-Mar-2019 14:22:24.814 INFO [localhost-startStop-1] org.apache.jasper.servlet.TldScanner.scanJars At least one JAR was scanned for TLDs yet contained no TLDs. Enable debug logging for this logger for a complete list of JARs that were scanned but no TLDs were found in them. Skipping unneeded JARs during scanning can improve startup time and JSP compilation time.
20-Mar-2019 14:22:24.903 INFO [localhost-startStop-1] org.apache.catalina.startup.HostConfig.deployDescriptor Deployment of configuration descriptor /user/6/.base/yoeungm/home/ensimag_2/web/apache-tomcat-8.5.11/conf/Catalina/localhost/mavenproject2.xml has finished in 469 ms
20-Mar-2019 14:22:24.904 INFO [localhost-startStop-1] org.apache.catalina.startup.HostConfig.deployDirectory Deploying web application directory /user/6/.base/yoeungm/home/ensimag_2/web/apache-tomcat-8.5.11/webapps/host-manager
20-Mar-2019 14:22:25.195 INFO [localhost-startStop-1] org.apache.jasper.servlet.TldScanner.scanJars At least one JAR was scanned for TLDs yet contained no TLDs. Enable debug logging for this logger for a complete list of JARs that were scanned but no TLDs were found in them. Skipping unneeded JARs during scanning can improve startup time and JSP compilation time.
20-Mar-2019 14:22:25.201 INFO [localhost-startStop-1] org.apache.catalina.startup.HostConfig.deployDirectory Deployment of web application directory /user/6/.base/yoeungm/home/ensimag_2/web/apache-tomcat-8.5.11/webapps/host-manager has finished in 297 ms
20-Mar-2019 14:22:25.201 INFO [localhost-startStop-1] org.apache.catalina.startup.HostConfig.deployDirectory Deploying web application directory /user/6/.base/yoeungm/home/ensimag_2/web/apache-tomcat-8.5.11/webapps/examples
20-Mar-2019 14:22:26.306 INFO [localhost-startStop-1] org.apache.jasper.servlet.TldScanner.scanJars At least one JAR was scanned for TLDs yet contained no TLDs. Enable debug logging for this logger for a complete list of JARs that were scanned but no TLDs were found in them. Skipping unneeded JARs during scanning can improve startup time and JSP compilation time.
20-Mar-2019 14:22:26.404 INFO [localhost-startStop-1] org.apache.catalina.startup.HostConfig.deployDirectory Deployment of web application directory /user/6/.base/yoeungm/home/ensimag_2/web/apache-tomcat-8.5.11/webapps/examples has finished in 1,203 ms
20-Mar-2019 14:22:26.405 INFO [localhost-startStop-1] org.apache.catalina.startup.HostConfig.deployDirectory Deploying web application directory /user/6/.base/yoeungm/home/ensimag_2/web/apache-tomcat-8.5.11/webapps/manager
20-Mar-2019 14:22:26.805 INFO [localhost-startStop-1] org.apache.jasper.servlet.TldScanner.scanJars At least one JAR was scanned for TLDs yet contained no TLDs. Enable debug logging for this logger for a complete list of JARs that were scanned but no TLDs were found in them. Skipping unneeded JARs during scanning can improve startup time and JSP compilation time.
20-Mar-2019 14:22:26.816 INFO [localhost-startStop-1] org.apache.catalina.startup.HostConfig.deployDirectory Deployment of web application directory /user/6/.base/yoeungm/home/ensimag_2/web/apache-tomcat-8.5.11/webapps/manager has finished in 411 ms
20-Mar-2019 14:22:26.816 INFO [localhost-startStop-1] org.apache.catalina.startup.HostConfig.deployDirectory Deploying web application directory /user/6/.base/yoeungm/home/ensimag_2/web/apache-tomcat-8.5.11/webapps/docs
20-Mar-2019 14:22:27.128 INFO [localhost-startStop-1] org.apache.jasper.servlet.TldScanner.scanJars At least one JAR was scanned for TLDs yet contained no TLDs. Enable debug logging for this logger for a complete list of JARs that were scanned but no TLDs were found in them. Skipping unneeded JARs during scanning can improve startup time and JSP compilation time.
20-Mar-2019 14:22:27.141 INFO [localhost-startStop-1] org.apache.catalina.startup.HostConfig.deployDirectory Deployment of web application directory /user/6/.base/yoeungm/home/ensimag_2/web/apache-tomcat-8.5.11/webapps/docs has finished in 325 ms
20-Mar-2019 14:22:27.141 INFO [localhost-startStop-1] org.apache.catalina.startup.HostConfig.deployDirectory Deploying web application directory /user/6/.base/yoeungm/home/ensimag_2/web/apache-tomcat-8.5.11/webapps/ROOT
20-Mar-2019 14:22:27.453 INFO [localhost-startStop-1] org.apache.jasper.servlet.TldScanner.scanJars At least one JAR was scanned for TLDs yet contained no TLDs. Enable debug logging for this logger for a complete list of JARs that were scanned but no TLDs were found in them. Skipping unneeded JARs during scanning can improve startup time and JSP compilation time.
20-Mar-2019 14:22:27.930 INFO [localhost-startStop-1] org.apache.catalina.startup.HostConfig.deployDirectory Deployment of web application directory /user/6/.base/yoeungm/home/ensimag_2/web/apache-tomcat-8.5.11/webapps/ROOT has finished in 789 ms
20-Mar-2019 14:22:27.944 INFO [main] org.apache.coyote.AbstractProtocol.start Starting ProtocolHandler [http-nio-8080]
20-Mar-2019 14:22:27.989 INFO [main] org.apache.coyote.AbstractProtocol.start Starting ProtocolHandler [ajp-nio-8009]
20-Mar-2019 14:22:28.033 INFO [main] org.apache.catalina.startup.Catalina.start Server startup in 4239 ms
20-Mar-2019 14:22:30.990 INFO [http-nio-8080-exec-10] org.apache.catalina.startup.HostConfig.undeploy Undeploying context [/mavenproject2]
20-Mar-2019 14:22:31.025 INFO [http-nio-8080-exec-9] org.apache.catalina.startup.HostConfig.deployDescriptor Deploying configuration descriptor /user/6/.base/yoeungm/home/ensimag_2/web/apache-tomcat-8.5.11/conf/Catalina/localhost/mavenproject2.xml
20-Mar-2019 14:22:31.029 WARNING [http-nio-8080-exec-9] org.apache.catalina.startup.SetContextPropertiesRule.begin [SetContextPropertiesRule]{Context} Setting property 'antiJARLocking' to 'true' did not find a matching property.
20-Mar-2019 14:22:31.250 INFO [http-nio-8080-exec-9] org.apache.jasper.servlet.TldScanner.scanJars At least one JAR was scanned for TLDs yet contained no TLDs. Enable debug logging for this logger for a complete list of JARs that were scanned but no TLDs were found in them. Skipping unneeded JARs during scanning can improve startup time and JSP compilation time.
20-Mar-2019 14:22:31.256 INFO [http-nio-8080-exec-9] org.apache.catalina.startup.HostConfig.deployDescriptor Deployment of configuration descriptor /user/6/.base/yoeungm/home/ensimag_2/web/apache-tomcat-8.5.11/conf/Catalina/localhost/mavenproject2.xml has finished in 232 ms
20-Mar-2019 14:22:31.265 INFO [http-nio-8080-exec-4] org.apache.catalina.util.LifecycleBase.start The start() method was called on component [StandardEngine[Catalina].StandardHost[localhost].StandardContext[/mavenproject2]] after start() had already been called. The second call will be ignored.
20-Mar-2019 17:11:18.838 INFO [Thread-5] org.apache.coyote.AbstractProtocol.pause Pausing ProtocolHandler ["http-nio-8080"]
20-Mar-2019 17:11:18.892 INFO [Thread-5] org.apache.coyote.AbstractProtocol.pause Pausing ProtocolHandler ["ajp-nio-8009"]
20-Mar-2019 17:11:18.943 INFO [Thread-5] org.apache.catalina.core.StandardService.stopInternal Stopping service Catalina
20-Mar-2019 17:11:18.976 INFO [Thread-5] org.apache.coyote.AbstractProtocol.stop Stopping ProtocolHandler ["http-nio-8080"]
20-Mar-2019 17:11:18.978 INFO [Thread-5] org.apache.coyote.AbstractProtocol.stop Stopping ProtocolHandler ["ajp-nio-8009"]
20-Mar-2019 17:11:18.979 INFO [Thread-5] org.apache.coyote.AbstractProtocol.destroy Destroying ProtocolHandler ["http-nio-8080"]
20-Mar-2019 17:11:18.979 INFO [Thread-5] org.apache.coyote.AbstractProtocol.destroy Destroying ProtocolHandler ["ajp-nio-8009"]
