16-Apr-2019 14:30:31.627 INFO [http-nio-8080-exec-8] org.apache.catalina.core.ApplicationContext.log Manager: init: Associated with Deployer 'Catalina:type=Deployer,host=localhost'
16-Apr-2019 14:30:31.627 INFO [http-nio-8080-exec-8] org.apache.catalina.core.ApplicationContext.log Manager: init: Global resources are available
16-Apr-2019 14:30:31.629 INFO [http-nio-8080-exec-8] org.apache.catalina.core.ApplicationContext.log Manager: list: Listing contexts for virtual host 'localhost'
16-Apr-2019 14:30:31.642 INFO [http-nio-8080-exec-10] org.apache.catalina.core.ApplicationContext.log Manager: list: Listing contexts for virtual host 'localhost'
16-Apr-2019 14:30:31.697 INFO [http-nio-8080-exec-1] org.apache.catalina.core.ApplicationContext.log Manager: undeploy: Undeploying web application at '/stories'
16-Apr-2019 14:30:32.274 INFO [http-nio-8080-exec-5] org.apache.catalina.core.ApplicationContext.log Manager: install: Installing context configuration at 'file:/tmp/context8965870803039968830.xml'
16-Apr-2019 14:30:32.469 INFO [http-nio-8080-exec-8] org.apache.catalina.core.ApplicationContext.log Manager: start: Starting web application '/stories'
16-Apr-2019 14:30:42.370 INFO [http-nio-8080-exec-5] org.apache.catalina.core.ApplicationContext.log Manager: list: Listing contexts for virtual host 'localhost'
16-Apr-2019 14:30:42.387 INFO [http-nio-8080-exec-8] org.apache.catalina.core.ApplicationContext.log Manager: undeploy: Undeploying web application at '/stories'
16-Apr-2019 14:32:20.845 INFO [http-nio-8080-exec-7] org.apache.catalina.core.ApplicationContext.log Manager: list: Listing contexts for virtual host 'localhost'
16-Apr-2019 14:32:28.141 INFO [http-nio-8080-exec-9] org.apache.catalina.core.ApplicationContext.log Manager: list: Listing contexts for virtual host 'localhost'
16-Apr-2019 14:32:28.146 INFO [http-nio-8080-exec-17] org.apache.catalina.core.ApplicationContext.log Manager: list: Listing contexts for virtual host 'localhost'
16-Apr-2019 14:32:28.161 INFO [http-nio-8080-exec-15] org.apache.catalina.core.ApplicationContext.log Manager: install: Installing context configuration at 'file:/tmp/context4003119491596694105.xml'
16-Apr-2019 14:32:28.494 INFO [http-nio-8080-exec-16] org.apache.catalina.core.ApplicationContext.log Manager: start: Starting web application '/stories'
16-Apr-2019 15:24:30.220 INFO [http-nio-8080-exec-17] org.apache.catalina.core.ApplicationContext.log Manager: list: Listing contexts for virtual host 'localhost'
16-Apr-2019 15:24:39.703 INFO [http-nio-8080-exec-18] org.apache.catalina.core.ApplicationContext.log Manager: list: Listing contexts for virtual host 'localhost'
16-Apr-2019 15:32:12.849 INFO [http-nio-8080-exec-21] org.apache.catalina.core.ApplicationContext.log Manager: list: Listing contexts for virtual host 'localhost'
16-Apr-2019 15:34:30.125 INFO [http-nio-8080-exec-16] org.apache.catalina.core.ApplicationContext.log Manager: list: Listing contexts for virtual host 'localhost'
16-Apr-2019 15:34:30.243 INFO [http-nio-8080-exec-19] org.apache.catalina.core.ApplicationContext.log Manager: restart: Reloading web application '/stories'
16-Apr-2019 15:34:59.183 INFO [http-nio-8080-exec-22] org.apache.catalina.core.ApplicationContext.log Manager: list: Listing contexts for virtual host 'localhost'
16-Apr-2019 15:34:59.295 INFO [http-nio-8080-exec-24] org.apache.catalina.core.ApplicationContext.log Manager: restart: Reloading web application '/stories'
16-Apr-2019 15:35:08.195 INFO [http-nio-8080-exec-17] org.apache.catalina.core.ApplicationContext.log Manager: list: Listing contexts for virtual host 'localhost'
16-Apr-2019 15:35:08.253 INFO [http-nio-8080-exec-13] org.apache.catalina.core.ApplicationContext.log Manager: restart: Reloading web application '/stories'
16-Apr-2019 15:37:39.230 INFO [http-nio-8080-exec-26] org.apache.catalina.core.ApplicationContext.log Manager: list: Listing contexts for virtual host 'localhost'
16-Apr-2019 15:37:39.320 INFO [http-nio-8080-exec-21] org.apache.catalina.core.ApplicationContext.log Manager: restart: Reloading web application '/stories'
16-Apr-2019 15:39:37.340 INFO [http-nio-8080-exec-22] org.apache.catalina.core.ApplicationContext.log Manager: list: Listing contexts for virtual host 'localhost'
16-Apr-2019 15:39:37.422 INFO [http-nio-8080-exec-13] org.apache.catalina.core.ApplicationContext.log Manager: restart: Reloading web application '/stories'
16-Apr-2019 15:40:04.712 INFO [http-nio-8080-exec-23] org.apache.catalina.core.ApplicationContext.log Manager: list: Listing contexts for virtual host 'localhost'
16-Apr-2019 15:40:04.786 INFO [http-nio-8080-exec-13] org.apache.catalina.core.ApplicationContext.log Manager: restart: Reloading web application '/stories'
16-Apr-2019 15:40:07.406 INFO [http-nio-8080-exec-33] org.apache.catalina.core.ApplicationContext.log Manager: list: Listing contexts for virtual host 'localhost'
16-Apr-2019 15:40:07.465 INFO [http-nio-8080-exec-13] org.apache.catalina.core.ApplicationContext.log Manager: restart: Reloading web application '/stories'
16-Apr-2019 15:40:15.843 INFO [http-nio-8080-exec-23] org.apache.catalina.core.ApplicationContext.log Manager: list: Listing contexts for virtual host 'localhost'
16-Apr-2019 15:40:15.906 INFO [http-nio-8080-exec-32] org.apache.catalina.core.ApplicationContext.log Manager: restart: Reloading web application '/stories'
16-Apr-2019 15:40:18.480 INFO [http-nio-8080-exec-27] org.apache.catalina.core.ApplicationContext.log Manager: list: Listing contexts for virtual host 'localhost'
16-Apr-2019 15:40:18.534 INFO [http-nio-8080-exec-36] org.apache.catalina.core.ApplicationContext.log Manager: restart: Reloading web application '/stories'
16-Apr-2019 15:40:20.762 INFO [http-nio-8080-exec-37] org.apache.catalina.core.ApplicationContext.log Manager: list: Listing contexts for virtual host 'localhost'
16-Apr-2019 15:40:20.892 INFO [http-nio-8080-exec-39] org.apache.catalina.core.ApplicationContext.log Manager: restart: Reloading web application '/stories'
16-Apr-2019 15:40:32.951 INFO [http-nio-8080-exec-32] org.apache.catalina.core.ApplicationContext.log Manager: list: Listing contexts for virtual host 'localhost'
16-Apr-2019 15:40:33.005 INFO [http-nio-8080-exec-41] org.apache.catalina.core.ApplicationContext.log Manager: restart: Reloading web application '/stories'
16-Apr-2019 15:40:35.897 INFO [http-nio-8080-exec-40] org.apache.catalina.core.ApplicationContext.log Manager: list: Listing contexts for virtual host 'localhost'
16-Apr-2019 15:40:35.953 INFO [http-nio-8080-exec-32] org.apache.catalina.core.ApplicationContext.log Manager: restart: Reloading web application '/stories'
16-Apr-2019 15:40:47.174 INFO [http-nio-8080-exec-43] org.apache.catalina.core.ApplicationContext.log Manager: list: Listing contexts for virtual host 'localhost'
16-Apr-2019 15:42:32.732 INFO [http-nio-8080-exec-48] org.apache.catalina.core.ApplicationContext.log Manager: list: Listing contexts for virtual host 'localhost'
16-Apr-2019 15:42:32.742 INFO [http-nio-8080-exec-27] org.apache.catalina.core.ApplicationContext.log Manager: undeploy: Undeploying web application at '/stories'
16-Apr-2019 15:42:51.599 INFO [http-nio-8080-exec-43] org.apache.catalina.core.ApplicationContext.log Manager: list: Listing contexts for virtual host 'localhost'
16-Apr-2019 15:42:57.961 INFO [http-nio-8080-exec-43] org.apache.catalina.core.ApplicationContext.log Manager: list: Listing contexts for virtual host 'localhost'
16-Apr-2019 15:42:57.964 INFO [http-nio-8080-exec-45] org.apache.catalina.core.ApplicationContext.log Manager: list: Listing contexts for virtual host 'localhost'
16-Apr-2019 15:42:58.001 INFO [http-nio-8080-exec-51] org.apache.catalina.core.ApplicationContext.log Manager: install: Installing context configuration at 'file:/tmp/context4396828074562175337.xml'
16-Apr-2019 15:42:58.202 INFO [http-nio-8080-exec-39] org.apache.catalina.core.ApplicationContext.log Manager: start: Starting web application '/stories'
16-Apr-2019 15:44:58.313 INFO [http-nio-8080-exec-57] org.apache.catalina.core.ApplicationContext.log Manager: list: Listing contexts for virtual host 'localhost'
16-Apr-2019 15:44:58.406 INFO [http-nio-8080-exec-51] org.apache.catalina.core.ApplicationContext.log Manager: restart: Reloading web application '/stories'
16-Apr-2019 15:46:53.906 INFO [http-nio-8080-exec-65] org.apache.catalina.core.ApplicationContext.log Manager: list: Listing contexts for virtual host 'localhost'
16-Apr-2019 15:46:54.044 INFO [http-nio-8080-exec-67] org.apache.catalina.core.ApplicationContext.log Manager: restart: Reloading web application '/stories'
16-Apr-2019 15:46:54.286 INFO [http-nio-8080-exec-64] org.apache.catalina.core.ApplicationContext.log Manager: list: Listing contexts for virtual host 'localhost'
16-Apr-2019 15:46:54.682 INFO [http-nio-8080-exec-60] org.apache.catalina.core.ApplicationContext.log Manager: list: Listing contexts for virtual host 'localhost'
16-Apr-2019 15:46:54.849 INFO [http-nio-8080-exec-64] org.apache.catalina.core.ApplicationContext.log Manager: restart: Reloading web application '/stories'
16-Apr-2019 15:46:55.049 INFO [http-nio-8080-exec-69] org.apache.catalina.core.ApplicationContext.log Manager: list: Listing contexts for virtual host 'localhost'
16-Apr-2019 15:46:55.190 INFO [http-nio-8080-exec-63] org.apache.catalina.core.ApplicationContext.log Manager: restart: Reloading web application '/stories'
16-Apr-2019 15:48:39.906 INFO [http-nio-8080-exec-61] org.apache.catalina.core.ApplicationContext.log Manager: list: Listing contexts for virtual host 'localhost'
16-Apr-2019 15:48:39.991 INFO [http-nio-8080-exec-64] org.apache.catalina.core.ApplicationContext.log Manager: restart: Reloading web application '/stories'
16-Apr-2019 15:49:10.922 INFO [http-nio-8080-exec-74] org.apache.catalina.core.ApplicationContext.log Manager: list: Listing contexts for virtual host 'localhost'
16-Apr-2019 15:49:10.979 INFO [http-nio-8080-exec-75] org.apache.catalina.core.ApplicationContext.log Manager: restart: Reloading web application '/stories'
16-Apr-2019 15:53:13.423 INFO [http-nio-8080-exec-64] org.apache.catalina.core.ApplicationContext.log Manager: list: Listing contexts for virtual host 'localhost'
16-Apr-2019 15:53:13.534 INFO [http-nio-8080-exec-75] org.apache.catalina.core.ApplicationContext.log Manager: restart: Reloading web application '/stories'
16-Apr-2019 15:54:53.394 INFO [http-nio-8080-exec-71] org.apache.catalina.core.ApplicationContext.log Manager: list: Listing contexts for virtual host 'localhost'
16-Apr-2019 15:54:53.466 INFO [http-nio-8080-exec-84] org.apache.catalina.core.ApplicationContext.log Manager: restart: Reloading web application '/stories'
16-Apr-2019 15:55:10.179 INFO [http-nio-8080-exec-75] org.apache.catalina.core.ApplicationContext.log Manager: list: Listing contexts for virtual host 'localhost'
16-Apr-2019 15:55:10.233 INFO [http-nio-8080-exec-71] org.apache.catalina.core.ApplicationContext.log Manager: restart: Reloading web application '/stories'
16-Apr-2019 15:55:24.410 INFO [http-nio-8080-exec-87] org.apache.catalina.core.ApplicationContext.log Manager: list: Listing contexts for virtual host 'localhost'
16-Apr-2019 15:55:24.462 INFO [http-nio-8080-exec-77] org.apache.catalina.core.ApplicationContext.log Manager: restart: Reloading web application '/stories'
16-Apr-2019 15:56:12.661 INFO [http-nio-8080-exec-72] org.apache.catalina.core.ApplicationContext.log Manager: list: Listing contexts for virtual host 'localhost'
16-Apr-2019 15:56:12.722 INFO [http-nio-8080-exec-71] org.apache.catalina.core.ApplicationContext.log Manager: restart: Reloading web application '/stories'
16-Apr-2019 15:56:16.185 INFO [http-nio-8080-exec-90] org.apache.catalina.core.ApplicationContext.log Manager: list: Listing contexts for virtual host 'localhost'
16-Apr-2019 15:56:16.232 INFO [http-nio-8080-exec-78] org.apache.catalina.core.ApplicationContext.log Manager: restart: Reloading web application '/stories'
16-Apr-2019 15:56:45.083 INFO [http-nio-8080-exec-77] org.apache.catalina.core.ApplicationContext.log Manager: list: Listing contexts for virtual host 'localhost'
16-Apr-2019 15:56:45.145 INFO [http-nio-8080-exec-90] org.apache.catalina.core.ApplicationContext.log Manager: restart: Reloading web application '/stories'
16-Apr-2019 15:57:28.645 INFO [http-nio-8080-exec-91] org.apache.catalina.core.ApplicationContext.log Manager: list: Listing contexts for virtual host 'localhost'
16-Apr-2019 15:57:28.706 INFO [http-nio-8080-exec-94] org.apache.catalina.core.ApplicationContext.log Manager: restart: Reloading web application '/stories'
16-Apr-2019 15:57:54.122 INFO [http-nio-8080-exec-95] org.apache.catalina.core.ApplicationContext.log Manager: list: Listing contexts for virtual host 'localhost'
16-Apr-2019 15:57:54.176 INFO [http-nio-8080-exec-94] org.apache.catalina.core.ApplicationContext.log Manager: restart: Reloading web application '/stories'
16-Apr-2019 16:01:20.452 INFO [http-nio-8080-exec-86] org.apache.catalina.core.ApplicationContext.log Manager: list: Listing contexts for virtual host 'localhost'
16-Apr-2019 16:01:20.635 INFO [http-nio-8080-exec-94] org.apache.catalina.core.ApplicationContext.log Manager: restart: Reloading web application '/stories'
16-Apr-2019 16:01:39.701 INFO [http-nio-8080-exec-87] org.apache.catalina.core.ApplicationContext.log Manager: list: Listing contexts for virtual host 'localhost'
16-Apr-2019 16:01:39.760 INFO [http-nio-8080-exec-94] org.apache.catalina.core.ApplicationContext.log Manager: restart: Reloading web application '/stories'
16-Apr-2019 16:01:41.220 INFO [http-nio-8080-exec-104] org.apache.catalina.core.ApplicationContext.log Manager: list: Listing contexts for virtual host 'localhost'
16-Apr-2019 16:01:41.281 INFO [http-nio-8080-exec-94] org.apache.catalina.core.ApplicationContext.log Manager: restart: Reloading web application '/stories'
16-Apr-2019 16:01:50.440 INFO [http-nio-8080-exec-94] org.apache.catalina.core.ApplicationContext.log Manager: list: Listing contexts for virtual host 'localhost'
16-Apr-2019 16:01:50.512 INFO [http-nio-8080-exec-107] org.apache.catalina.core.ApplicationContext.log Manager: restart: Reloading web application '/stories'
16-Apr-2019 16:02:01.926 INFO [http-nio-8080-exec-103] org.apache.catalina.core.ApplicationContext.log Manager: list: Listing contexts for virtual host 'localhost'
16-Apr-2019 16:02:01.984 INFO [http-nio-8080-exec-100] org.apache.catalina.core.ApplicationContext.log Manager: restart: Reloading web application '/stories'
16-Apr-2019 16:02:11.942 INFO [http-nio-8080-exec-103] org.apache.catalina.core.ApplicationContext.log Manager: list: Listing contexts for virtual host 'localhost'
16-Apr-2019 16:02:12.002 INFO [http-nio-8080-exec-108] org.apache.catalina.core.ApplicationContext.log Manager: restart: Reloading web application '/stories'
16-Apr-2019 16:02:27.790 INFO [http-nio-8080-exec-111] org.apache.catalina.core.ApplicationContext.log Manager: list: Listing contexts for virtual host 'localhost'
16-Apr-2019 16:02:27.862 INFO [http-nio-8080-exec-110] org.apache.catalina.core.ApplicationContext.log Manager: restart: Reloading web application '/stories'
16-Apr-2019 16:02:31.358 INFO [http-nio-8080-exec-112] org.apache.catalina.core.ApplicationContext.log Manager: list: Listing contexts for virtual host 'localhost'
16-Apr-2019 16:02:31.421 INFO [http-nio-8080-exec-86] org.apache.catalina.core.ApplicationContext.log Manager: restart: Reloading web application '/stories'
16-Apr-2019 16:02:39.075 INFO [http-nio-8080-exec-103] org.apache.catalina.core.ApplicationContext.log Manager: list: Listing contexts for virtual host 'localhost'
16-Apr-2019 16:02:39.136 INFO [http-nio-8080-exec-114] org.apache.catalina.core.ApplicationContext.log Manager: restart: Reloading web application '/stories'
16-Apr-2019 16:07:23.501 INFO [http-nio-8080-exec-86] org.apache.catalina.core.ApplicationContext.log Manager: list: Listing contexts for virtual host 'localhost'
16-Apr-2019 16:07:37.337 INFO [http-nio-8080-exec-86] org.apache.catalina.core.ApplicationContext.log Manager: list: Listing contexts for virtual host 'localhost'
16-Apr-2019 16:07:39.671 INFO [http-nio-8080-exec-119] org.apache.catalina.core.ApplicationContext.log Manager: list: Listing contexts for virtual host 'localhost'
16-Apr-2019 16:07:50.277 INFO [http-nio-8080-exec-117] org.apache.catalina.core.ApplicationContext.log Manager: list: Listing contexts for virtual host 'localhost'
16-Apr-2019 16:09:01.663 INFO [http-nio-8080-exec-124] org.apache.catalina.core.ApplicationContext.log Manager: list: Listing contexts for virtual host 'localhost'
16-Apr-2019 16:09:10.494 INFO [http-nio-8080-exec-123] org.apache.catalina.core.ApplicationContext.log Manager: list: Listing contexts for virtual host 'localhost'
16-Apr-2019 16:09:16.252 INFO [http-nio-8080-exec-121] org.apache.catalina.core.ApplicationContext.log Manager: list: Listing contexts for virtual host 'localhost'
16-Apr-2019 16:09:57.402 INFO [http-nio-8080-exec-122] org.apache.catalina.core.ApplicationContext.log Manager: list: Listing contexts for virtual host 'localhost'
16-Apr-2019 16:09:57.483 INFO [http-nio-8080-exec-124] org.apache.catalina.core.ApplicationContext.log Manager: restart: Reloading web application '/stories'
16-Apr-2019 16:10:13.448 INFO [http-nio-8080-exec-117] org.apache.catalina.core.ApplicationContext.log Manager: list: Listing contexts for virtual host 'localhost'
16-Apr-2019 16:10:13.499 INFO [http-nio-8080-exec-128] org.apache.catalina.core.ApplicationContext.log Manager: restart: Reloading web application '/stories'
16-Apr-2019 16:10:19.492 INFO [http-nio-8080-exec-123] org.apache.catalina.core.ApplicationContext.log Manager: list: Listing contexts for virtual host 'localhost'
16-Apr-2019 16:10:19.550 INFO [http-nio-8080-exec-118] org.apache.catalina.core.ApplicationContext.log Manager: restart: Reloading web application '/stories'
16-Apr-2019 16:10:32.089 INFO [http-nio-8080-exec-122] org.apache.catalina.core.ApplicationContext.log Manager: list: Listing contexts for virtual host 'localhost'
16-Apr-2019 16:10:32.147 INFO [http-nio-8080-exec-117] org.apache.catalina.core.ApplicationContext.log Manager: restart: Reloading web application '/stories'
16-Apr-2019 16:10:51.223 INFO [http-nio-8080-exec-120] org.apache.catalina.core.ApplicationContext.log Manager: list: Listing contexts for virtual host 'localhost'
16-Apr-2019 16:10:51.276 INFO [http-nio-8080-exec-123] org.apache.catalina.core.ApplicationContext.log Manager: restart: Reloading web application '/stories'
16-Apr-2019 16:10:54.298 INFO [http-nio-8080-exec-120] org.apache.catalina.core.ApplicationContext.log Manager: list: Listing contexts for virtual host 'localhost'
16-Apr-2019 16:10:54.368 INFO [http-nio-8080-exec-123] org.apache.catalina.core.ApplicationContext.log Manager: restart: Reloading web application '/stories'
16-Apr-2019 16:11:02.444 INFO [http-nio-8080-exec-130] org.apache.catalina.core.ApplicationContext.log Manager: list: Listing contexts for virtual host 'localhost'
16-Apr-2019 16:11:02.556 INFO [http-nio-8080-exec-127] org.apache.catalina.core.ApplicationContext.log Manager: restart: Reloading web application '/stories'
16-Apr-2019 16:11:37.869 INFO [http-nio-8080-exec-134] org.apache.catalina.core.ApplicationContext.log Manager: list: Listing contexts for virtual host 'localhost'
16-Apr-2019 16:11:37.946 INFO [http-nio-8080-exec-136] org.apache.catalina.core.ApplicationContext.log Manager: restart: Reloading web application '/stories'
16-Apr-2019 16:11:46.080 INFO [http-nio-8080-exec-125] org.apache.catalina.core.ApplicationContext.log Manager: list: Listing contexts for virtual host 'localhost'
16-Apr-2019 16:11:46.140 INFO [http-nio-8080-exec-135] org.apache.catalina.core.ApplicationContext.log Manager: restart: Reloading web application '/stories'
16-Apr-2019 16:12:57.467 INFO [http-nio-8080-exec-137] org.apache.catalina.core.ApplicationContext.log Manager: list: Listing contexts for virtual host 'localhost'
16-Apr-2019 16:12:57.539 INFO [http-nio-8080-exec-135] org.apache.catalina.core.ApplicationContext.log Manager: restart: Reloading web application '/stories'
16-Apr-2019 16:14:05.310 INFO [http-nio-8080-exec-137] org.apache.catalina.core.ApplicationContext.log Manager: list: Listing contexts for virtual host 'localhost'
16-Apr-2019 16:14:05.391 INFO [http-nio-8080-exec-135] org.apache.catalina.core.ApplicationContext.log Manager: restart: Reloading web application '/stories'
16-Apr-2019 16:14:09.608 INFO [http-nio-8080-exec-141] org.apache.catalina.core.ApplicationContext.log Manager: list: Listing contexts for virtual host 'localhost'
16-Apr-2019 16:14:09.660 INFO [http-nio-8080-exec-140] org.apache.catalina.core.ApplicationContext.log Manager: restart: Reloading web application '/stories'
16-Apr-2019 16:14:30.806 INFO [http-nio-8080-exec-147] org.apache.catalina.core.ApplicationContext.log Manager: list: Listing contexts for virtual host 'localhost'
16-Apr-2019 16:14:30.859 INFO [http-nio-8080-exec-141] org.apache.catalina.core.ApplicationContext.log Manager: restart: Reloading web application '/stories'
16-Apr-2019 16:14:50.521 INFO [http-nio-8080-exec-135] org.apache.catalina.core.ApplicationContext.log Manager: list: Listing contexts for virtual host 'localhost'
16-Apr-2019 16:14:50.608 INFO [http-nio-8080-exec-140] org.apache.catalina.core.ApplicationContext.log Manager: restart: Reloading web application '/stories'
16-Apr-2019 16:15:15.695 INFO [http-nio-8080-exec-148] org.apache.catalina.core.ApplicationContext.log Manager: list: Listing contexts for virtual host 'localhost'
16-Apr-2019 16:15:15.757 INFO [http-nio-8080-exec-141] org.apache.catalina.core.ApplicationContext.log Manager: restart: Reloading web application '/stories'
16-Apr-2019 16:15:24.168 INFO [http-nio-8080-exec-149] org.apache.catalina.core.ApplicationContext.log Manager: list: Listing contexts for virtual host 'localhost'
16-Apr-2019 16:15:24.231 INFO [http-nio-8080-exec-140] org.apache.catalina.core.ApplicationContext.log Manager: restart: Reloading web application '/stories'
16-Apr-2019 16:15:39.675 INFO [http-nio-8080-exec-135] org.apache.catalina.core.ApplicationContext.log Manager: list: Listing contexts for virtual host 'localhost'
16-Apr-2019 16:15:39.721 INFO [http-nio-8080-exec-149] org.apache.catalina.core.ApplicationContext.log Manager: restart: Reloading web application '/stories'
16-Apr-2019 16:15:51.536 INFO [http-nio-8080-exec-135] org.apache.catalina.core.ApplicationContext.log Manager: list: Listing contexts for virtual host 'localhost'
16-Apr-2019 16:15:51.599 INFO [http-nio-8080-exec-140] org.apache.catalina.core.ApplicationContext.log Manager: restart: Reloading web application '/stories'
16-Apr-2019 16:16:13.827 INFO [http-nio-8080-exec-150] org.apache.catalina.core.ApplicationContext.log Manager: list: Listing contexts for virtual host 'localhost'
16-Apr-2019 16:16:13.883 INFO [http-nio-8080-exec-157] org.apache.catalina.core.ApplicationContext.log Manager: restart: Reloading web application '/stories'
16-Apr-2019 16:16:16.856 INFO [http-nio-8080-exec-141] org.apache.catalina.core.ApplicationContext.log Manager: list: Listing contexts for virtual host 'localhost'
16-Apr-2019 16:16:16.931 INFO [http-nio-8080-exec-137] org.apache.catalina.core.ApplicationContext.log Manager: restart: Reloading web application '/stories'
16-Apr-2019 16:22:17.640 INFO [http-nio-8080-exec-163] org.apache.catalina.core.ApplicationContext.log Manager: list: Listing contexts for virtual host 'localhost'
16-Apr-2019 16:22:27.085 INFO [http-nio-8080-exec-167] org.apache.catalina.core.ApplicationContext.log Manager: list: Listing contexts for virtual host 'localhost'
16-Apr-2019 16:23:16.582 INFO [http-nio-8080-exec-166] org.apache.catalina.core.ApplicationContext.log Manager: list: Listing contexts for virtual host 'localhost'
16-Apr-2019 16:23:33.083 INFO [http-nio-8080-exec-164] org.apache.catalina.core.ApplicationContext.log Manager: list: Listing contexts for virtual host 'localhost'
16-Apr-2019 16:23:49.556 INFO [http-nio-8080-exec-169] org.apache.catalina.core.ApplicationContext.log Manager: list: Listing contexts for virtual host 'localhost'
16-Apr-2019 16:24:19.107 INFO [http-nio-8080-exec-170] org.apache.catalina.core.ApplicationContext.log Manager: list: Listing contexts for virtual host 'localhost'
16-Apr-2019 16:24:23.427 INFO [http-nio-8080-exec-167] org.apache.catalina.core.ApplicationContext.log Manager: list: Listing contexts for virtual host 'localhost'
16-Apr-2019 16:24:51.291 INFO [http-nio-8080-exec-165] org.apache.catalina.core.ApplicationContext.log Manager: list: Listing contexts for virtual host 'localhost'
16-Apr-2019 16:26:07.000 INFO [http-nio-8080-exec-171] org.apache.catalina.core.ApplicationContext.log Manager: list: Listing contexts for virtual host 'localhost'
16-Apr-2019 16:26:12.000 INFO [http-nio-8080-exec-168] org.apache.catalina.core.ApplicationContext.log Manager: list: Listing contexts for virtual host 'localhost'
16-Apr-2019 16:26:36.483 INFO [http-nio-8080-exec-163] org.apache.catalina.core.ApplicationContext.log Manager: list: Listing contexts for virtual host 'localhost'
16-Apr-2019 16:26:52.887 INFO [http-nio-8080-exec-167] org.apache.catalina.core.ApplicationContext.log Manager: list: Listing contexts for virtual host 'localhost'
16-Apr-2019 16:27:17.012 INFO [http-nio-8080-exec-165] org.apache.catalina.core.ApplicationContext.log Manager: list: Listing contexts for virtual host 'localhost'
16-Apr-2019 16:27:33.429 INFO [http-nio-8080-exec-171] org.apache.catalina.core.ApplicationContext.log Manager: list: Listing contexts for virtual host 'localhost'
16-Apr-2019 16:27:52.201 INFO [http-nio-8080-exec-168] org.apache.catalina.core.ApplicationContext.log Manager: list: Listing contexts for virtual host 'localhost'
16-Apr-2019 16:28:25.738 INFO [http-nio-8080-exec-170] org.apache.catalina.core.ApplicationContext.log Manager: list: Listing contexts for virtual host 'localhost'
16-Apr-2019 16:34:19.496 INFO [http-nio-8080-exec-170] org.apache.catalina.core.ApplicationContext.log Manager: list: Listing contexts for virtual host 'localhost'
16-Apr-2019 16:34:39.386 INFO [http-nio-8080-exec-167] org.apache.catalina.core.ApplicationContext.log Manager: list: Listing contexts for virtual host 'localhost'
16-Apr-2019 16:34:43.302 INFO [http-nio-8080-exec-165] org.apache.catalina.core.ApplicationContext.log Manager: list: Listing contexts for virtual host 'localhost'
16-Apr-2019 16:34:58.530 INFO [http-nio-8080-exec-165] org.apache.catalina.core.ApplicationContext.log Manager: list: Listing contexts for virtual host 'localhost'
16-Apr-2019 16:35:07.945 INFO [http-nio-8080-exec-164] org.apache.catalina.core.ApplicationContext.log Manager: list: Listing contexts for virtual host 'localhost'
16-Apr-2019 16:35:56.021 INFO [http-nio-8080-exec-169] org.apache.catalina.core.ApplicationContext.log Manager: list: Listing contexts for virtual host 'localhost'
16-Apr-2019 16:36:08.687 INFO [http-nio-8080-exec-170] org.apache.catalina.core.ApplicationContext.log Manager: list: Listing contexts for virtual host 'localhost'
16-Apr-2019 16:37:08.877 INFO [http-nio-8080-exec-163] org.apache.catalina.core.ApplicationContext.log Manager: list: Listing contexts for virtual host 'localhost'
16-Apr-2019 16:37:12.746 INFO [http-nio-8080-exec-162] org.apache.catalina.core.ApplicationContext.log Manager: list: Listing contexts for virtual host 'localhost'
16-Apr-2019 16:37:14.023 INFO [http-nio-8080-exec-166] org.apache.catalina.core.ApplicationContext.log Manager: list: Listing contexts for virtual host 'localhost'
16-Apr-2019 16:37:14.914 INFO [http-nio-8080-exec-169] org.apache.catalina.core.ApplicationContext.log Manager: list: Listing contexts for virtual host 'localhost'
16-Apr-2019 16:37:21.356 INFO [http-nio-8080-exec-169] org.apache.catalina.core.ApplicationContext.log Manager: list: Listing contexts for virtual host 'localhost'
16-Apr-2019 16:37:24.054 INFO [http-nio-8080-exec-170] org.apache.catalina.core.ApplicationContext.log Manager: list: Listing contexts for virtual host 'localhost'
16-Apr-2019 16:38:03.141 INFO [http-nio-8080-exec-167] org.apache.catalina.core.ApplicationContext.log Manager: list: Listing contexts for virtual host 'localhost'
16-Apr-2019 16:38:24.143 INFO [http-nio-8080-exec-167] org.apache.catalina.core.ApplicationContext.log Manager: list: Listing contexts for virtual host 'localhost'
16-Apr-2019 16:38:24.226 INFO [http-nio-8080-exec-170] org.apache.catalina.core.ApplicationContext.log Manager: restart: Reloading web application '/stories'
16-Apr-2019 16:38:30.072 INFO [http-nio-8080-exec-168] org.apache.catalina.core.ApplicationContext.log Manager: list: Listing contexts for virtual host 'localhost'
16-Apr-2019 16:38:30.129 INFO [http-nio-8080-exec-173] org.apache.catalina.core.ApplicationContext.log Manager: restart: Reloading web application '/stories'
16-Apr-2019 16:38:39.345 INFO [http-nio-8080-exec-168] org.apache.catalina.core.ApplicationContext.log Manager: list: Listing contexts for virtual host 'localhost'
16-Apr-2019 16:38:39.405 INFO [http-nio-8080-exec-169] org.apache.catalina.core.ApplicationContext.log Manager: restart: Reloading web application '/stories'
16-Apr-2019 16:38:46.504 INFO [http-nio-8080-exec-171] org.apache.catalina.core.ApplicationContext.log Manager: list: Listing contexts for virtual host 'localhost'
16-Apr-2019 16:38:46.561 INFO [http-nio-8080-exec-174] org.apache.catalina.core.ApplicationContext.log Manager: restart: Reloading web application '/stories'
16-Apr-2019 16:38:54.529 INFO [http-nio-8080-exec-164] org.apache.catalina.core.ApplicationContext.log Manager: list: Listing contexts for virtual host 'localhost'
16-Apr-2019 16:38:54.662 INFO [http-nio-8080-exec-169] org.apache.catalina.core.ApplicationContext.log Manager: restart: Reloading web application '/stories'
16-Apr-2019 16:39:26.408 INFO [http-nio-8080-exec-163] org.apache.catalina.core.ApplicationContext.log Manager: list: Listing contexts for virtual host 'localhost'
16-Apr-2019 16:39:34.803 INFO [http-nio-8080-exec-168] org.apache.catalina.core.ApplicationContext.log Manager: list: Listing contexts for virtual host 'localhost'
16-Apr-2019 16:40:11.119 INFO [http-nio-8080-exec-175] org.apache.catalina.core.ApplicationContext.log Manager: list: Listing contexts for virtual host 'localhost'
16-Apr-2019 16:44:06.092 INFO [http-nio-8080-exec-182] org.apache.catalina.core.ApplicationContext.log Manager: list: Listing contexts for virtual host 'localhost'
16-Apr-2019 16:44:19.261 INFO [http-nio-8080-exec-182] org.apache.catalina.core.ApplicationContext.log Manager: list: Listing contexts for virtual host 'localhost'
16-Apr-2019 16:44:19.270 INFO [http-nio-8080-exec-184] org.apache.catalina.core.ApplicationContext.log Manager: undeploy: Undeploying web application at '/stories'
16-Apr-2019 16:46:00.387 INFO [http-nio-8080-exec-181] org.apache.catalina.core.ApplicationContext.log Manager: list: Listing contexts for virtual host 'localhost'
16-Apr-2019 16:46:03.556 INFO [http-nio-8080-exec-179] org.apache.catalina.core.ApplicationContext.log Manager: list: Listing contexts for virtual host 'localhost'
16-Apr-2019 16:46:13.723 INFO [http-nio-8080-exec-190] org.apache.catalina.core.ApplicationContext.log Manager: list: Listing contexts for virtual host 'localhost'
16-Apr-2019 16:46:22.773 INFO [http-nio-8080-exec-187] org.apache.catalina.core.ApplicationContext.log Manager: list: Listing contexts for virtual host 'localhost'
16-Apr-2019 16:46:27.059 INFO [http-nio-8080-exec-191] org.apache.catalina.core.ApplicationContext.log Manager: list: Listing contexts for virtual host 'localhost'
16-Apr-2019 16:46:35.752 INFO [http-nio-8080-exec-193] org.apache.catalina.core.ApplicationContext.log Manager: list: Listing contexts for virtual host 'localhost'
16-Apr-2019 16:46:48.191 INFO [http-nio-8080-exec-192] org.apache.catalina.core.ApplicationContext.log Manager: list: Listing contexts for virtual host 'localhost'
16-Apr-2019 16:47:08.361 INFO [http-nio-8080-exec-188] org.apache.catalina.core.ApplicationContext.log Manager: list: Listing contexts for virtual host 'localhost'
16-Apr-2019 16:47:38.549 INFO [http-nio-8080-exec-187] org.apache.catalina.core.ApplicationContext.log Manager: list: Listing contexts for virtual host 'localhost'
16-Apr-2019 16:47:43.538 INFO [http-nio-8080-exec-195] org.apache.catalina.core.ApplicationContext.log Manager: list: Listing contexts for virtual host 'localhost'
16-Apr-2019 16:49:02.187 INFO [http-nio-8080-exec-194] org.apache.catalina.core.ApplicationContext.log Manager: list: Listing contexts for virtual host 'localhost'
16-Apr-2019 16:49:04.960 INFO [http-nio-8080-exec-187] org.apache.catalina.core.ApplicationContext.log Manager: list: Listing contexts for virtual host 'localhost'
16-Apr-2019 16:50:09.806 INFO [http-nio-8080-exec-196] org.apache.catalina.core.ApplicationContext.log Manager: list: Listing contexts for virtual host 'localhost'
16-Apr-2019 16:50:22.928 INFO [http-nio-8080-exec-195] org.apache.catalina.core.ApplicationContext.log Manager: list: Listing contexts for virtual host 'localhost'
16-Apr-2019 16:51:40.428 INFO [http-nio-8080-exec-194] org.apache.catalina.core.ApplicationContext.log Manager: list: Listing contexts for virtual host 'localhost'
16-Apr-2019 16:51:52.850 INFO [http-nio-8080-exec-188] org.apache.catalina.core.ApplicationContext.log Manager: list: Listing contexts for virtual host 'localhost'
16-Apr-2019 16:53:20.489 INFO [http-nio-8080-exec-187] org.apache.catalina.core.ApplicationContext.log Manager: list: Listing contexts for virtual host 'localhost'
16-Apr-2019 16:53:40.624 INFO [http-nio-8080-exec-196] org.apache.catalina.core.ApplicationContext.log Manager: list: Listing contexts for virtual host 'localhost'
16-Apr-2019 16:53:58.648 INFO [http-nio-8080-exec-195] org.apache.catalina.core.ApplicationContext.log Manager: list: Listing contexts for virtual host 'localhost'
16-Apr-2019 16:53:59.729 INFO [http-nio-8080-exec-188] org.apache.catalina.core.ApplicationContext.log Manager: list: Listing contexts for virtual host 'localhost'
16-Apr-2019 16:54:22.278 INFO [http-nio-8080-exec-189] org.apache.catalina.core.ApplicationContext.log Manager: list: Listing contexts for virtual host 'localhost'
16-Apr-2019 16:54:27.190 INFO [http-nio-8080-exec-193] org.apache.catalina.core.ApplicationContext.log Manager: list: Listing contexts for virtual host 'localhost'
16-Apr-2019 16:55:17.635 INFO [http-nio-8080-exec-194] org.apache.catalina.core.ApplicationContext.log Manager: list: Listing contexts for virtual host 'localhost'
16-Apr-2019 16:55:30.184 INFO [http-nio-8080-exec-190] org.apache.catalina.core.ApplicationContext.log Manager: list: Listing contexts for virtual host 'localhost'
16-Apr-2019 16:55:38.817 INFO [http-nio-8080-exec-196] org.apache.catalina.core.ApplicationContext.log Manager: list: Listing contexts for virtual host 'localhost'
16-Apr-2019 16:55:43.450 INFO [http-nio-8080-exec-193] org.apache.catalina.core.ApplicationContext.log Manager: list: Listing contexts for virtual host 'localhost'
16-Apr-2019 16:55:44.411 INFO [http-nio-8080-exec-187] org.apache.catalina.core.ApplicationContext.log Manager: list: Listing contexts for virtual host 'localhost'
16-Apr-2019 16:55:50.376 INFO [http-nio-8080-exec-187] org.apache.catalina.core.ApplicationContext.log Manager: list: Listing contexts for virtual host 'localhost'
16-Apr-2019 16:55:50.378 INFO [http-nio-8080-exec-194] org.apache.catalina.core.ApplicationContext.log Manager: list: Listing contexts for virtual host 'localhost'
16-Apr-2019 16:55:50.398 INFO [http-nio-8080-exec-195] org.apache.catalina.core.ApplicationContext.log Manager: install: Installing context configuration at 'file:/tmp/context3446689438123456960.xml'
16-Apr-2019 16:55:50.606 INFO [http-nio-8080-exec-189] org.apache.catalina.core.ApplicationContext.log Manager: start: Starting web application '/stories'
16-Apr-2019 16:57:34.426 INFO [http-nio-8080-exec-189] org.apache.catalina.core.ApplicationContext.log Manager: list: Listing contexts for virtual host 'localhost'
16-Apr-2019 16:57:34.434 INFO [http-nio-8080-exec-190] org.apache.catalina.core.ApplicationContext.log Manager: undeploy: Undeploying web application at '/stories'
16-Apr-2019 16:57:42.920 INFO [http-nio-8080-exec-195] org.apache.catalina.core.ApplicationContext.log Manager: list: Listing contexts for virtual host 'localhost'
16-Apr-2019 16:57:42.922 INFO [http-nio-8080-exec-191] org.apache.catalina.core.ApplicationContext.log Manager: list: Listing contexts for virtual host 'localhost'
16-Apr-2019 16:57:42.948 INFO [http-nio-8080-exec-194] org.apache.catalina.core.ApplicationContext.log Manager: install: Installing context configuration at 'file:/tmp/context6776841615128870359.xml'
16-Apr-2019 16:57:43.144 INFO [http-nio-8080-exec-189] org.apache.catalina.core.ApplicationContext.log Manager: start: Starting web application '/stories'
16-Apr-2019 16:59:14.525 INFO [http-nio-8080-exec-202] org.apache.catalina.core.ApplicationContext.log Manager: list: Listing contexts for virtual host 'localhost'
16-Apr-2019 16:59:14.638 INFO [http-nio-8080-exec-196] org.apache.catalina.core.ApplicationContext.log Manager: restart: Reloading web application '/stories'
16-Apr-2019 17:01:42.530 INFO [http-nio-8080-exec-189] org.apache.catalina.core.ApplicationContext.log Manager: list: Listing contexts for virtual host 'localhost'
16-Apr-2019 17:01:42.592 INFO [http-nio-8080-exec-196] org.apache.catalina.core.ApplicationContext.log Manager: restart: Reloading web application '/stories'
16-Apr-2019 17:01:45.045 INFO [http-nio-8080-exec-206] org.apache.catalina.core.ApplicationContext.log Manager: list: Listing contexts for virtual host 'localhost'
16-Apr-2019 17:01:45.107 INFO [http-nio-8080-exec-204] org.apache.catalina.core.ApplicationContext.log Manager: restart: Reloading web application '/stories'
16-Apr-2019 17:02:08.851 INFO [http-nio-8080-exec-204] org.apache.catalina.core.ApplicationContext.log Manager: list: Listing contexts for virtual host 'localhost'
16-Apr-2019 17:02:08.908 INFO [http-nio-8080-exec-210] org.apache.catalina.core.ApplicationContext.log Manager: restart: Reloading web application '/stories'
16-Apr-2019 17:02:10.834 INFO [http-nio-8080-exec-205] org.apache.catalina.core.ApplicationContext.log Manager: list: Listing contexts for virtual host 'localhost'
16-Apr-2019 17:02:10.845 INFO [http-nio-8080-exec-210] org.apache.catalina.core.ApplicationContext.log Manager: undeploy: Undeploying web application at '/stories'
16-Apr-2019 17:02:31.627 INFO [http-nio-8080-exec-189] org.apache.catalina.core.ApplicationContext.log Manager: list: Listing contexts for virtual host 'localhost'
16-Apr-2019 17:02:34.622 INFO [http-nio-8080-exec-200] org.apache.catalina.core.ApplicationContext.log Manager: list: Listing contexts for virtual host 'localhost'
16-Apr-2019 17:02:35.094 INFO [http-nio-8080-exec-214] org.apache.catalina.core.ApplicationContext.log Manager: list: Listing contexts for virtual host 'localhost'
16-Apr-2019 17:02:51.337 INFO [http-nio-8080-exec-206] org.apache.catalina.core.ApplicationContext.log Manager: list: Listing contexts for virtual host 'localhost'
16-Apr-2019 17:02:54.213 INFO [http-nio-8080-exec-205] org.apache.catalina.core.ApplicationContext.log Manager: list: Listing contexts for virtual host 'localhost'
16-Apr-2019 17:02:54.513 INFO [http-nio-8080-exec-217] org.apache.catalina.core.ApplicationContext.log Manager: list: Listing contexts for virtual host 'localhost'
16-Apr-2019 17:02:59.994 INFO [http-nio-8080-exec-206] org.apache.catalina.core.ApplicationContext.log Manager: list: Listing contexts for virtual host 'localhost'
16-Apr-2019 17:02:59.997 INFO [http-nio-8080-exec-215] org.apache.catalina.core.ApplicationContext.log Manager: list: Listing contexts for virtual host 'localhost'
16-Apr-2019 17:03:00.029 INFO [http-nio-8080-exec-213] org.apache.catalina.core.ApplicationContext.log Manager: install: Installing context configuration at 'file:/tmp/context8338516550865999537.xml'
16-Apr-2019 17:03:00.223 INFO [http-nio-8080-exec-211] org.apache.catalina.core.ApplicationContext.log Manager: start: Starting web application '/stories'
16-Apr-2019 17:04:43.931 INFO [http-nio-8080-exec-216] org.apache.catalina.core.ApplicationContext.log Manager: list: Listing contexts for virtual host 'localhost'
16-Apr-2019 17:04:44.027 INFO [http-nio-8080-exec-212] org.apache.catalina.core.ApplicationContext.log Manager: restart: Reloading web application '/stories'
16-Apr-2019 17:05:50.098 INFO [http-nio-8080-exec-223] org.apache.catalina.core.ApplicationContext.log Manager: list: Listing contexts for virtual host 'localhost'
16-Apr-2019 17:05:50.159 INFO [http-nio-8080-exec-217] org.apache.catalina.core.ApplicationContext.log Manager: restart: Reloading web application '/stories'
16-Apr-2019 17:07:31.908 INFO [http-nio-8080-exec-226] org.apache.catalina.core.ApplicationContext.log Manager: list: Listing contexts for virtual host 'localhost'
16-Apr-2019 17:07:32.055 INFO [http-nio-8080-exec-220] org.apache.catalina.core.ApplicationContext.log Manager: restart: Reloading web application '/stories'
16-Apr-2019 17:07:58.395 INFO [http-nio-8080-exec-217] org.apache.catalina.core.ApplicationContext.log Manager: list: Listing contexts for virtual host 'localhost'
16-Apr-2019 17:07:58.459 INFO [http-nio-8080-exec-228] org.apache.catalina.core.ApplicationContext.log Manager: restart: Reloading web application '/stories'
16-Apr-2019 17:08:25.186 INFO [http-nio-8080-exec-229] org.apache.catalina.core.ApplicationContext.log Manager: list: Listing contexts for virtual host 'localhost'
16-Apr-2019 17:08:25.236 INFO [http-nio-8080-exec-213] org.apache.catalina.core.ApplicationContext.log Manager: restart: Reloading web application '/stories'
16-Apr-2019 17:08:33.257 INFO [http-nio-8080-exec-231] org.apache.catalina.core.ApplicationContext.log Manager: list: Listing contexts for virtual host 'localhost'
16-Apr-2019 17:08:33.319 INFO [http-nio-8080-exec-230] org.apache.catalina.core.ApplicationContext.log Manager: restart: Reloading web application '/stories'
16-Apr-2019 17:08:56.472 INFO [http-nio-8080-exec-232] org.apache.catalina.core.ApplicationContext.log Manager: list: Listing contexts for virtual host 'localhost'
16-Apr-2019 17:08:56.544 INFO [http-nio-8080-exec-233] org.apache.catalina.core.ApplicationContext.log Manager: restart: Reloading web application '/stories'
16-Apr-2019 17:09:06.539 INFO [http-nio-8080-exec-229] org.apache.catalina.core.ApplicationContext.log Manager: list: Listing contexts for virtual host 'localhost'
16-Apr-2019 17:09:06.591 INFO [http-nio-8080-exec-231] org.apache.catalina.core.ApplicationContext.log Manager: restart: Reloading web application '/stories'
16-Apr-2019 17:09:07.199 INFO [http-nio-8080-exec-235] org.apache.catalina.core.ApplicationContext.log Manager: list: Listing contexts for virtual host 'localhost'
16-Apr-2019 17:09:07.208 INFO [http-nio-8080-exec-230] org.apache.catalina.core.ApplicationContext.log Manager: undeploy: Undeploying web application at '/stories'
16-Apr-2019 17:09:13.861 INFO [http-nio-8080-exec-236] org.apache.catalina.core.ApplicationContext.log Manager: list: Listing contexts for virtual host 'localhost'
16-Apr-2019 17:09:13.864 INFO [http-nio-8080-exec-231] org.apache.catalina.core.ApplicationContext.log Manager: list: Listing contexts for virtual host 'localhost'
16-Apr-2019 17:09:13.890 INFO [http-nio-8080-exec-226] org.apache.catalina.core.ApplicationContext.log Manager: install: Installing context configuration at 'file:/tmp/context8064014399209450152.xml'
16-Apr-2019 17:09:14.088 INFO [http-nio-8080-exec-212] org.apache.catalina.core.ApplicationContext.log Manager: start: Starting web application '/stories'
16-Apr-2019 17:12:40.940 INFO [http-nio-8080-exec-240] org.apache.catalina.core.ApplicationContext.log Manager: list: Listing contexts for virtual host 'localhost'
16-Apr-2019 17:12:40.953 INFO [http-nio-8080-exec-234] org.apache.catalina.core.ApplicationContext.log Manager: undeploy: Undeploying web application at '/stories'
16-Apr-2019 17:13:25.281 INFO [http-nio-8080-exec-242] org.apache.catalina.core.ApplicationContext.log Manager: list: Listing contexts for virtual host 'localhost'
16-Apr-2019 17:13:29.447 INFO [http-nio-8080-exec-237] org.apache.catalina.core.ApplicationContext.log Manager: list: Listing contexts for virtual host 'localhost'
16-Apr-2019 17:13:29.753 INFO [http-nio-8080-exec-243] org.apache.catalina.core.ApplicationContext.log Manager: list: Listing contexts for virtual host 'localhost'
16-Apr-2019 17:13:38.206 INFO [http-nio-8080-exec-242] org.apache.catalina.core.ApplicationContext.log Manager: list: Listing contexts for virtual host 'localhost'
16-Apr-2019 17:13:38.208 INFO [http-nio-8080-exec-244] org.apache.catalina.core.ApplicationContext.log Manager: list: Listing contexts for virtual host 'localhost'
16-Apr-2019 17:13:38.228 INFO [http-nio-8080-exec-237] org.apache.catalina.core.ApplicationContext.log Manager: install: Installing context configuration at 'file:/tmp/context8499084817943653014.xml'
16-Apr-2019 17:13:38.424 INFO [http-nio-8080-exec-212] org.apache.catalina.core.ApplicationContext.log Manager: start: Starting web application '/stories'
16-Apr-2019 17:14:42.545 INFO [http-nio-8080-exec-245] org.apache.catalina.core.ApplicationContext.log Manager: list: Listing contexts for virtual host 'localhost'
16-Apr-2019 17:14:46.566 INFO [http-nio-8080-exec-251] org.apache.catalina.core.ApplicationContext.log Manager: list: Listing contexts for virtual host 'localhost'
16-Apr-2019 17:14:46.580 INFO [http-nio-8080-exec-243] org.apache.catalina.core.ApplicationContext.log Manager: undeploy: Undeploying web application at '/stories'
16-Apr-2019 17:14:53.519 INFO [http-nio-8080-exec-244] org.apache.catalina.core.ApplicationContext.log Manager: list: Listing contexts for virtual host 'localhost'
16-Apr-2019 17:14:53.521 INFO [http-nio-8080-exec-249] org.apache.catalina.core.ApplicationContext.log Manager: list: Listing contexts for virtual host 'localhost'
16-Apr-2019 17:14:53.546 INFO [http-nio-8080-exec-250] org.apache.catalina.core.ApplicationContext.log Manager: install: Installing context configuration at 'file:/tmp/context2973587833641127292.xml'
16-Apr-2019 17:14:53.747 INFO [http-nio-8080-exec-245] org.apache.catalina.core.ApplicationContext.log Manager: start: Starting web application '/stories'
16-Apr-2019 17:16:17.117 INFO [http-nio-8080-exec-255] org.apache.catalina.core.ApplicationContext.log Manager: list: Listing contexts for virtual host 'localhost'
16-Apr-2019 17:16:17.837 INFO [http-nio-8080-exec-254] org.apache.catalina.core.ApplicationContext.log Manager: list: Listing contexts for virtual host 'localhost'
16-Apr-2019 17:16:17.845 INFO [http-nio-8080-exec-258] org.apache.catalina.core.ApplicationContext.log Manager: undeploy: Undeploying web application at '/stories'
16-Apr-2019 17:16:24.700 INFO [http-nio-8080-exec-261] org.apache.catalina.core.ApplicationContext.log Manager: list: Listing contexts for virtual host 'localhost'
16-Apr-2019 17:16:24.702 INFO [http-nio-8080-exec-255] org.apache.catalina.core.ApplicationContext.log Manager: list: Listing contexts for virtual host 'localhost'
16-Apr-2019 17:16:24.719 INFO [http-nio-8080-exec-260] org.apache.catalina.core.ApplicationContext.log Manager: install: Installing context configuration at 'file:/tmp/context6380124065139507307.xml'
16-Apr-2019 17:16:24.919 INFO [http-nio-8080-exec-262] org.apache.catalina.core.ApplicationContext.log Manager: start: Starting web application '/stories'
16-Apr-2019 17:17:01.465 INFO [http-nio-8080-exec-264] org.apache.catalina.core.ApplicationContext.log Manager: list: Listing contexts for virtual host 'localhost'
16-Apr-2019 17:19:46.198 INFO [http-nio-8080-exec-268] org.apache.catalina.core.ApplicationContext.log Manager: list: Listing contexts for virtual host 'localhost'
16-Apr-2019 17:19:46.904 INFO [http-nio-8080-exec-264] org.apache.catalina.core.ApplicationContext.log Manager: list: Listing contexts for virtual host 'localhost'
16-Apr-2019 17:19:46.916 INFO [http-nio-8080-exec-267] org.apache.catalina.core.ApplicationContext.log Manager: undeploy: Undeploying web application at '/stories'
16-Apr-2019 17:19:54.329 INFO [http-nio-8080-exec-266] org.apache.catalina.core.ApplicationContext.log Manager: list: Listing contexts for virtual host 'localhost'
16-Apr-2019 17:19:54.332 INFO [http-nio-8080-exec-274] org.apache.catalina.core.ApplicationContext.log Manager: list: Listing contexts for virtual host 'localhost'
16-Apr-2019 17:19:54.356 INFO [http-nio-8080-exec-268] org.apache.catalina.core.ApplicationContext.log Manager: install: Installing context configuration at 'file:/tmp/context1896439681025497578.xml'
16-Apr-2019 17:19:54.551 INFO [http-nio-8080-exec-264] org.apache.catalina.core.ApplicationContext.log Manager: start: Starting web application '/stories'
16-Apr-2019 17:20:27.315 INFO [http-nio-8080-exec-264] org.apache.catalina.core.ApplicationContext.log Manager: list: Listing contexts for virtual host 'localhost'
16-Apr-2019 17:20:27.730 INFO [http-nio-8080-exec-274] org.apache.catalina.core.ApplicationContext.log Manager: list: Listing contexts for virtual host 'localhost'
16-Apr-2019 17:20:27.738 INFO [http-nio-8080-exec-269] org.apache.catalina.core.ApplicationContext.log Manager: undeploy: Undeploying web application at '/stories'
16-Apr-2019 17:20:34.940 INFO [http-nio-8080-exec-269] org.apache.catalina.core.ApplicationContext.log Manager: list: Listing contexts for virtual host 'localhost'
16-Apr-2019 17:20:34.950 INFO [http-nio-8080-exec-264] org.apache.catalina.core.ApplicationContext.log Manager: list: Listing contexts for virtual host 'localhost'
16-Apr-2019 17:20:34.966 INFO [http-nio-8080-exec-275] org.apache.catalina.core.ApplicationContext.log Manager: install: Installing context configuration at 'file:/tmp/context387090958988558443.xml'
16-Apr-2019 17:20:35.167 INFO [http-nio-8080-exec-269] org.apache.catalina.core.ApplicationContext.log Manager: start: Starting web application '/stories'
16-Apr-2019 17:23:21.917 INFO [http-nio-8080-exec-287] org.apache.catalina.core.ApplicationContext.log Manager: list: Listing contexts for virtual host 'localhost'
16-Apr-2019 17:23:22.038 INFO [http-nio-8080-exec-288] org.apache.catalina.core.ApplicationContext.log Manager: restart: Reloading web application '/stories'
16-Apr-2019 17:23:22.677 INFO [http-nio-8080-exec-285] org.apache.catalina.core.ApplicationContext.log Manager: list: Listing contexts for virtual host 'localhost'
16-Apr-2019 17:23:22.685 INFO [http-nio-8080-exec-284] org.apache.catalina.core.ApplicationContext.log Manager: undeploy: Undeploying web application at '/stories'
16-Apr-2019 17:23:29.733 INFO [http-nio-8080-exec-281] org.apache.catalina.core.ApplicationContext.log Manager: list: Listing contexts for virtual host 'localhost'
16-Apr-2019 17:23:29.735 INFO [http-nio-8080-exec-291] org.apache.catalina.core.ApplicationContext.log Manager: list: Listing contexts for virtual host 'localhost'
16-Apr-2019 17:23:29.755 INFO [http-nio-8080-exec-285] org.apache.catalina.core.ApplicationContext.log Manager: install: Installing context configuration at 'file:/tmp/context3850151721923871470.xml'
16-Apr-2019 17:23:29.956 INFO [http-nio-8080-exec-283] org.apache.catalina.core.ApplicationContext.log Manager: start: Starting web application '/stories'
16-Apr-2019 17:24:08.695 INFO [http-nio-8080-exec-290] org.apache.catalina.core.ApplicationContext.log Manager: list: Listing contexts for virtual host 'localhost'
16-Apr-2019 17:24:08.778 INFO [http-nio-8080-exec-294] org.apache.catalina.core.ApplicationContext.log Manager: restart: Reloading web application '/stories'
16-Apr-2019 17:24:13.599 INFO [http-nio-8080-exec-291] org.apache.catalina.core.ApplicationContext.log Manager: list: Listing contexts for virtual host 'localhost'
16-Apr-2019 17:24:13.647 INFO [http-nio-8080-exec-292] org.apache.catalina.core.ApplicationContext.log Manager: restart: Reloading web application '/stories'
