03-Apr-2019 13:44:28.866 INFO [http-nio-8080-exec-7] org.apache.catalina.core.ApplicationContext.log Manager: init: Associated with Deployer 'Catalina:type=Deployer,host=localhost'
03-Apr-2019 13:44:28.866 INFO [http-nio-8080-exec-7] org.apache.catalina.core.ApplicationContext.log Manager: init: Global resources are available
03-Apr-2019 13:44:28.867 INFO [http-nio-8080-exec-7] org.apache.catalina.core.ApplicationContext.log Manager: list: Listing contexts for virtual host 'localhost'
03-Apr-2019 13:44:28.880 INFO [http-nio-8080-exec-9] org.apache.catalina.core.ApplicationContext.log Manager: list: Listing contexts for virtual host 'localhost'
03-Apr-2019 13:44:28.952 INFO [http-nio-8080-exec-1] org.apache.catalina.core.ApplicationContext.log Manager: undeploy: Undeploying web application at '/app'
03-Apr-2019 13:44:29.491 INFO [http-nio-8080-exec-3] org.apache.catalina.core.ApplicationContext.log Manager: install: Installing context configuration at 'file:/tmp/context6198897268909682610.xml'
03-Apr-2019 13:44:29.776 INFO [http-nio-8080-exec-10] org.apache.catalina.core.ApplicationContext.log Manager: start: Starting web application '/app'
03-Apr-2019 13:45:50.590 INFO [http-nio-8080-exec-14] org.apache.catalina.core.ApplicationContext.log Manager: list: Listing contexts for virtual host 'localhost'
03-Apr-2019 13:45:50.615 INFO [http-nio-8080-exec-15] org.apache.catalina.core.ApplicationContext.log Manager: undeploy: Undeploying web application at '/app'
03-Apr-2019 13:45:51.132 INFO [http-nio-8080-exec-17] org.apache.catalina.core.ApplicationContext.log Manager: install: Installing context configuration at 'file:/tmp/context8749451304210146430.xml'
03-Apr-2019 13:45:56.530 INFO [http-nio-8080-exec-17] org.apache.catalina.core.ApplicationContext.log Manager: list: Listing contexts for virtual host 'localhost'
03-Apr-2019 13:45:56.540 INFO [http-nio-8080-exec-19] org.apache.catalina.core.ApplicationContext.log Manager: undeploy: Undeploying web application at '/app'
03-Apr-2019 13:45:57.057 INFO [http-nio-8080-exec-21] org.apache.catalina.core.ApplicationContext.log Manager: install: Installing context configuration at 'file:/tmp/context8172107775955848541.xml'
03-Apr-2019 13:45:59.995 INFO [http-nio-8080-exec-14] org.apache.catalina.core.ApplicationContext.log Manager: list: Listing contexts for virtual host 'localhost'
03-Apr-2019 13:46:00.007 INFO [http-nio-8080-exec-21] org.apache.catalina.core.ApplicationContext.log Manager: undeploy: Undeploying web application at '/app'
03-Apr-2019 13:46:00.519 INFO [http-nio-8080-exec-12] org.apache.catalina.core.ApplicationContext.log Manager: install: Installing context configuration at 'file:/tmp/context6348744140325945832.xml'
03-Apr-2019 13:46:11.652 INFO [http-nio-8080-exec-11] org.apache.catalina.core.ApplicationContext.log Manager: list: Listing contexts for virtual host 'localhost'
03-Apr-2019 13:46:11.663 INFO [http-nio-8080-exec-22] org.apache.catalina.core.ApplicationContext.log Manager: undeploy: Undeploying web application at '/app'
03-Apr-2019 13:46:20.209 INFO [http-nio-8080-exec-13] org.apache.catalina.core.ApplicationContext.log Manager: list: Listing contexts for virtual host 'localhost'
03-Apr-2019 13:46:20.214 INFO [http-nio-8080-exec-26] org.apache.catalina.core.ApplicationContext.log Manager: list: Listing contexts for virtual host 'localhost'
03-Apr-2019 13:46:20.270 INFO [http-nio-8080-exec-21] org.apache.catalina.core.ApplicationContext.log Manager: install: Installing context configuration at 'file:/tmp/context9021206992450532815.xml'
03-Apr-2019 13:46:20.531 INFO [http-nio-8080-exec-12] org.apache.catalina.core.ApplicationContext.log Manager: start: Starting web application '/app'
03-Apr-2019 13:47:14.711 INFO [http-nio-8080-exec-27] org.apache.catalina.core.ApplicationContext.log Manager: list: Listing contexts for virtual host 'localhost'
03-Apr-2019 13:47:14.720 INFO [http-nio-8080-exec-29] org.apache.catalina.core.ApplicationContext.log Manager: undeploy: Undeploying web application at '/app'
03-Apr-2019 13:47:21.166 INFO [http-nio-8080-exec-12] org.apache.catalina.core.ApplicationContext.log Manager: list: Listing contexts for virtual host 'localhost'
03-Apr-2019 13:47:21.173 INFO [http-nio-8080-exec-26] org.apache.catalina.core.ApplicationContext.log Manager: list: Listing contexts for virtual host 'localhost'
03-Apr-2019 13:47:21.190 INFO [http-nio-8080-exec-19] org.apache.catalina.core.ApplicationContext.log Manager: install: Installing context configuration at 'file:/tmp/context74446930510947613.xml'
03-Apr-2019 13:47:21.412 INFO [http-nio-8080-exec-13] org.apache.catalina.core.ApplicationContext.log Manager: start: Starting web application '/app'
03-Apr-2019 13:49:28.750 INFO [http-nio-8080-exec-40] org.apache.catalina.core.ApplicationContext.log Manager: list: Listing contexts for virtual host 'localhost'
03-Apr-2019 13:49:28.761 INFO [http-nio-8080-exec-41] org.apache.catalina.core.ApplicationContext.log Manager: undeploy: Undeploying web application at '/app'
03-Apr-2019 13:49:36.731 INFO [http-nio-8080-exec-39] org.apache.catalina.core.ApplicationContext.log Manager: list: Listing contexts for virtual host 'localhost'
03-Apr-2019 13:49:36.735 INFO [http-nio-8080-exec-34] org.apache.catalina.core.ApplicationContext.log Manager: list: Listing contexts for virtual host 'localhost'
03-Apr-2019 13:49:36.754 INFO [http-nio-8080-exec-43] org.apache.catalina.core.ApplicationContext.log Manager: install: Installing context configuration at 'file:/tmp/context8565925748236302773.xml'
03-Apr-2019 13:49:36.971 INFO [http-nio-8080-exec-44] org.apache.catalina.core.ApplicationContext.log Manager: start: Starting web application '/app'
03-Apr-2019 13:50:17.351 INFO [http-nio-8080-exec-50] org.apache.catalina.core.ApplicationContext.log Manager: list: Listing contexts for virtual host 'localhost'
03-Apr-2019 13:50:17.360 INFO [http-nio-8080-exec-46] org.apache.catalina.core.ApplicationContext.log Manager: undeploy: Undeploying web application at '/app'
03-Apr-2019 13:50:17.874 INFO [http-nio-8080-exec-44] org.apache.catalina.core.ApplicationContext.log Manager: install: Installing context configuration at 'file:/tmp/context8089886749589928487.xml'
03-Apr-2019 13:50:19.398 INFO [http-nio-8080-exec-34] org.apache.catalina.core.ApplicationContext.log Manager: list: Listing contexts for virtual host 'localhost'
03-Apr-2019 13:50:19.411 INFO [http-nio-8080-exec-45] org.apache.catalina.core.ApplicationContext.log Manager: undeploy: Undeploying web application at '/app'
03-Apr-2019 13:50:24.191 INFO [http-nio-8080-exec-52] org.apache.catalina.core.ApplicationContext.log Manager: list: Listing contexts for virtual host 'localhost'
03-Apr-2019 13:50:24.206 INFO [http-nio-8080-exec-53] org.apache.catalina.core.ApplicationContext.log Manager: list: Listing contexts for virtual host 'localhost'
03-Apr-2019 13:50:24.218 INFO [http-nio-8080-exec-43] org.apache.catalina.core.ApplicationContext.log Manager: install: Installing context configuration at 'file:/tmp/context7720174954858144339.xml'
03-Apr-2019 13:50:24.431 INFO [http-nio-8080-exec-51] org.apache.catalina.core.ApplicationContext.log Manager: start: Starting web application '/app'
03-Apr-2019 13:51:39.074 INFO [http-nio-8080-exec-56] org.apache.catalina.core.ApplicationContext.log Manager: list: Listing contexts for virtual host 'localhost'
03-Apr-2019 13:51:39.081 INFO [http-nio-8080-exec-58] org.apache.catalina.core.ApplicationContext.log Manager: undeploy: Undeploying web application at '/app'
03-Apr-2019 13:51:39.600 INFO [http-nio-8080-exec-54] org.apache.catalina.core.ApplicationContext.log Manager: install: Installing context configuration at 'file:/tmp/context19226198824564555.xml'
03-Apr-2019 13:53:01.108 INFO [http-nio-8080-exec-58] org.apache.catalina.core.ApplicationContext.log Manager: list: Listing contexts for virtual host 'localhost'
03-Apr-2019 13:53:01.117 INFO [http-nio-8080-exec-53] org.apache.catalina.core.ApplicationContext.log Manager: undeploy: Undeploying web application at '/app'
03-Apr-2019 13:53:01.631 INFO [http-nio-8080-exec-58] org.apache.catalina.core.ApplicationContext.log Manager: install: Installing context configuration at 'file:/tmp/context7772948924182200346.xml'
03-Apr-2019 13:53:02.875 INFO [http-nio-8080-exec-65] org.apache.catalina.core.ApplicationContext.log Manager: list: Listing contexts for virtual host 'localhost'
03-Apr-2019 13:53:02.884 INFO [http-nio-8080-exec-56] org.apache.catalina.core.ApplicationContext.log Manager: undeploy: Undeploying web application at '/app'
03-Apr-2019 13:53:08.613 INFO [http-nio-8080-exec-66] org.apache.catalina.core.ApplicationContext.log Manager: list: Listing contexts for virtual host 'localhost'
03-Apr-2019 13:53:08.617 INFO [http-nio-8080-exec-67] org.apache.catalina.core.ApplicationContext.log Manager: list: Listing contexts for virtual host 'localhost'
03-Apr-2019 13:53:08.634 INFO [http-nio-8080-exec-58] org.apache.catalina.core.ApplicationContext.log Manager: undeploy: Undeploying web application at '/stories'
03-Apr-2019 13:53:09.172 INFO [http-nio-8080-exec-55] org.apache.catalina.core.ApplicationContext.log Manager: install: Installing context configuration at 'file:/tmp/context465581675208820043.xml'
03-Apr-2019 13:53:09.379 INFO [http-nio-8080-exec-67] org.apache.catalina.core.ApplicationContext.log Manager: start: Starting web application '/stories'
03-Apr-2019 13:55:36.629 INFO [http-nio-8080-exec-70] org.apache.catalina.core.ApplicationContext.log Manager: list: Listing contexts for virtual host 'localhost'
03-Apr-2019 13:55:36.641 INFO [http-nio-8080-exec-53] org.apache.catalina.core.ApplicationContext.log Manager: undeploy: Undeploying web application at '/stories'
03-Apr-2019 13:55:52.988 INFO [http-nio-8080-exec-58] org.apache.catalina.core.ApplicationContext.log Manager: list: Listing contexts for virtual host 'localhost'
03-Apr-2019 13:55:52.995 INFO [http-nio-8080-exec-68] org.apache.catalina.core.ApplicationContext.log Manager: list: Listing contexts for virtual host 'localhost'
03-Apr-2019 13:55:53.018 INFO [http-nio-8080-exec-71] org.apache.catalina.core.ApplicationContext.log Manager: install: Installing context configuration at 'file:/tmp/context5042070550623290131.xml'
03-Apr-2019 13:55:53.226 INFO [http-nio-8080-exec-53] org.apache.catalina.core.ApplicationContext.log Manager: start: Starting web application '/stories'
03-Apr-2019 13:58:03.488 INFO [http-nio-8080-exec-76] org.apache.catalina.core.ApplicationContext.log Manager: list: Listing contexts for virtual host 'localhost'
03-Apr-2019 13:58:03.503 INFO [http-nio-8080-exec-58] org.apache.catalina.core.ApplicationContext.log Manager: undeploy: Undeploying web application at '/stories'
03-Apr-2019 13:58:04.020 INFO [http-nio-8080-exec-71] org.apache.catalina.core.ApplicationContext.log Manager: install: Installing context configuration at 'file:/tmp/context5449336765024762865.xml'
03-Apr-2019 14:02:41.904 INFO [http-nio-8080-exec-58] org.apache.catalina.core.ApplicationContext.log Manager: list: Listing contexts for virtual host 'localhost'
03-Apr-2019 14:02:42.025 INFO [http-nio-8080-exec-77] org.apache.catalina.core.ApplicationContext.log Manager: restart: Reloading web application '/stories'
03-Apr-2019 14:02:42.245 INFO [http-nio-8080-exec-74] org.apache.catalina.core.ApplicationContext.log Manager: list: Listing contexts for virtual host 'localhost'
03-Apr-2019 14:02:43.358 INFO [http-nio-8080-exec-53] org.apache.catalina.core.ApplicationContext.log Manager: restart: Reloading web application '/stories'
03-Apr-2019 14:04:47.203 INFO [http-nio-8080-exec-7] org.apache.catalina.core.ApplicationContext.log Manager: init: Associated with Deployer 'Catalina:type=Deployer,host=localhost'
03-Apr-2019 14:04:47.204 INFO [http-nio-8080-exec-7] org.apache.catalina.core.ApplicationContext.log Manager: init: Global resources are available
03-Apr-2019 14:04:47.204 INFO [http-nio-8080-exec-7] org.apache.catalina.core.ApplicationContext.log Manager: list: Listing contexts for virtual host 'localhost'
03-Apr-2019 14:04:47.218 INFO [http-nio-8080-exec-9] org.apache.catalina.core.ApplicationContext.log Manager: list: Listing contexts for virtual host 'localhost'
03-Apr-2019 14:04:47.253 INFO [http-nio-8080-exec-1] org.apache.catalina.core.ApplicationContext.log Manager: undeploy: Undeploying web application at '/stories'
03-Apr-2019 14:04:47.790 INFO [http-nio-8080-exec-4] org.apache.catalina.core.ApplicationContext.log Manager: install: Installing context configuration at 'file:/tmp/context2137998720507811394.xml'
03-Apr-2019 14:04:48.074 INFO [http-nio-8080-exec-5] org.apache.catalina.core.ApplicationContext.log Manager: start: Starting web application '/stories'
03-Apr-2019 14:09:09.673 INFO [http-nio-8080-exec-19] org.apache.catalina.core.ApplicationContext.log Manager: list: Listing contexts for virtual host 'localhost'
03-Apr-2019 14:09:09.690 INFO [http-nio-8080-exec-11] org.apache.catalina.core.ApplicationContext.log Manager: undeploy: Undeploying web application at '/stories'
03-Apr-2019 14:09:25.089 INFO [http-nio-8080-exec-21] org.apache.catalina.core.ApplicationContext.log Manager: list: Listing contexts for virtual host 'localhost'
03-Apr-2019 14:09:25.095 INFO [http-nio-8080-exec-23] org.apache.catalina.core.ApplicationContext.log Manager: list: Listing contexts for virtual host 'localhost'
03-Apr-2019 14:09:25.118 INFO [http-nio-8080-exec-14] org.apache.catalina.core.ApplicationContext.log Manager: install: Installing context configuration at 'file:/tmp/context6800720879384708674.xml'
03-Apr-2019 14:09:25.396 INFO [http-nio-8080-exec-18] org.apache.catalina.core.ApplicationContext.log Manager: start: Starting web application '/stories'
03-Apr-2019 14:09:32.288 INFO [http-nio-8080-exec-19] org.apache.catalina.core.ApplicationContext.log Manager: list: Listing contexts for virtual host 'localhost'
03-Apr-2019 14:09:32.306 INFO [http-nio-8080-exec-18] org.apache.catalina.core.ApplicationContext.log Manager: undeploy: Undeploying web application at '/stories'
03-Apr-2019 14:09:39.330 INFO [http-nio-8080-exec-22] org.apache.catalina.core.ApplicationContext.log Manager: list: Listing contexts for virtual host 'localhost'
03-Apr-2019 14:09:39.334 INFO [http-nio-8080-exec-23] org.apache.catalina.core.ApplicationContext.log Manager: list: Listing contexts for virtual host 'localhost'
03-Apr-2019 14:09:39.347 INFO [http-nio-8080-exec-17] org.apache.catalina.core.ApplicationContext.log Manager: install: Installing context configuration at 'file:/tmp/context2884826494453174478.xml'
03-Apr-2019 14:09:39.604 INFO [http-nio-8080-exec-12] org.apache.catalina.core.ApplicationContext.log Manager: start: Starting web application '/stories'
03-Apr-2019 14:12:20.398 INFO [http-nio-8080-exec-28] org.apache.catalina.core.ApplicationContext.log Manager: list: Listing contexts for virtual host 'localhost'
03-Apr-2019 14:12:20.412 INFO [http-nio-8080-exec-32] org.apache.catalina.core.ApplicationContext.log Manager: undeploy: Undeploying web application at '/stories'
03-Apr-2019 14:12:27.568 INFO [http-nio-8080-exec-35] org.apache.catalina.core.ApplicationContext.log Manager: list: Listing contexts for virtual host 'localhost'
03-Apr-2019 14:12:27.581 INFO [http-nio-8080-exec-29] org.apache.catalina.core.ApplicationContext.log Manager: list: Listing contexts for virtual host 'localhost'
03-Apr-2019 14:12:27.606 INFO [http-nio-8080-exec-31] org.apache.catalina.core.ApplicationContext.log Manager: install: Installing context configuration at 'file:/tmp/context6959730092224507928.xml'
03-Apr-2019 14:12:27.893 INFO [http-nio-8080-exec-27] org.apache.catalina.core.ApplicationContext.log Manager: start: Starting web application '/stories'
03-Apr-2019 14:19:37.694 INFO [http-nio-8080-exec-35] org.apache.catalina.core.ApplicationContext.log Manager: list: Listing contexts for virtual host 'localhost'
03-Apr-2019 14:19:37.712 INFO [http-nio-8080-exec-42] org.apache.catalina.core.ApplicationContext.log Manager: undeploy: Undeploying web application at '/stories'
03-Apr-2019 14:19:38.248 INFO [http-nio-8080-exec-41] org.apache.catalina.core.ApplicationContext.log Manager: install: Installing context configuration at 'file:/tmp/context7047442198357157217.xml'
03-Apr-2019 14:19:40.018 INFO [http-nio-8080-exec-37] org.apache.catalina.core.ApplicationContext.log Manager: list: Listing contexts for virtual host 'localhost'
03-Apr-2019 14:19:40.034 INFO [http-nio-8080-exec-40] org.apache.catalina.core.ApplicationContext.log Manager: undeploy: Undeploying web application at '/stories'
03-Apr-2019 14:19:40.562 INFO [http-nio-8080-exec-37] org.apache.catalina.core.ApplicationContext.log Manager: install: Installing context configuration at 'file:/tmp/context1569567327054733508.xml'
03-Apr-2019 14:19:46.641 INFO [http-nio-8080-exec-40] org.apache.catalina.core.ApplicationContext.log Manager: list: Listing contexts for virtual host 'localhost'
03-Apr-2019 14:19:46.652 INFO [http-nio-8080-exec-38] org.apache.catalina.core.ApplicationContext.log Manager: undeploy: Undeploying web application at '/stories'
03-Apr-2019 14:19:51.865 INFO [http-nio-8080-exec-35] org.apache.catalina.core.ApplicationContext.log Manager: list: Listing contexts for virtual host 'localhost'
03-Apr-2019 14:19:51.869 INFO [http-nio-8080-exec-48] org.apache.catalina.core.ApplicationContext.log Manager: list: Listing contexts for virtual host 'localhost'
03-Apr-2019 14:19:51.891 INFO [http-nio-8080-exec-41] org.apache.catalina.core.ApplicationContext.log Manager: install: Installing context configuration at 'file:/tmp/context1604239873899336528.xml'
03-Apr-2019 14:19:52.267 INFO [http-nio-8080-exec-38] org.apache.catalina.core.ApplicationContext.log Manager: start: Starting web application '/stories'
03-Apr-2019 14:19:58.717 INFO [http-nio-8080-exec-39] org.apache.catalina.core.ApplicationContext.log Manager: list: Listing contexts for virtual host 'localhost'
03-Apr-2019 14:19:58.725 INFO [http-nio-8080-exec-35] org.apache.catalina.core.ApplicationContext.log Manager: undeploy: Undeploying web application at '/stories'
03-Apr-2019 14:20:05.119 INFO [http-nio-8080-exec-37] org.apache.catalina.core.ApplicationContext.log Manager: list: Listing contexts for virtual host 'localhost'
03-Apr-2019 14:20:11.113 INFO [http-nio-8080-exec-37] org.apache.catalina.core.ApplicationContext.log Manager: list: Listing contexts for virtual host 'localhost'
03-Apr-2019 14:20:11.117 INFO [http-nio-8080-exec-49] org.apache.catalina.core.ApplicationContext.log Manager: list: Listing contexts for virtual host 'localhost'
03-Apr-2019 14:20:11.138 INFO [http-nio-8080-exec-47] org.apache.catalina.core.ApplicationContext.log Manager: install: Installing context configuration at 'file:/tmp/context4856645316365728668.xml'
03-Apr-2019 14:20:11.374 INFO [http-nio-8080-exec-50] org.apache.catalina.core.ApplicationContext.log Manager: start: Starting web application '/stories'
03-Apr-2019 14:25:06.770 INFO [http-nio-8080-exec-59] org.apache.catalina.core.ApplicationContext.log Manager: list: Listing contexts for virtual host 'localhost'
03-Apr-2019 14:25:06.923 INFO [http-nio-8080-exec-53] org.apache.catalina.core.ApplicationContext.log Manager: restart: Reloading web application '/stories'
03-Apr-2019 14:25:07.566 INFO [http-nio-8080-exec-52] org.apache.catalina.core.ApplicationContext.log Manager: list: Listing contexts for virtual host 'localhost'
03-Apr-2019 14:25:07.605 INFO [http-nio-8080-exec-57] org.apache.catalina.core.ApplicationContext.log Manager: restart: Reloading web application '/stories'
03-Apr-2019 14:25:20.682 INFO [http-nio-8080-exec-58] org.apache.catalina.core.ApplicationContext.log Manager: list: Listing contexts for virtual host 'localhost'
03-Apr-2019 14:25:20.735 INFO [http-nio-8080-exec-59] org.apache.catalina.core.ApplicationContext.log Manager: restart: Reloading web application '/stories'
03-Apr-2019 14:28:12.483 INFO [http-nio-8080-exec-64] org.apache.catalina.core.ApplicationContext.log Manager: list: Listing contexts for virtual host 'localhost'
03-Apr-2019 14:28:12.493 INFO [http-nio-8080-exec-72] org.apache.catalina.core.ApplicationContext.log Manager: undeploy: Undeploying web application at '/stories'
03-Apr-2019 14:28:19.551 INFO [http-nio-8080-exec-75] org.apache.catalina.core.ApplicationContext.log Manager: list: Listing contexts for virtual host 'localhost'
03-Apr-2019 14:28:19.555 INFO [http-nio-8080-exec-66] org.apache.catalina.core.ApplicationContext.log Manager: list: Listing contexts for virtual host 'localhost'
03-Apr-2019 14:28:19.570 INFO [http-nio-8080-exec-69] org.apache.catalina.core.ApplicationContext.log Manager: install: Installing context configuration at 'file:/tmp/context7244588756217524144.xml'
03-Apr-2019 14:28:19.805 INFO [http-nio-8080-exec-70] org.apache.catalina.core.ApplicationContext.log Manager: start: Starting web application '/stories'
03-Apr-2019 14:30:03.089 INFO [http-nio-8080-exec-64] org.apache.catalina.core.ApplicationContext.log Manager: list: Listing contexts for virtual host 'localhost'
03-Apr-2019 14:30:03.218 INFO [http-nio-8080-exec-71] org.apache.catalina.core.ApplicationContext.log Manager: restart: Reloading web application '/stories'
03-Apr-2019 14:30:10.184 INFO [http-nio-8080-exec-71] org.apache.catalina.core.ApplicationContext.log Manager: list: Listing contexts for virtual host 'localhost'
03-Apr-2019 14:30:10.231 INFO [http-nio-8080-exec-78] org.apache.catalina.core.ApplicationContext.log Manager: restart: Reloading web application '/stories'
03-Apr-2019 14:30:16.243 INFO [http-nio-8080-exec-77] org.apache.catalina.core.ApplicationContext.log Manager: list: Listing contexts for virtual host 'localhost'
03-Apr-2019 14:30:16.301 INFO [http-nio-8080-exec-64] org.apache.catalina.core.ApplicationContext.log Manager: restart: Reloading web application '/stories'
03-Apr-2019 14:31:04.662 INFO [http-nio-8080-exec-78] org.apache.catalina.core.ApplicationContext.log Manager: list: Listing contexts for virtual host 'localhost'
03-Apr-2019 14:31:04.730 INFO [http-nio-8080-exec-77] org.apache.catalina.core.ApplicationContext.log Manager: restart: Reloading web application '/stories'
03-Apr-2019 14:31:23.598 INFO [http-nio-8080-exec-80] org.apache.catalina.core.ApplicationContext.log Manager: list: Listing contexts for virtual host 'localhost'
03-Apr-2019 14:31:23.667 INFO [http-nio-8080-exec-81] org.apache.catalina.core.ApplicationContext.log Manager: restart: Reloading web application '/stories'
03-Apr-2019 14:31:24.293 INFO [http-nio-8080-exec-71] org.apache.catalina.core.ApplicationContext.log Manager: list: Listing contexts for virtual host 'localhost'
03-Apr-2019 14:31:24.305 INFO [http-nio-8080-exec-67] org.apache.catalina.core.ApplicationContext.log Manager: undeploy: Undeploying web application at '/stories'
03-Apr-2019 14:31:31.598 INFO [http-nio-8080-exec-78] org.apache.catalina.core.ApplicationContext.log Manager: list: Listing contexts for virtual host 'localhost'
03-Apr-2019 14:31:31.605 INFO [http-nio-8080-exec-85] org.apache.catalina.core.ApplicationContext.log Manager: list: Listing contexts for virtual host 'localhost'
03-Apr-2019 14:31:31.623 INFO [http-nio-8080-exec-73] org.apache.catalina.core.ApplicationContext.log Manager: install: Installing context configuration at 'file:/tmp/context4401001424617256766.xml'
03-Apr-2019 14:31:31.846 INFO [http-nio-8080-exec-80] org.apache.catalina.core.ApplicationContext.log Manager: start: Starting web application '/stories'
03-Apr-2019 14:32:51.219 INFO [http-nio-8080-exec-89] org.apache.catalina.core.ApplicationContext.log Manager: list: Listing contexts for virtual host 'localhost'
03-Apr-2019 14:32:51.351 INFO [http-nio-8080-exec-82] org.apache.catalina.core.ApplicationContext.log Manager: restart: Reloading web application '/stories'
03-Apr-2019 14:33:04.926 INFO [http-nio-8080-exec-85] org.apache.catalina.core.ApplicationContext.log Manager: list: Listing contexts for virtual host 'localhost'
03-Apr-2019 14:33:04.980 INFO [http-nio-8080-exec-88] org.apache.catalina.core.ApplicationContext.log Manager: restart: Reloading web application '/stories'
03-Apr-2019 14:33:06.178 INFO [http-nio-8080-exec-89] org.apache.catalina.core.ApplicationContext.log Manager: list: Listing contexts for virtual host 'localhost'
03-Apr-2019 14:33:06.192 INFO [http-nio-8080-exec-92] org.apache.catalina.core.ApplicationContext.log Manager: undeploy: Undeploying web application at '/stories'
03-Apr-2019 14:33:11.115 INFO [http-nio-8080-exec-82] org.apache.catalina.core.ApplicationContext.log Manager: list: Listing contexts for virtual host 'localhost'
03-Apr-2019 14:33:11.118 INFO [http-nio-8080-exec-86] org.apache.catalina.core.ApplicationContext.log Manager: list: Listing contexts for virtual host 'localhost'
03-Apr-2019 14:33:11.120 INFO [http-nio-8080-exec-93] org.apache.catalina.core.ApplicationContext.log Manager: list: Listing contexts for virtual host 'localhost'
03-Apr-2019 14:33:11.324 INFO [http-nio-8080-exec-89] org.apache.catalina.core.ApplicationContext.log Manager: list: Listing contexts for virtual host 'localhost'
03-Apr-2019 14:33:11.516 INFO [http-nio-8080-exec-85] org.apache.catalina.core.ApplicationContext.log Manager: list: Listing contexts for virtual host 'localhost'
03-Apr-2019 14:33:11.530 INFO [http-nio-8080-exec-90] org.apache.catalina.core.ApplicationContext.log Manager: list: Listing contexts for virtual host 'localhost'
03-Apr-2019 14:33:11.531 INFO [http-nio-8080-exec-90] org.apache.catalina.core.ApplicationContext.log Manager: list: Listing contexts for virtual host 'localhost'
03-Apr-2019 14:33:12.778 INFO [http-nio-8080-exec-85] org.apache.catalina.core.ApplicationContext.log Manager: list: Listing contexts for virtual host 'localhost'
03-Apr-2019 14:33:25.544 INFO [http-nio-8080-exec-96] org.apache.catalina.core.ApplicationContext.log Manager: list: Listing contexts for virtual host 'localhost'
03-Apr-2019 14:33:25.578 INFO [http-nio-8080-exec-90] org.apache.catalina.core.ApplicationContext.log Manager: list: Listing contexts for virtual host 'localhost'
03-Apr-2019 14:33:27.314 INFO [http-nio-8080-exec-85] org.apache.catalina.core.ApplicationContext.log Manager: list: Listing contexts for virtual host 'localhost'
03-Apr-2019 14:33:32.108 INFO [http-nio-8080-exec-97] org.apache.catalina.core.ApplicationContext.log Manager: list: Listing contexts for virtual host 'localhost'
03-Apr-2019 14:33:32.111 INFO [http-nio-8080-exec-96] org.apache.catalina.core.ApplicationContext.log Manager: list: Listing contexts for virtual host 'localhost'
03-Apr-2019 14:33:32.131 INFO [http-nio-8080-exec-80] org.apache.catalina.core.ApplicationContext.log Manager: install: Installing context configuration at 'file:/tmp/context1574115284964046099.xml'
03-Apr-2019 14:33:33.669 INFO [http-nio-8080-exec-97] org.apache.catalina.core.ApplicationContext.log Manager: start: Starting web application '/stories'
03-Apr-2019 14:33:36.698 INFO [http-nio-8080-exec-97] org.apache.catalina.core.ApplicationContext.log Manager: list: Listing contexts for virtual host 'localhost'
03-Apr-2019 14:33:36.700 INFO [http-nio-8080-exec-101] org.apache.catalina.core.ApplicationContext.log Manager: list: Listing contexts for virtual host 'localhost'
03-Apr-2019 14:33:36.713 INFO [http-nio-8080-exec-94] org.apache.catalina.core.ApplicationContext.log Manager: undeploy: Undeploying web application at '/stories'
03-Apr-2019 14:33:37.236 INFO [http-nio-8080-exec-97] org.apache.catalina.core.ApplicationContext.log Manager: install: Installing context configuration at 'file:/tmp/context4718865819788345565.xml'
03-Apr-2019 14:33:37.549 INFO [http-nio-8080-exec-90] org.apache.catalina.core.ApplicationContext.log Manager: start: Starting web application '/stories'
03-Apr-2019 14:33:40.931 INFO [http-nio-8080-exec-95] org.apache.catalina.core.ApplicationContext.log Manager: list: Listing contexts for virtual host 'localhost'
03-Apr-2019 14:33:40.939 INFO [http-nio-8080-exec-99] org.apache.catalina.core.ApplicationContext.log Manager: undeploy: Undeploying web application at '/stories'
03-Apr-2019 14:33:47.511 INFO [http-nio-8080-exec-99] org.apache.catalina.core.ApplicationContext.log Manager: list: Listing contexts for virtual host 'localhost'
03-Apr-2019 14:33:47.515 INFO [http-nio-8080-exec-95] org.apache.catalina.core.ApplicationContext.log Manager: list: Listing contexts for virtual host 'localhost'
03-Apr-2019 14:33:47.529 INFO [http-nio-8080-exec-96] org.apache.catalina.core.ApplicationContext.log Manager: install: Installing context configuration at 'file:/tmp/context1623820711301255001.xml'
03-Apr-2019 14:33:47.751 INFO [http-nio-8080-exec-90] org.apache.catalina.core.ApplicationContext.log Manager: start: Starting web application '/stories'
03-Apr-2019 14:35:03.231 INFO [http-nio-8080-exec-1] org.apache.catalina.core.ApplicationContext.log Manager: init: Associated with Deployer 'Catalina:type=Deployer,host=localhost'
03-Apr-2019 14:35:03.231 INFO [http-nio-8080-exec-1] org.apache.catalina.core.ApplicationContext.log Manager: init: Global resources are available
03-Apr-2019 14:35:03.232 INFO [http-nio-8080-exec-1] org.apache.catalina.core.ApplicationContext.log Manager: list: Listing contexts for virtual host 'localhost'
03-Apr-2019 14:35:03.238 INFO [http-nio-8080-exec-4] org.apache.catalina.core.ApplicationContext.log Manager: list: Listing contexts for virtual host 'localhost'
03-Apr-2019 14:35:03.260 INFO [http-nio-8080-exec-7] org.apache.catalina.core.ApplicationContext.log Manager: undeploy: Undeploying web application at '/stories'
03-Apr-2019 14:35:03.802 INFO [http-nio-8080-exec-1] org.apache.catalina.core.ApplicationContext.log Manager: install: Installing context configuration at 'file:/tmp/context933274329819896178.xml'
03-Apr-2019 14:35:04.139 INFO [http-nio-8080-exec-10] org.apache.catalina.core.ApplicationContext.log Manager: start: Starting web application '/stories'
03-Apr-2019 14:37:25.496 INFO [http-nio-8080-exec-6] org.apache.catalina.core.ApplicationContext.log Manager: list: Listing contexts for virtual host 'localhost'
03-Apr-2019 14:37:25.506 INFO [http-nio-8080-exec-19] org.apache.catalina.core.ApplicationContext.log Manager: undeploy: Undeploying web application at '/stories'
03-Apr-2019 14:37:28.914 INFO [http-nio-8080-exec-19] org.apache.catalina.core.ApplicationContext.log Manager: list: Listing contexts for virtual host 'localhost'
03-Apr-2019 14:37:28.927 INFO [http-nio-8080-exec-21] org.apache.catalina.core.ApplicationContext.log Manager: list: Listing contexts for virtual host 'localhost'
03-Apr-2019 14:37:33.359 INFO [http-nio-8080-exec-15] org.apache.catalina.core.ApplicationContext.log Manager: list: Listing contexts for virtual host 'localhost'
03-Apr-2019 14:37:33.362 INFO [http-nio-8080-exec-13] org.apache.catalina.core.ApplicationContext.log Manager: list: Listing contexts for virtual host 'localhost'
03-Apr-2019 14:37:33.372 INFO [http-nio-8080-exec-12] org.apache.catalina.core.ApplicationContext.log Manager: install: Installing context configuration at 'file:/tmp/context4337204832084326282.xml'
03-Apr-2019 14:37:33.633 INFO [http-nio-8080-exec-11] org.apache.catalina.core.ApplicationContext.log Manager: start: Starting web application '/stories'
03-Apr-2019 14:40:06.307 INFO [http-nio-8080-exec-9] org.apache.catalina.core.ApplicationContext.log Manager: init: Associated with Deployer 'Catalina:type=Deployer,host=localhost'
03-Apr-2019 14:40:06.307 INFO [http-nio-8080-exec-9] org.apache.catalina.core.ApplicationContext.log Manager: init: Global resources are available
03-Apr-2019 14:40:06.307 INFO [http-nio-8080-exec-9] org.apache.catalina.core.ApplicationContext.log Manager: list: Listing contexts for virtual host 'localhost'
03-Apr-2019 14:40:06.330 INFO [http-nio-8080-exec-1] org.apache.catalina.core.ApplicationContext.log Manager: list: Listing contexts for virtual host 'localhost'
03-Apr-2019 14:40:06.344 INFO [http-nio-8080-exec-4] org.apache.catalina.core.ApplicationContext.log Manager: undeploy: Undeploying web application at '/stories'
03-Apr-2019 14:40:06.910 INFO [http-nio-8080-exec-5] org.apache.catalina.core.ApplicationContext.log Manager: install: Installing context configuration at 'file:/tmp/context269444011298203960.xml'
03-Apr-2019 14:40:07.242 INFO [http-nio-8080-exec-2] org.apache.catalina.core.ApplicationContext.log Manager: start: Starting web application '/stories'
03-Apr-2019 14:42:22.325 INFO [http-nio-8080-exec-13] org.apache.catalina.core.ApplicationContext.log Manager: list: Listing contexts for virtual host 'localhost'
03-Apr-2019 14:42:22.476 INFO [http-nio-8080-exec-15] org.apache.catalina.core.ApplicationContext.log Manager: restart: Reloading web application '/stories'
03-Apr-2019 14:42:50.234 INFO [http-nio-8080-exec-12] org.apache.catalina.core.ApplicationContext.log Manager: list: Listing contexts for virtual host 'localhost'
03-Apr-2019 14:42:50.274 INFO [http-nio-8080-exec-21] org.apache.catalina.core.ApplicationContext.log Manager: restart: Reloading web application '/stories'
03-Apr-2019 14:43:17.128 INFO [http-nio-8080-exec-22] org.apache.catalina.core.ApplicationContext.log Manager: list: Listing contexts for virtual host 'localhost'
03-Apr-2019 14:43:52.114 INFO [http-nio-8080-exec-12] org.apache.catalina.core.ApplicationContext.log Manager: list: Listing contexts for virtual host 'localhost'
03-Apr-2019 14:43:53.328 INFO [http-nio-8080-exec-24] org.apache.catalina.core.ApplicationContext.log Manager: list: Listing contexts for virtual host 'localhost'
03-Apr-2019 14:44:20.377 INFO [http-nio-8080-exec-28] org.apache.catalina.core.ApplicationContext.log Manager: list: Listing contexts for virtual host 'localhost'
03-Apr-2019 14:44:21.472 INFO [http-nio-8080-exec-23] org.apache.catalina.core.ApplicationContext.log Manager: list: Listing contexts for virtual host 'localhost'
03-Apr-2019 14:44:21.486 INFO [http-nio-8080-exec-28] org.apache.catalina.core.ApplicationContext.log Manager: undeploy: Undeploying web application at '/stories'
03-Apr-2019 14:44:26.644 INFO [http-nio-8080-exec-27] org.apache.catalina.core.ApplicationContext.log Manager: list: Listing contexts for virtual host 'localhost'
03-Apr-2019 14:44:26.648 INFO [http-nio-8080-exec-32] org.apache.catalina.core.ApplicationContext.log Manager: list: Listing contexts for virtual host 'localhost'
03-Apr-2019 14:44:37.018 INFO [http-nio-8080-exec-27] org.apache.catalina.core.ApplicationContext.log Manager: list: Listing contexts for virtual host 'localhost'
03-Apr-2019 14:44:56.554 INFO [http-nio-8080-exec-26] org.apache.catalina.core.ApplicationContext.log Manager: list: Listing contexts for virtual host 'localhost'
03-Apr-2019 14:44:58.049 INFO [http-nio-8080-exec-36] org.apache.catalina.core.ApplicationContext.log Manager: list: Listing contexts for virtual host 'localhost'
03-Apr-2019 14:45:03.931 INFO [http-nio-8080-exec-36] org.apache.catalina.core.ApplicationContext.log Manager: list: Listing contexts for virtual host 'localhost'
03-Apr-2019 14:45:03.935 INFO [http-nio-8080-exec-37] org.apache.catalina.core.ApplicationContext.log Manager: list: Listing contexts for virtual host 'localhost'
03-Apr-2019 14:45:03.950 INFO [http-nio-8080-exec-38] org.apache.catalina.core.ApplicationContext.log Manager: install: Installing context configuration at 'file:/tmp/context2975067477224427089.xml'
03-Apr-2019 14:45:04.211 INFO [http-nio-8080-exec-30] org.apache.catalina.core.ApplicationContext.log Manager: start: Starting web application '/stories'
03-Apr-2019 14:45:15.067 INFO [http-nio-8080-exec-30] org.apache.catalina.core.ApplicationContext.log Manager: list: Listing contexts for virtual host 'localhost'
03-Apr-2019 14:45:15.072 INFO [http-nio-8080-exec-32] org.apache.catalina.core.ApplicationContext.log Manager: list: Listing contexts for virtual host 'localhost'
03-Apr-2019 14:45:15.082 INFO [http-nio-8080-exec-38] org.apache.catalina.core.ApplicationContext.log Manager: undeploy: Undeploying web application at '/stories'
03-Apr-2019 14:45:15.595 INFO [http-nio-8080-exec-37] org.apache.catalina.core.ApplicationContext.log Manager: install: Installing context configuration at 'file:/tmp/context5358569930497523708.xml'
03-Apr-2019 14:45:15.799 INFO [http-nio-8080-exec-30] org.apache.catalina.core.ApplicationContext.log Manager: start: Starting web application '/stories'
03-Apr-2019 14:47:33.954 INFO [http-nio-8080-exec-44] org.apache.catalina.core.ApplicationContext.log Manager: list: Listing contexts for virtual host 'localhost'
03-Apr-2019 14:47:33.969 INFO [http-nio-8080-exec-47] org.apache.catalina.core.ApplicationContext.log Manager: undeploy: Undeploying web application at '/stories'
03-Apr-2019 14:47:42.994 INFO [http-nio-8080-exec-51] org.apache.catalina.core.ApplicationContext.log Manager: list: Listing contexts for virtual host 'localhost'
03-Apr-2019 14:47:42.999 INFO [http-nio-8080-exec-42] org.apache.catalina.core.ApplicationContext.log Manager: list: Listing contexts for virtual host 'localhost'
03-Apr-2019 14:47:43.015 INFO [http-nio-8080-exec-44] org.apache.catalina.core.ApplicationContext.log Manager: install: Installing context configuration at 'file:/tmp/context3144528446421944037.xml'
03-Apr-2019 14:47:43.261 INFO [http-nio-8080-exec-41] org.apache.catalina.core.ApplicationContext.log Manager: start: Starting web application '/stories'
03-Apr-2019 14:52:05.233 INFO [http-nio-8080-exec-52] org.apache.catalina.core.ApplicationContext.log Manager: list: Listing contexts for virtual host 'localhost'
03-Apr-2019 14:52:08.132 INFO [http-nio-8080-exec-56] org.apache.catalina.core.ApplicationContext.log Manager: list: Listing contexts for virtual host 'localhost'
03-Apr-2019 14:52:08.142 INFO [http-nio-8080-exec-53] org.apache.catalina.core.ApplicationContext.log Manager: undeploy: Undeploying web application at '/stories'
03-Apr-2019 14:52:15.556 INFO [http-nio-8080-exec-50] org.apache.catalina.core.ApplicationContext.log Manager: list: Listing contexts for virtual host 'localhost'
03-Apr-2019 14:52:15.559 INFO [http-nio-8080-exec-61] org.apache.catalina.core.ApplicationContext.log Manager: list: Listing contexts for virtual host 'localhost'
03-Apr-2019 14:52:15.574 INFO [http-nio-8080-exec-52] org.apache.catalina.core.ApplicationContext.log Manager: install: Installing context configuration at 'file:/tmp/context855218275138672956.xml'
03-Apr-2019 14:52:15.831 INFO [http-nio-8080-exec-59] org.apache.catalina.core.ApplicationContext.log Manager: start: Starting web application '/stories'
03-Apr-2019 14:53:10.548 INFO [http-nio-8080-exec-64] org.apache.catalina.core.ApplicationContext.log Manager: list: Listing contexts for virtual host 'localhost'
03-Apr-2019 14:53:12.603 INFO [http-nio-8080-exec-59] org.apache.catalina.core.ApplicationContext.log Manager: list: Listing contexts for virtual host 'localhost'
03-Apr-2019 14:53:12.617 INFO [http-nio-8080-exec-64] org.apache.catalina.core.ApplicationContext.log Manager: undeploy: Undeploying web application at '/stories'
03-Apr-2019 14:53:16.606 INFO [http-nio-8080-exec-62] org.apache.catalina.core.ApplicationContext.log Manager: list: Listing contexts for virtual host 'localhost'
03-Apr-2019 14:53:16.610 INFO [http-nio-8080-exec-61] org.apache.catalina.core.ApplicationContext.log Manager: list: Listing contexts for virtual host 'localhost'
03-Apr-2019 14:53:16.620 INFO [http-nio-8080-exec-66] org.apache.catalina.core.ApplicationContext.log Manager: install: Installing context configuration at 'file:/tmp/context6201931943632925372.xml'
03-Apr-2019 14:53:16.815 INFO [http-nio-8080-exec-59] org.apache.catalina.core.ApplicationContext.log Manager: start: Starting web application '/stories'
03-Apr-2019 14:55:01.755 INFO [http-nio-8080-exec-70] org.apache.catalina.core.ApplicationContext.log Manager: list: Listing contexts for virtual host 'localhost'
03-Apr-2019 14:55:02.652 INFO [http-nio-8080-exec-71] org.apache.catalina.core.ApplicationContext.log Manager: list: Listing contexts for virtual host 'localhost'
03-Apr-2019 14:55:13.524 INFO [http-nio-8080-exec-78] org.apache.catalina.core.ApplicationContext.log Manager: list: Listing contexts for virtual host 'localhost'
03-Apr-2019 14:55:20.516 INFO [http-nio-8080-exec-76] org.apache.catalina.core.ApplicationContext.log Manager: list: Listing contexts for virtual host 'localhost'
03-Apr-2019 14:55:21.745 INFO [http-nio-8080-exec-73] org.apache.catalina.core.ApplicationContext.log Manager: list: Listing contexts for virtual host 'localhost'
03-Apr-2019 14:55:21.760 INFO [http-nio-8080-exec-75] org.apache.catalina.core.ApplicationContext.log Manager: undeploy: Undeploying web application at '/stories'
03-Apr-2019 14:55:25.163 INFO [http-nio-8080-exec-79] org.apache.catalina.core.ApplicationContext.log Manager: list: Listing contexts for virtual host 'localhost'
03-Apr-2019 14:55:25.168 INFO [http-nio-8080-exec-74] org.apache.catalina.core.ApplicationContext.log Manager: list: Listing contexts for virtual host 'localhost'
03-Apr-2019 14:55:29.436 INFO [http-nio-8080-exec-79] org.apache.catalina.core.ApplicationContext.log Manager: list: Listing contexts for virtual host 'localhost'
03-Apr-2019 14:55:29.441 INFO [http-nio-8080-exec-80] org.apache.catalina.core.ApplicationContext.log Manager: list: Listing contexts for virtual host 'localhost'
03-Apr-2019 14:55:29.455 INFO [http-nio-8080-exec-72] org.apache.catalina.core.ApplicationContext.log Manager: install: Installing context configuration at 'file:/tmp/context6453120022413550284.xml'
03-Apr-2019 14:55:29.724 INFO [http-nio-8080-exec-77] org.apache.catalina.core.ApplicationContext.log Manager: start: Starting web application '/stories'
03-Apr-2019 14:55:59.873 INFO [http-nio-8080-exec-70] org.apache.catalina.core.ApplicationContext.log Manager: list: Listing contexts for virtual host 'localhost'
03-Apr-2019 14:56:00.799 INFO [http-nio-8080-exec-79] org.apache.catalina.core.ApplicationContext.log Manager: list: Listing contexts for virtual host 'localhost'
03-Apr-2019 14:56:00.812 INFO [http-nio-8080-exec-85] org.apache.catalina.core.ApplicationContext.log Manager: undeploy: Undeploying web application at '/stories'
03-Apr-2019 14:56:04.656 INFO [http-nio-8080-exec-84] org.apache.catalina.core.ApplicationContext.log Manager: list: Listing contexts for virtual host 'localhost'
03-Apr-2019 14:56:04.660 INFO [http-nio-8080-exec-88] org.apache.catalina.core.ApplicationContext.log Manager: list: Listing contexts for virtual host 'localhost'
03-Apr-2019 14:56:04.697 INFO [http-nio-8080-exec-82] org.apache.catalina.core.ApplicationContext.log Manager: install: Installing context configuration at 'file:/tmp/context4011100966708989207.xml'
03-Apr-2019 14:56:04.986 INFO [http-nio-8080-exec-86] org.apache.catalina.core.ApplicationContext.log Manager: start: Starting web application '/stories'
03-Apr-2019 14:56:06.480 INFO [http-nio-8080-exec-87] org.apache.catalina.core.ApplicationContext.log Manager: list: Listing contexts for virtual host 'localhost'
03-Apr-2019 14:56:06.483 INFO [http-nio-8080-exec-86] org.apache.catalina.core.ApplicationContext.log Manager: list: Listing contexts for virtual host 'localhost'
03-Apr-2019 14:56:06.492 INFO [http-nio-8080-exec-84] org.apache.catalina.core.ApplicationContext.log Manager: undeploy: Undeploying web application at '/stories'
03-Apr-2019 14:56:07.012 INFO [http-nio-8080-exec-82] org.apache.catalina.core.ApplicationContext.log Manager: install: Installing context configuration at 'file:/tmp/context3519753178728348573.xml'
03-Apr-2019 14:56:07.764 INFO [http-nio-8080-exec-80] org.apache.catalina.core.ApplicationContext.log Manager: start: Starting web application '/stories'
03-Apr-2019 14:57:35.448 INFO [http-nio-8080-exec-99] org.apache.catalina.core.ApplicationContext.log Manager: list: Listing contexts for virtual host 'localhost'
03-Apr-2019 14:57:35.542 INFO [http-nio-8080-exec-93] org.apache.catalina.core.ApplicationContext.log Manager: restart: Reloading web application '/stories'
03-Apr-2019 14:57:36.129 INFO [http-nio-8080-exec-94] org.apache.catalina.core.ApplicationContext.log Manager: list: Listing contexts for virtual host 'localhost'
03-Apr-2019 14:57:36.145 INFO [http-nio-8080-exec-91] org.apache.catalina.core.ApplicationContext.log Manager: undeploy: Undeploying web application at '/stories'
03-Apr-2019 14:57:42.962 INFO [http-nio-8080-exec-96] org.apache.catalina.core.ApplicationContext.log Manager: list: Listing contexts for virtual host 'localhost'
03-Apr-2019 14:57:42.965 INFO [http-nio-8080-exec-102] org.apache.catalina.core.ApplicationContext.log Manager: list: Listing contexts for virtual host 'localhost'
03-Apr-2019 14:57:42.975 INFO [http-nio-8080-exec-100] org.apache.catalina.core.ApplicationContext.log Manager: install: Installing context configuration at 'file:/tmp/context8564350411422501753.xml'
03-Apr-2019 14:57:43.223 INFO [http-nio-8080-exec-94] org.apache.catalina.core.ApplicationContext.log Manager: start: Starting web application '/stories'
03-Apr-2019 14:57:57.082 INFO [http-nio-8080-exec-92] org.apache.catalina.core.ApplicationContext.log Manager: list: Listing contexts for virtual host 'localhost'
03-Apr-2019 14:57:57.098 INFO [http-nio-8080-exec-95] org.apache.catalina.core.ApplicationContext.log Manager: undeploy: Undeploying web application at '/stories'
03-Apr-2019 14:58:29.477 INFO [http-nio-8080-exec-95] org.apache.catalina.core.ApplicationContext.log Manager: list: Listing contexts for virtual host 'localhost'
03-Apr-2019 14:58:29.480 INFO [http-nio-8080-exec-107] org.apache.catalina.core.ApplicationContext.log Manager: list: Listing contexts for virtual host 'localhost'
03-Apr-2019 14:58:29.494 INFO [http-nio-8080-exec-94] org.apache.catalina.core.ApplicationContext.log Manager: install: Installing context configuration at 'file:/tmp/context7183804362949698973.xml'
03-Apr-2019 14:58:29.758 INFO [http-nio-8080-exec-104] org.apache.catalina.core.ApplicationContext.log Manager: start: Starting web application '/stories'
03-Apr-2019 15:00:24.661 INFO [http-nio-8080-exec-111] org.apache.catalina.core.ApplicationContext.log Manager: list: Listing contexts for virtual host 'localhost'
03-Apr-2019 15:00:38.065 INFO [http-nio-8080-exec-106] org.apache.catalina.core.ApplicationContext.log Manager: list: Listing contexts for virtual host 'localhost'
03-Apr-2019 15:00:42.260 INFO [http-nio-8080-exec-106] org.apache.catalina.core.ApplicationContext.log Manager: list: Listing contexts for virtual host 'localhost'
03-Apr-2019 15:00:46.875 INFO [http-nio-8080-exec-108] org.apache.catalina.core.ApplicationContext.log Manager: list: Listing contexts for virtual host 'localhost'
03-Apr-2019 15:01:03.757 INFO [http-nio-8080-exec-107] org.apache.catalina.core.ApplicationContext.log Manager: list: Listing contexts for virtual host 'localhost'
03-Apr-2019 15:01:05.061 INFO [http-nio-8080-exec-111] org.apache.catalina.core.ApplicationContext.log Manager: list: Listing contexts for virtual host 'localhost'
03-Apr-2019 15:01:05.073 INFO [http-nio-8080-exec-114] org.apache.catalina.core.ApplicationContext.log Manager: undeploy: Undeploying web application at '/stories'
03-Apr-2019 15:01:24.277 INFO [http-nio-8080-exec-108] org.apache.catalina.core.ApplicationContext.log Manager: list: Listing contexts for virtual host 'localhost'
03-Apr-2019 15:01:24.679 INFO [http-nio-8080-exec-117] org.apache.catalina.core.ApplicationContext.log Manager: list: Listing contexts for virtual host 'localhost'
03-Apr-2019 15:01:32.436 INFO [http-nio-8080-exec-117] org.apache.catalina.core.ApplicationContext.log Manager: list: Listing contexts for virtual host 'localhost'
03-Apr-2019 15:01:32.441 INFO [http-nio-8080-exec-111] org.apache.catalina.core.ApplicationContext.log Manager: list: Listing contexts for virtual host 'localhost'
03-Apr-2019 15:01:32.450 INFO [http-nio-8080-exec-110] org.apache.catalina.core.ApplicationContext.log Manager: install: Installing context configuration at 'file:/tmp/context8412456314786306868.xml'
03-Apr-2019 15:01:32.671 INFO [http-nio-8080-exec-116] org.apache.catalina.core.ApplicationContext.log Manager: start: Starting web application '/stories'
03-Apr-2019 15:08:43.149 INFO [http-nio-8080-exec-117] org.apache.catalina.core.ApplicationContext.log Manager: list: Listing contexts for virtual host 'localhost'
03-Apr-2019 15:10:21.751 INFO [http-nio-8080-exec-115] org.apache.catalina.core.ApplicationContext.log Manager: list: Listing contexts for virtual host 'localhost'
03-Apr-2019 15:10:22.206 INFO [http-nio-8080-exec-121] org.apache.catalina.core.ApplicationContext.log Manager: list: Listing contexts for virtual host 'localhost'
03-Apr-2019 15:10:22.346 INFO [http-nio-8080-exec-122] org.apache.catalina.core.ApplicationContext.log Manager: restart: Reloading web application '/stories'
03-Apr-2019 15:15:44.336 INFO [http-nio-8080-exec-130] org.apache.catalina.core.ApplicationContext.log Manager: list: Listing contexts for virtual host 'localhost'
03-Apr-2019 15:15:44.411 INFO [http-nio-8080-exec-132] org.apache.catalina.core.ApplicationContext.log Manager: restart: Reloading web application '/stories'
03-Apr-2019 15:15:54.235 INFO [http-nio-8080-exec-128] org.apache.catalina.core.ApplicationContext.log Manager: list: Listing contexts for virtual host 'localhost'
03-Apr-2019 15:15:54.290 INFO [http-nio-8080-exec-129] org.apache.catalina.core.ApplicationContext.log Manager: restart: Reloading web application '/stories'
03-Apr-2019 15:16:12.341 INFO [http-nio-8080-exec-127] org.apache.catalina.core.ApplicationContext.log Manager: list: Listing contexts for virtual host 'localhost'
03-Apr-2019 15:16:12.407 INFO [http-nio-8080-exec-132] org.apache.catalina.core.ApplicationContext.log Manager: restart: Reloading web application '/stories'
03-Apr-2019 15:16:15.643 INFO [http-nio-8080-exec-135] org.apache.catalina.core.ApplicationContext.log Manager: list: Listing contexts for virtual host 'localhost'
03-Apr-2019 15:16:15.698 INFO [http-nio-8080-exec-121] org.apache.catalina.core.ApplicationContext.log Manager: restart: Reloading web application '/stories'
03-Apr-2019 15:16:35.053 INFO [http-nio-8080-exec-136] org.apache.catalina.core.ApplicationContext.log Manager: list: Listing contexts for virtual host 'localhost'
03-Apr-2019 15:16:35.104 INFO [http-nio-8080-exec-137] org.apache.catalina.core.ApplicationContext.log Manager: restart: Reloading web application '/stories'
03-Apr-2019 15:17:08.491 INFO [http-nio-8080-exec-127] org.apache.catalina.core.ApplicationContext.log Manager: list: Listing contexts for virtual host 'localhost'
03-Apr-2019 15:17:08.554 INFO [http-nio-8080-exec-121] org.apache.catalina.core.ApplicationContext.log Manager: restart: Reloading web application '/stories'
03-Apr-2019 15:17:13.702 INFO [http-nio-8080-exec-131] org.apache.catalina.core.ApplicationContext.log Manager: list: Listing contexts for virtual host 'localhost'
03-Apr-2019 15:17:13.755 INFO [http-nio-8080-exec-121] org.apache.catalina.core.ApplicationContext.log Manager: restart: Reloading web application '/stories'
03-Apr-2019 15:17:24.273 INFO [http-nio-8080-exec-121] org.apache.catalina.core.ApplicationContext.log Manager: list: Listing contexts for virtual host 'localhost'
03-Apr-2019 15:17:24.361 INFO [http-nio-8080-exec-127] org.apache.catalina.core.ApplicationContext.log Manager: restart: Reloading web application '/stories'
03-Apr-2019 15:18:09.688 INFO [http-nio-8080-exec-124] org.apache.catalina.core.ApplicationContext.log Manager: list: Listing contexts for virtual host 'localhost'
03-Apr-2019 15:18:09.747 INFO [http-nio-8080-exec-144] org.apache.catalina.core.ApplicationContext.log Manager: restart: Reloading web application '/stories'
03-Apr-2019 15:18:32.312 INFO [http-nio-8080-exec-137] org.apache.catalina.core.ApplicationContext.log Manager: list: Listing contexts for virtual host 'localhost'
03-Apr-2019 15:18:32.373 INFO [http-nio-8080-exec-142] org.apache.catalina.core.ApplicationContext.log Manager: restart: Reloading web application '/stories'
03-Apr-2019 15:18:52.826 INFO [http-nio-8080-exec-146] org.apache.catalina.core.ApplicationContext.log Manager: list: Listing contexts for virtual host 'localhost'
03-Apr-2019 15:18:52.883 INFO [http-nio-8080-exec-145] org.apache.catalina.core.ApplicationContext.log Manager: restart: Reloading web application '/stories'
03-Apr-2019 15:19:01.087 INFO [http-nio-8080-exec-146] org.apache.catalina.core.ApplicationContext.log Manager: list: Listing contexts for virtual host 'localhost'
03-Apr-2019 15:19:01.141 INFO [http-nio-8080-exec-140] org.apache.catalina.core.ApplicationContext.log Manager: restart: Reloading web application '/stories'
03-Apr-2019 15:19:07.837 INFO [http-nio-8080-exec-128] org.apache.catalina.core.ApplicationContext.log Manager: list: Listing contexts for virtual host 'localhost'
03-Apr-2019 15:19:07.897 INFO [http-nio-8080-exec-146] org.apache.catalina.core.ApplicationContext.log Manager: restart: Reloading web application '/stories'
03-Apr-2019 15:19:10.345 INFO [http-nio-8080-exec-147] org.apache.catalina.core.ApplicationContext.log Manager: list: Listing contexts for virtual host 'localhost'
03-Apr-2019 15:19:10.365 INFO [http-nio-8080-exec-146] org.apache.catalina.core.ApplicationContext.log Manager: undeploy: Undeploying web application at '/stories'
03-Apr-2019 15:19:21.512 INFO [http-nio-8080-exec-147] org.apache.catalina.core.ApplicationContext.log Manager: list: Listing contexts for virtual host 'localhost'
03-Apr-2019 15:19:21.515 INFO [http-nio-8080-exec-153] org.apache.catalina.core.ApplicationContext.log Manager: list: Listing contexts for virtual host 'localhost'
03-Apr-2019 15:19:39.015 INFO [http-nio-8080-exec-147] org.apache.catalina.core.ApplicationContext.log Manager: list: Listing contexts for virtual host 'localhost'
03-Apr-2019 15:19:48.276 INFO [http-nio-8080-exec-147] org.apache.catalina.core.ApplicationContext.log Manager: list: Listing contexts for virtual host 'localhost'
03-Apr-2019 15:19:48.287 INFO [http-nio-8080-exec-153] org.apache.catalina.core.ApplicationContext.log Manager: list: Listing contexts for virtual host 'localhost'
03-Apr-2019 15:19:58.630 INFO [http-nio-8080-exec-144] org.apache.catalina.core.ApplicationContext.log Manager: list: Listing contexts for virtual host 'localhost'
03-Apr-2019 15:21:07.041 INFO [http-nio-8080-exec-159] org.apache.catalina.core.ApplicationContext.log Manager: list: Listing contexts for virtual host 'localhost'
03-Apr-2019 15:21:07.677 INFO [http-nio-8080-exec-153] org.apache.catalina.core.ApplicationContext.log Manager: list: Listing contexts for virtual host 'localhost'
03-Apr-2019 15:21:30.339 INFO [http-nio-8080-exec-159] org.apache.catalina.core.ApplicationContext.log Manager: list: Listing contexts for virtual host 'localhost'
03-Apr-2019 15:21:31.042 INFO [http-nio-8080-exec-154] org.apache.catalina.core.ApplicationContext.log Manager: list: Listing contexts for virtual host 'localhost'
03-Apr-2019 15:21:36.387 INFO [http-nio-8080-exec-154] org.apache.catalina.core.ApplicationContext.log Manager: list: Listing contexts for virtual host 'localhost'
03-Apr-2019 15:21:36.390 INFO [http-nio-8080-exec-155] org.apache.catalina.core.ApplicationContext.log Manager: list: Listing contexts for virtual host 'localhost'
03-Apr-2019 15:21:36.405 INFO [http-nio-8080-exec-159] org.apache.catalina.core.ApplicationContext.log Manager: install: Installing context configuration at 'file:/tmp/context6622739821670869012.xml'
03-Apr-2019 15:21:36.632 INFO [http-nio-8080-exec-153] org.apache.catalina.core.ApplicationContext.log Manager: start: Starting web application '/stories'
03-Apr-2019 15:24:12.707 INFO [http-nio-8080-exec-156] org.apache.catalina.core.ApplicationContext.log Manager: list: Listing contexts for virtual host 'localhost'
03-Apr-2019 15:24:14.087 INFO [http-nio-8080-exec-154] org.apache.catalina.core.ApplicationContext.log Manager: list: Listing contexts for virtual host 'localhost'
03-Apr-2019 15:24:14.097 INFO [http-nio-8080-exec-155] org.apache.catalina.core.ApplicationContext.log Manager: undeploy: Undeploying web application at '/stories'
03-Apr-2019 15:24:20.983 INFO [http-nio-8080-exec-157] org.apache.catalina.core.ApplicationContext.log Manager: list: Listing contexts for virtual host 'localhost'
03-Apr-2019 15:24:20.986 INFO [http-nio-8080-exec-161] org.apache.catalina.core.ApplicationContext.log Manager: list: Listing contexts for virtual host 'localhost'
03-Apr-2019 15:24:21.007 INFO [http-nio-8080-exec-160] org.apache.catalina.core.ApplicationContext.log Manager: install: Installing context configuration at 'file:/tmp/context324947230674491718.xml'
03-Apr-2019 15:24:21.249 INFO [http-nio-8080-exec-153] org.apache.catalina.core.ApplicationContext.log Manager: start: Starting web application '/stories'
03-Apr-2019 16:04:25.216 INFO [http-nio-8080-exec-171] org.apache.catalina.core.ApplicationContext.log Manager: list: Listing contexts for virtual host 'localhost'
03-Apr-2019 16:04:25.336 INFO [http-nio-8080-exec-164] org.apache.catalina.core.ApplicationContext.log Manager: restart: Reloading web application '/stories'
03-Apr-2019 16:04:38.392 INFO [http-nio-8080-exec-167] org.apache.catalina.core.ApplicationContext.log Manager: list: Listing contexts for virtual host 'localhost'
03-Apr-2019 16:04:38.461 INFO [http-nio-8080-exec-166] org.apache.catalina.core.ApplicationContext.log Manager: restart: Reloading web application '/stories'
03-Apr-2019 16:04:45.260 INFO [http-nio-8080-exec-166] org.apache.catalina.core.ApplicationContext.log Manager: list: Listing contexts for virtual host 'localhost'
03-Apr-2019 16:04:45.321 INFO [http-nio-8080-exec-163] org.apache.catalina.core.ApplicationContext.log Manager: restart: Reloading web application '/stories'
03-Apr-2019 16:04:46.738 INFO [http-nio-8080-exec-175] org.apache.catalina.core.ApplicationContext.log Manager: list: Listing contexts for virtual host 'localhost'
03-Apr-2019 16:04:46.796 INFO [http-nio-8080-exec-163] org.apache.catalina.core.ApplicationContext.log Manager: restart: Reloading web application '/stories'
03-Apr-2019 16:04:47.150 INFO [http-nio-8080-exec-177] org.apache.catalina.core.ApplicationContext.log Manager: list: Listing contexts for virtual host 'localhost'
03-Apr-2019 16:04:47.168 INFO [http-nio-8080-exec-166] org.apache.catalina.core.ApplicationContext.log Manager: undeploy: Undeploying web application at '/stories'
03-Apr-2019 16:04:54.334 INFO [http-nio-8080-exec-169] org.apache.catalina.core.ApplicationContext.log Manager: list: Listing contexts for virtual host 'localhost'
03-Apr-2019 16:04:54.336 INFO [http-nio-8080-exec-178] org.apache.catalina.core.ApplicationContext.log Manager: list: Listing contexts for virtual host 'localhost'
03-Apr-2019 16:04:54.355 INFO [http-nio-8080-exec-167] org.apache.catalina.core.ApplicationContext.log Manager: install: Installing context configuration at 'file:/tmp/context1092700256317909096.xml'
03-Apr-2019 16:04:54.585 INFO [http-nio-8080-exec-163] org.apache.catalina.core.ApplicationContext.log Manager: start: Starting web application '/stories'
03-Apr-2019 16:07:58.501 INFO [http-nio-8080-exec-179] org.apache.catalina.core.ApplicationContext.log Manager: list: Listing contexts for virtual host 'localhost'
03-Apr-2019 16:07:58.644 INFO [http-nio-8080-exec-185] org.apache.catalina.core.ApplicationContext.log Manager: restart: Reloading web application '/stories'
03-Apr-2019 16:08:24.900 INFO [http-nio-8080-exec-180] org.apache.catalina.core.ApplicationContext.log Manager: list: Listing contexts for virtual host 'localhost'
03-Apr-2019 16:08:24.945 INFO [http-nio-8080-exec-187] org.apache.catalina.core.ApplicationContext.log Manager: restart: Reloading web application '/stories'
03-Apr-2019 16:08:40.941 INFO [http-nio-8080-exec-179] org.apache.catalina.core.ApplicationContext.log Manager: list: Listing contexts for virtual host 'localhost'
03-Apr-2019 16:08:41.003 INFO [http-nio-8080-exec-180] org.apache.catalina.core.ApplicationContext.log Manager: restart: Reloading web application '/stories'
03-Apr-2019 16:08:42.628 INFO [http-nio-8080-exec-189] org.apache.catalina.core.ApplicationContext.log Manager: list: Listing contexts for virtual host 'localhost'
03-Apr-2019 16:08:42.636 INFO [http-nio-8080-exec-188] org.apache.catalina.core.ApplicationContext.log Manager: undeploy: Undeploying web application at '/stories'
03-Apr-2019 16:08:47.905 INFO [http-nio-8080-exec-189] org.apache.catalina.core.ApplicationContext.log Manager: list: Listing contexts for virtual host 'localhost'
03-Apr-2019 16:08:47.908 INFO [http-nio-8080-exec-192] org.apache.catalina.core.ApplicationContext.log Manager: list: Listing contexts for virtual host 'localhost'
03-Apr-2019 16:08:52.427 INFO [http-nio-8080-exec-179] org.apache.catalina.core.ApplicationContext.log Manager: list: Listing contexts for virtual host 'localhost'
03-Apr-2019 16:10:03.618 INFO [http-nio-8080-exec-197] org.apache.catalina.core.ApplicationContext.log Manager: list: Listing contexts for virtual host 'localhost'
03-Apr-2019 16:12:38.128 INFO [http-nio-8080-exec-198] org.apache.catalina.core.ApplicationContext.log Manager: list: Listing contexts for virtual host 'localhost'
03-Apr-2019 16:12:41.737 INFO [http-nio-8080-exec-194] org.apache.catalina.core.ApplicationContext.log Manager: list: Listing contexts for virtual host 'localhost'
03-Apr-2019 16:12:55.573 INFO [http-nio-8080-exec-200] org.apache.catalina.core.ApplicationContext.log Manager: list: Listing contexts for virtual host 'localhost'
03-Apr-2019 16:13:02.583 INFO [http-nio-8080-exec-198] org.apache.catalina.core.ApplicationContext.log Manager: list: Listing contexts for virtual host 'localhost'
03-Apr-2019 16:13:02.588 INFO [http-nio-8080-exec-195] org.apache.catalina.core.ApplicationContext.log Manager: list: Listing contexts for virtual host 'localhost'
03-Apr-2019 16:13:02.609 INFO [http-nio-8080-exec-196] org.apache.catalina.core.ApplicationContext.log Manager: install: Installing context configuration at 'file:/tmp/context4364266544359677105.xml'
03-Apr-2019 16:13:02.820 INFO [http-nio-8080-exec-201] org.apache.catalina.core.ApplicationContext.log Manager: start: Starting web application '/stories'
03-Apr-2019 16:15:33.462 INFO [http-nio-8080-exec-197] org.apache.catalina.core.ApplicationContext.log Manager: list: Listing contexts for virtual host 'localhost'
03-Apr-2019 16:15:33.582 INFO [http-nio-8080-exec-196] org.apache.catalina.core.ApplicationContext.log Manager: restart: Reloading web application '/stories'
03-Apr-2019 16:15:34.040 INFO [http-nio-8080-exec-201] org.apache.catalina.core.ApplicationContext.log Manager: list: Listing contexts for virtual host 'localhost'
03-Apr-2019 16:15:34.048 INFO [http-nio-8080-exec-197] org.apache.catalina.core.ApplicationContext.log Manager: undeploy: Undeploying web application at '/stories'
03-Apr-2019 16:15:41.194 INFO [http-nio-8080-exec-202] org.apache.catalina.core.ApplicationContext.log Manager: list: Listing contexts for virtual host 'localhost'
03-Apr-2019 16:15:41.196 INFO [http-nio-8080-exec-203] org.apache.catalina.core.ApplicationContext.log Manager: list: Listing contexts for virtual host 'localhost'
03-Apr-2019 16:15:41.213 INFO [http-nio-8080-exec-192] org.apache.catalina.core.ApplicationContext.log Manager: install: Installing context configuration at 'file:/tmp/context8819082170936709827.xml'
03-Apr-2019 16:15:41.430 INFO [http-nio-8080-exec-200] org.apache.catalina.core.ApplicationContext.log Manager: start: Starting web application '/stories'
03-Apr-2019 16:16:23.616 INFO [http-nio-8080-exec-201] org.apache.catalina.core.ApplicationContext.log Manager: list: Listing contexts for virtual host 'localhost'
03-Apr-2019 16:16:40.961 INFO [http-nio-8080-exec-201] org.apache.catalina.core.ApplicationContext.log Manager: list: Listing contexts for virtual host 'localhost'
03-Apr-2019 16:16:40.969 INFO [http-nio-8080-exec-208] org.apache.catalina.core.ApplicationContext.log Manager: undeploy: Undeploying web application at '/stories'
03-Apr-2019 16:16:43.741 INFO [http-nio-8080-exec-209] org.apache.catalina.core.ApplicationContext.log Manager: list: Listing contexts for virtual host 'localhost'
03-Apr-2019 16:16:43.744 INFO [http-nio-8080-exec-208] org.apache.catalina.core.ApplicationContext.log Manager: list: Listing contexts for virtual host 'localhost'
03-Apr-2019 16:16:48.283 INFO [http-nio-8080-exec-203] org.apache.catalina.core.ApplicationContext.log Manager: list: Listing contexts for virtual host 'localhost'
03-Apr-2019 16:16:48.285 INFO [http-nio-8080-exec-212] org.apache.catalina.core.ApplicationContext.log Manager: list: Listing contexts for virtual host 'localhost'
03-Apr-2019 16:16:48.297 INFO [http-nio-8080-exec-204] org.apache.catalina.core.ApplicationContext.log Manager: install: Installing context configuration at 'file:/tmp/context5442256724311780414.xml'
03-Apr-2019 16:16:48.528 INFO [http-nio-8080-exec-205] org.apache.catalina.core.ApplicationContext.log Manager: start: Starting web application '/stories'
03-Apr-2019 16:17:05.672 INFO [http-nio-8080-exec-205] org.apache.catalina.core.ApplicationContext.log Manager: list: Listing contexts for virtual host 'localhost'
03-Apr-2019 16:17:05.680 INFO [http-nio-8080-exec-212] org.apache.catalina.core.ApplicationContext.log Manager: undeploy: Undeploying web application at '/stories'
03-Apr-2019 16:17:12.195 INFO [http-nio-8080-exec-205] org.apache.catalina.core.ApplicationContext.log Manager: list: Listing contexts for virtual host 'localhost'
03-Apr-2019 16:17:12.198 INFO [http-nio-8080-exec-204] org.apache.catalina.core.ApplicationContext.log Manager: list: Listing contexts for virtual host 'localhost'
03-Apr-2019 16:17:12.207 INFO [http-nio-8080-exec-209] org.apache.catalina.core.ApplicationContext.log Manager: install: Installing context configuration at 'file:/tmp/context4923771121337670253.xml'
03-Apr-2019 16:17:12.420 INFO [http-nio-8080-exec-203] org.apache.catalina.core.ApplicationContext.log Manager: start: Starting web application '/stories'
03-Apr-2019 16:17:42.318 INFO [http-nio-8080-exec-221] org.apache.catalina.core.ApplicationContext.log Manager: list: Listing contexts for virtual host 'localhost'
03-Apr-2019 16:17:42.424 INFO [http-nio-8080-exec-219] org.apache.catalina.core.ApplicationContext.log Manager: restart: Reloading web application '/stories'
03-Apr-2019 16:17:45.086 INFO [http-nio-8080-exec-218] org.apache.catalina.core.ApplicationContext.log Manager: list: Listing contexts for virtual host 'localhost'
03-Apr-2019 16:17:45.100 INFO [http-nio-8080-exec-221] org.apache.catalina.core.ApplicationContext.log Manager: undeploy: Undeploying web application at '/stories'
03-Apr-2019 16:17:50.545 INFO [http-nio-8080-exec-221] org.apache.catalina.core.ApplicationContext.log Manager: list: Listing contexts for virtual host 'localhost'
03-Apr-2019 16:17:50.548 INFO [http-nio-8080-exec-220] org.apache.catalina.core.ApplicationContext.log Manager: list: Listing contexts for virtual host 'localhost'
03-Apr-2019 16:17:50.560 INFO [http-nio-8080-exec-213] org.apache.catalina.core.ApplicationContext.log Manager: install: Installing context configuration at 'file:/tmp/context5775333548043377181.xml'
03-Apr-2019 16:17:50.770 INFO [http-nio-8080-exec-218] org.apache.catalina.core.ApplicationContext.log Manager: start: Starting web application '/stories'
03-Apr-2019 16:18:30.933 INFO [http-nio-8080-exec-218] org.apache.catalina.core.ApplicationContext.log Manager: list: Listing contexts for virtual host 'localhost'
03-Apr-2019 16:20:40.939 INFO [http-nio-8080-exec-8] org.apache.catalina.core.ApplicationContext.log Manager: init: Associated with Deployer 'Catalina:type=Deployer,host=localhost'
03-Apr-2019 16:20:40.939 INFO [http-nio-8080-exec-8] org.apache.catalina.core.ApplicationContext.log Manager: init: Global resources are available
03-Apr-2019 16:20:40.940 INFO [http-nio-8080-exec-8] org.apache.catalina.core.ApplicationContext.log Manager: list: Listing contexts for virtual host 'localhost'
03-Apr-2019 16:20:40.958 INFO [http-nio-8080-exec-10] org.apache.catalina.core.ApplicationContext.log Manager: list: Listing contexts for virtual host 'localhost'
03-Apr-2019 16:20:40.979 INFO [http-nio-8080-exec-3] org.apache.catalina.core.ApplicationContext.log Manager: undeploy: Undeploying web application at '/stories'
03-Apr-2019 16:20:41.556 INFO [http-nio-8080-exec-10] org.apache.catalina.core.ApplicationContext.log Manager: install: Installing context configuration at 'file:/tmp/context2725714518715124013.xml'
03-Apr-2019 16:20:41.865 INFO [http-nio-8080-exec-8] org.apache.catalina.core.ApplicationContext.log Manager: start: Starting web application '/stories'
03-Apr-2019 16:32:19.013 INFO [http-nio-8080-exec-16] org.apache.catalina.core.ApplicationContext.log Manager: list: Listing contexts for virtual host 'localhost'
03-Apr-2019 16:32:19.026 INFO [http-nio-8080-exec-20] org.apache.catalina.core.ApplicationContext.log Manager: undeploy: Undeploying web application at '/stories'
03-Apr-2019 16:32:23.180 INFO [http-nio-8080-exec-13] org.apache.catalina.core.ApplicationContext.log Manager: list: Listing contexts for virtual host 'localhost'
03-Apr-2019 16:32:23.187 INFO [http-nio-8080-exec-17] org.apache.catalina.core.ApplicationContext.log Manager: list: Listing contexts for virtual host 'localhost'
03-Apr-2019 16:32:27.462 INFO [http-nio-8080-exec-13] org.apache.catalina.core.ApplicationContext.log Manager: list: Listing contexts for virtual host 'localhost'
03-Apr-2019 16:32:27.467 INFO [http-nio-8080-exec-11] org.apache.catalina.core.ApplicationContext.log Manager: list: Listing contexts for virtual host 'localhost'
03-Apr-2019 16:32:27.476 INFO [http-nio-8080-exec-22] org.apache.catalina.core.ApplicationContext.log Manager: install: Installing context configuration at 'file:/tmp/context753339279373122336.xml'
03-Apr-2019 16:32:27.725 INFO [http-nio-8080-exec-16] org.apache.catalina.core.ApplicationContext.log Manager: start: Starting web application '/stories'
03-Apr-2019 16:32:38.349 INFO [http-nio-8080-exec-25] org.apache.catalina.core.ApplicationContext.log Manager: list: Listing contexts for virtual host 'localhost'
03-Apr-2019 16:32:38.358 INFO [http-nio-8080-exec-22] org.apache.catalina.core.ApplicationContext.log Manager: list: Listing contexts for virtual host 'localhost'
03-Apr-2019 16:32:38.372 INFO [http-nio-8080-exec-24] org.apache.catalina.core.ApplicationContext.log Manager: undeploy: Undeploying web application at '/stories'
03-Apr-2019 16:32:38.890 INFO [http-nio-8080-exec-17] org.apache.catalina.core.ApplicationContext.log Manager: install: Installing context configuration at 'file:/tmp/context2940220518601044200.xml'
03-Apr-2019 16:32:39.122 INFO [http-nio-8080-exec-16] org.apache.catalina.core.ApplicationContext.log Manager: start: Starting web application '/stories'
